<?xml version="1.0" encoding="utf-8"?>
<CoverageSession xmlns:xsd="http://www.w3.org/2001/XMLSchema" xmlns:xsi="http://www.w3.org/2001/XMLSchema-instance" Version="0.0.0.0">
  <Summary numSequencePoints="0" visitedSequencePoints="0" numBranchPoints="0" visitedBranchPoints="0" sequenceCoverage="0" branchCoverage="0" maxCyclomaticComplexity="0" minCyclomaticComplexity="0" maxCrapScore="0" minCrapScore="0" visitedClasses="0" numClasses="0" visitedMethods="0" numMethods="0" />
  <Modules>
    <Module>
      <Summary numSequencePoints="0" visitedSequencePoints="0" numBranchPoints="0" visitedBranchPoints="0" sequenceCoverage="0" branchCoverage="0" maxCyclomaticComplexity="0" minCyclomaticComplexity="0" maxCrapScore="0" minCrapScore="0" visitedClasses="0" numClasses="0" visitedMethods="0" numMethods="0" />
      <ModuleTime>0001-01-01T00:00:00</ModuleTime>
      <ModuleName>SpeckleUnity</ModuleName>
      <Files>
        <File uid="1" fullPath="H:\Git\SpeckleUnity\SpeckleUnity\Assets\SpeckleUnity\Runtime\Scripts\Clients\SpeckleUnityClient.cs" />
        <File uid="2" fullPath="H:\Git\SpeckleUnity\SpeckleUnity\Assets\SpeckleUnity\Runtime\Scripts\Clients\SpeckleUnityReceiver.cs" />
        <File uid="3" fullPath="H:\Git\SpeckleUnity\SpeckleUnity\Assets\SpeckleUnity\Runtime\Scripts\Clients\SpeckleUnitySender.cs" />
        <File uid="4" fullPath="H:\Git\SpeckleUnity\SpeckleUnity\Assets\SpeckleUnity\Runtime\Scripts\Clients\Web Sockets\SpeckleUnityUpdate.cs" />
        <File uid="5" fullPath="H:\Git\SpeckleUnity\SpeckleUnity\Assets\SpeckleUnity\Runtime\Scripts\ColorByType.cs" />
        <File uid="6" fullPath="H:\Git\SpeckleUnity\SpeckleUnity\Assets\SpeckleUnity\Runtime\Scripts\Conversion\SpeckleUnityClasses.cs" />
        <File uid="7" fullPath="H:\Git\SpeckleUnity\SpeckleUnity\Assets\SpeckleUnity\Runtime\Scripts\Conversion\SpeckleUnityConverter.cs" />
        <File uid="8" fullPath="H:\Git\SpeckleUnity\SpeckleUnity\Assets\SpeckleUnity\Runtime\Scripts\SpeckleUnityManager.cs" />
      </Files>
      <Classes>
        <Class>
          <Summary numSequencePoints="0" visitedSequencePoints="0" numBranchPoints="0" visitedBranchPoints="0" sequenceCoverage="0" branchCoverage="0" maxCyclomaticComplexity="0" minCyclomaticComplexity="0" maxCrapScore="0" minCrapScore="0" visitedClasses="0" numClasses="0" visitedMethods="0" numMethods="0" />
          <FullName>SpeckleUnity.SpeckleUnityClient</FullName>
          <Methods>
            <Method visited="false" cyclomaticComplexity="0" nPathComplexity="0" sequenceCoverage="0.0" branchCoverage="0" crapScore="0" isConstructor="false" isStatic="false" isGetter="false" isSetter="false">
              <Summary numSequencePoints="0" visitedSequencePoints="0" numBranchPoints="0" visitedBranchPoints="0" sequenceCoverage="0.0" branchCoverage="0" maxCyclomaticComplexity="0" minCyclomaticComplexity="0" maxCrapScore="0" minCrapScore="0" visitedClasses="0" numClasses="0" visitedMethods="0" numMethods="0" />
              <MetadataToken>100663297</MetadataToken>
              <Name>System.Void SpeckleUnity.SpeckleUnityClient::RegisterClient()</Name>
              <FileRef uid="1" />
              <SequencePoints>
                <SequencePoint vc="0" uspid="569" ordinal="0" offset="0" sl="40" sc="0" el="40" ec="0" bec="0" bev="0" fileid="1" />
                <SequencePoint vc="0" uspid="570" ordinal="0" offset="1" sl="41" sc="0" el="41" ec="0" bec="0" bev="0" fileid="1" />
                <SequencePoint vc="0" uspid="571" ordinal="0" offset="26" sl="42" sc="0" el="42" ec="0" bec="0" bev="0" fileid="1" />
                <SequencePoint vc="0" uspid="572" ordinal="0" offset="51" sl="43" sc="0" el="43" ec="0" bec="0" bev="0" fileid="1" />
                <SequencePoint vc="0" uspid="573" ordinal="0" offset="76" sl="44" sc="0" el="44" ec="0" bec="0" bev="0" fileid="1" />
                <SequencePoint vc="0" uspid="574" ordinal="0" offset="101" sl="45" sc="0" el="45" ec="0" bec="0" bev="0" fileid="1" />
              </SequencePoints>
              <BranchPoints />
            </Method>
            <Method visited="false" cyclomaticComplexity="0" nPathComplexity="0" sequenceCoverage="0.0" branchCoverage="0" crapScore="0" isConstructor="false" isStatic="false" isGetter="false" isSetter="false">
              <Summary numSequencePoints="0" visitedSequencePoints="0" numBranchPoints="0" visitedBranchPoints="0" sequenceCoverage="0.0" branchCoverage="0" maxCyclomaticComplexity="0" minCyclomaticComplexity="0" maxCrapScore="0" minCrapScore="0" visitedClasses="0" numClasses="0" visitedMethods="0" numMethods="0" />
              <MetadataToken>100663298</MetadataToken>
              <Name>System.Void SpeckleUnity.SpeckleUnityClient::UnregisterClient()</Name>
              <FileRef uid="1" />
              <SequencePoints>
                <SequencePoint vc="0" uspid="575" ordinal="0" offset="0" sl="53" sc="0" el="53" ec="0" bec="0" bev="0" fileid="1" />
                <SequencePoint vc="0" uspid="576" ordinal="0" offset="1" sl="54" sc="0" el="54" ec="0" bec="0" bev="0" fileid="1" />
                <SequencePoint vc="0" uspid="577" ordinal="0" offset="26" sl="55" sc="0" el="55" ec="0" bec="0" bev="0" fileid="1" />
                <SequencePoint vc="0" uspid="578" ordinal="0" offset="51" sl="56" sc="0" el="56" ec="0" bec="0" bev="0" fileid="1" />
                <SequencePoint vc="0" uspid="579" ordinal="0" offset="76" sl="57" sc="0" el="57" ec="0" bec="0" bev="0" fileid="1" />
                <SequencePoint vc="0" uspid="580" ordinal="0" offset="101" sl="59" sc="0" el="59" ec="0" bec="0" bev="0" fileid="1" />
                <SequencePoint vc="0" uspid="581" ordinal="0" offset="114" sl="60" sc="0" el="60" ec="0" bec="0" bev="0" fileid="1" />
              </SequencePoints>
              <BranchPoints />
            </Method>
            <Method visited="false" cyclomaticComplexity="0" nPathComplexity="0" sequenceCoverage="0.0" branchCoverage="0" crapScore="0" isConstructor="false" isStatic="false" isGetter="false" isSetter="false">
              <Summary numSequencePoints="0" visitedSequencePoints="0" numBranchPoints="0" visitedBranchPoints="0" sequenceCoverage="0.0" branchCoverage="0" maxCyclomaticComplexity="0" minCyclomaticComplexity="0" maxCrapScore="0" minCrapScore="0" visitedClasses="0" numClasses="0" visitedMethods="0" numMethods="0" />
              <MetadataToken>100663300</MetadataToken>
              <Name>System.Void SpeckleUnity.SpeckleUnityClient::ClientOnReady(System.Object, SpeckleCore.SpeckleEventArgs)</Name>
              <FileRef uid="1" />
              <SequencePoints>
                <SequencePoint vc="0" uspid="582" ordinal="0" offset="0" sl="80" sc="0" el="80" ec="0" bec="0" bev="0" fileid="1" />
                <SequencePoint vc="0" uspid="583" ordinal="0" offset="1" sl="83" sc="0" el="83" ec="0" bec="0" bev="0" fileid="1" />
              </SequencePoints>
              <BranchPoints />
            </Method>
            <Method visited="false" cyclomaticComplexity="0" nPathComplexity="0" sequenceCoverage="0.0" branchCoverage="0" crapScore="0" isConstructor="false" isStatic="false" isGetter="false" isSetter="false">
              <Summary numSequencePoints="0" visitedSequencePoints="0" numBranchPoints="0" visitedBranchPoints="0" sequenceCoverage="0.0" branchCoverage="0" maxCyclomaticComplexity="0" minCyclomaticComplexity="0" maxCrapScore="0" minCrapScore="0" visitedClasses="0" numClasses="0" visitedMethods="0" numMethods="0" />
              <MetadataToken>100663301</MetadataToken>
              <Name>System.Void SpeckleUnity.SpeckleUnityClient::ClientOnLogData(System.Object, SpeckleCore.SpeckleEventArgs)</Name>
              <FileRef uid="1" />
              <SequencePoints>
                <SequencePoint vc="0" uspid="584" ordinal="0" offset="0" sl="92" sc="0" el="92" ec="0" bec="0" bev="0" fileid="1" />
                <SequencePoint vc="0" uspid="585" ordinal="0" offset="1" sl="94" sc="0" el="94" ec="0" bec="0" bev="0" fileid="1" />
              </SequencePoints>
              <BranchPoints />
            </Method>
            <Method visited="false" cyclomaticComplexity="0" nPathComplexity="0" sequenceCoverage="0.0" branchCoverage="0" crapScore="0" isConstructor="false" isStatic="false" isGetter="false" isSetter="false">
              <Summary numSequencePoints="0" visitedSequencePoints="0" numBranchPoints="0" visitedBranchPoints="0" sequenceCoverage="0.0" branchCoverage="0" maxCyclomaticComplexity="0" minCyclomaticComplexity="0" maxCrapScore="0" minCrapScore="0" visitedClasses="0" numClasses="0" visitedMethods="0" numMethods="0" />
              <MetadataToken>100663302</MetadataToken>
              <Name>System.Void SpeckleUnity.SpeckleUnityClient::ClientOnWsMessage(System.Object, SpeckleCore.SpeckleEventArgs)</Name>
              <FileRef uid="1" />
              <SequencePoints>
                <SequencePoint vc="0" uspid="586" ordinal="0" offset="0" sl="103" sc="0" el="103" ec="0" bec="0" bev="0" fileid="1" />
                <SequencePoint vc="0" uspid="587" ordinal="0" offset="1" sl="105" sc="0" el="105" ec="0" bec="0" bev="0" fileid="1" />
              </SequencePoints>
              <BranchPoints />
            </Method>
            <Method visited="false" cyclomaticComplexity="0" nPathComplexity="0" sequenceCoverage="0.0" branchCoverage="0" crapScore="0" isConstructor="false" isStatic="false" isGetter="false" isSetter="false">
              <Summary numSequencePoints="0" visitedSequencePoints="0" numBranchPoints="0" visitedBranchPoints="0" sequenceCoverage="0.0" branchCoverage="0" maxCyclomaticComplexity="0" minCyclomaticComplexity="0" maxCrapScore="0" minCrapScore="0" visitedClasses="0" numClasses="0" visitedMethods="0" numMethods="0" />
              <MetadataToken>100663303</MetadataToken>
              <Name>System.Void SpeckleUnity.SpeckleUnityClient::ClientOnError(System.Object, SpeckleCore.SpeckleEventArgs)</Name>
              <FileRef uid="1" />
              <SequencePoints>
                <SequencePoint vc="0" uspid="588" ordinal="0" offset="0" sl="114" sc="0" el="114" ec="0" bec="0" bev="0" fileid="1" />
                <SequencePoint vc="0" uspid="589" ordinal="0" offset="1" sl="115" sc="0" el="115" ec="0" bec="0" bev="0" fileid="1" />
                <SequencePoint vc="0" uspid="590" ordinal="0" offset="23" sl="116" sc="0" el="116" ec="0" bec="0" bev="0" fileid="1" />
              </SequencePoints>
              <BranchPoints />
            </Method>
          </Methods>
        </Class>
        <Class>
          <Summary numSequencePoints="0" visitedSequencePoints="0" numBranchPoints="0" visitedBranchPoints="0" sequenceCoverage="0" branchCoverage="0" maxCyclomaticComplexity="0" minCyclomaticComplexity="0" maxCrapScore="0" minCrapScore="0" visitedClasses="0" numClasses="0" visitedMethods="0" numMethods="0" />
          <FullName>SpeckleUnity.SpeckleUnityReceiver</FullName>
          <Methods>
            <Method visited="false" cyclomaticComplexity="0" nPathComplexity="0" sequenceCoverage="0.0" branchCoverage="0" crapScore="0" isConstructor="false" isStatic="false" isGetter="false" isSetter="false">
              <Summary numSequencePoints="0" visitedSequencePoints="0" numBranchPoints="0" visitedBranchPoints="0" sequenceCoverage="0.0" branchCoverage="0" maxCyclomaticComplexity="0" minCyclomaticComplexity="0" maxCrapScore="0" minCrapScore="0" visitedClasses="0" numClasses="0" visitedMethods="0" numMethods="0" />
              <MetadataToken>100663307</MetadataToken>
              <Name>System.Void SpeckleUnity.SpeckleUnityReceiver::ClientOnWsMessage(System.Object, SpeckleCore.SpeckleEventArgs)</Name>
              <FileRef uid="2" />
              <SequencePoints>
                <SequencePoint vc="0" uspid="591" ordinal="0" offset="0" sl="119" sc="0" el="119" ec="0" bec="0" bev="0" fileid="2" />
                <SequencePoint vc="0" uspid="592" ordinal="0" offset="1" sl="120" sc="0" el="120" ec="0" bec="0" bev="0" fileid="2" />
                <SequencePoint vc="0" uspid="593" ordinal="0" offset="9" sl="120" sc="0" el="120" ec="0" bec="0" bev="0" fileid="2" />
                <SequencePoint vc="0" uspid="594" ordinal="0" offset="11" sl="123" sc="0" el="123" ec="0" bec="0" bev="0" fileid="2" />
                <SequencePoint vc="0" uspid="595" ordinal="0" offset="23" sl="126" sc="0" el="126" ec="0" bec="0" bev="0" fileid="2" />
                <SequencePoint vc="0" uspid="596" ordinal="0" offset="30" sl="127" sc="0" el="127" ec="0" bec="0" bev="0" fileid="2" />
                <SequencePoint vc="0" uspid="597" ordinal="0" offset="47" sl="130" sc="0" el="130" ec="0" bec="0" bev="0" fileid="2" />
              </SequencePoints>
              <BranchPoints />
            </Method>
            <Method visited="false" cyclomaticComplexity="0" nPathComplexity="0" sequenceCoverage="0.0" branchCoverage="0" crapScore="0" isConstructor="false" isStatic="false" isGetter="false" isSetter="false">
              <Summary numSequencePoints="0" visitedSequencePoints="0" numBranchPoints="0" visitedBranchPoints="0" sequenceCoverage="0.0" branchCoverage="0" maxCyclomaticComplexity="0" minCyclomaticComplexity="0" maxCrapScore="0" minCrapScore="0" visitedClasses="0" numClasses="0" visitedMethods="0" numMethods="0" />
              <MetadataToken>100663308</MetadataToken>
              <Name>System.Void SpeckleUnity.SpeckleUnityReceiver::OnWsMessageCheck()</Name>
              <FileRef uid="2" />
              <SequencePoints>
                <SequencePoint vc="0" uspid="598" ordinal="0" offset="0" sl="138" sc="0" el="138" ec="0" bec="0" bev="0" fileid="2" />
                <SequencePoint vc="0" uspid="599" ordinal="0" offset="1" sl="140" sc="0" el="140" ec="0" bec="0" bev="0" fileid="2" />
                <SequencePoint vc="0" uspid="600" ordinal="0" offset="14" sl="141" sc="0" el="141" ec="0" bec="0" bev="0" fileid="2" />
                <SequencePoint vc="0" uspid="601" ordinal="0" offset="15" sl="142" sc="0" el="142" ec="0" bec="0" bev="0" fileid="2" />
                <SequencePoint vc="0" uspid="602" ordinal="0" offset="22" sl="143" sc="0" el="143" ec="0" bec="0" bev="0" fileid="2" />
                <SequencePoint vc="0" uspid="603" ordinal="0" offset="50" sl="145" sc="0" el="145" ec="0" bec="0" bev="0" fileid="2" />
                <SequencePoint vc="0" uspid="604" ordinal="0" offset="124" sl="148" sc="0" el="148" ec="0" bec="0" bev="0" fileid="2" />
                <SequencePoint vc="0" uspid="605" ordinal="0" offset="131" sl="149" sc="0" el="149" ec="0" bec="0" bev="0" fileid="2" />
                <SequencePoint vc="0" uspid="606" ordinal="0" offset="133" sl="152" sc="0" el="152" ec="0" bec="0" bev="0" fileid="2" />
                <SequencePoint vc="0" uspid="607" ordinal="0" offset="135" sl="155" sc="0" el="155" ec="0" bec="0" bev="0" fileid="2" />
                <SequencePoint vc="0" uspid="608" ordinal="0" offset="137" sl="157" sc="0" el="157" ec="0" bec="0" bev="0" fileid="2" />
                <SequencePoint vc="0" uspid="609" ordinal="0" offset="139" sl="160" sc="0" el="160" ec="0" bec="0" bev="0" fileid="2" />
                <SequencePoint vc="0" uspid="610" ordinal="0" offset="141" sl="162" sc="0" el="162" ec="0" bec="0" bev="0" fileid="2" />
                <SequencePoint vc="0" uspid="611" ordinal="0" offset="143" sl="164" sc="0" el="164" ec="0" bec="0" bev="0" fileid="2" />
                <SequencePoint vc="0" uspid="612" ordinal="0" offset="144" sl="165" sc="0" el="165" ec="0" bec="0" bev="0" fileid="2" />
              </SequencePoints>
              <BranchPoints />
            </Method>
            <Method visited="false" cyclomaticComplexity="0" nPathComplexity="0" sequenceCoverage="0.0" branchCoverage="0" crapScore="0" isConstructor="false" isStatic="false" isGetter="false" isSetter="false">
              <Summary numSequencePoints="0" visitedSequencePoints="0" numBranchPoints="0" visitedBranchPoints="0" sequenceCoverage="0.0" branchCoverage="0" maxCyclomaticComplexity="0" minCyclomaticComplexity="0" maxCrapScore="0" minCrapScore="0" visitedClasses="0" numClasses="0" visitedMethods="0" numMethods="0" />
              <MetadataToken>100663311</MetadataToken>
              <Name>System.Void SpeckleUnity.SpeckleUnityReceiver::ConstructLayers()</Name>
              <FileRef uid="2" />
              <SequencePoints>
                <SequencePoint vc="0" uspid="613" ordinal="0" offset="0" sl="277" sc="0" el="277" ec="0" bec="0" bev="0" fileid="2" />
                <SequencePoint vc="0" uspid="614" ordinal="0" offset="1" sl="278" sc="0" el="278" ec="0" bec="0" bev="0" fileid="2" />
                <SequencePoint vc="0" uspid="615" ordinal="0" offset="18" sl="280" sc="0" el="280" ec="0" bec="0" bev="0" fileid="2" />
                <SequencePoint vc="0" uspid="616" ordinal="0" offset="25" sl="281" sc="0" el="281" ec="0" bec="0" bev="0" fileid="2" />
                <SequencePoint vc="0" uspid="617" ordinal="0" offset="26" sl="282" sc="0" el="282" ec="0" bec="0" bev="0" fileid="2" />
                <SequencePoint vc="0" uspid="618" ordinal="0" offset="37" sl="286" sc="0" el="286" ec="0" bec="0" bev="0" fileid="2" />
                <SequencePoint vc="0" uspid="619" ordinal="0" offset="66" sl="287" sc="0" el="287" ec="0" bec="0" bev="0" fileid="2" />
                <SequencePoint vc="0" uspid="620" ordinal="0" offset="67" sl="288" sc="0" el="288" ec="0" bec="0" bev="0" fileid="2" />
                <SequencePoint vc="0" uspid="621" ordinal="0" offset="86" sl="289" sc="0" el="289" ec="0" bec="0" bev="0" fileid="2" />
                <SequencePoint vc="0" uspid="622" ordinal="0" offset="99" sl="290" sc="0" el="290" ec="0" bec="0" bev="0" fileid="2" />
                <SequencePoint vc="0" uspid="623" ordinal="0" offset="102" sl="292" sc="0" el="292" ec="0" bec="0" bev="0" fileid="2" />
                <SequencePoint vc="0" uspid="624" ordinal="0" offset="103" sl="293" sc="0" el="293" ec="0" bec="0" bev="0" fileid="2" />
                <SequencePoint vc="0" uspid="625" ordinal="0" offset="137" sl="295" sc="0" el="295" ec="0" bec="0" bev="0" fileid="2" />
                <SequencePoint vc="0" uspid="626" ordinal="0" offset="153" sl="297" sc="0" el="297" ec="0" bec="0" bev="0" fileid="2" />
                <SequencePoint vc="0" uspid="627" ordinal="0" offset="184" sl="298" sc="0" el="298" ec="0" bec="0" bev="0" fileid="2" />
                <SequencePoint vc="0" uspid="628" ordinal="0" offset="185" sl="300" sc="0" el="300" ec="0" bec="0" bev="0" fileid="2" />
                <SequencePoint vc="0" uspid="629" ordinal="0" offset="205" sl="301" sc="0" el="301" ec="0" bec="0" bev="0" fileid="2" />
                <SequencePoint vc="0" uspid="630" ordinal="0" offset="206" sl="280" sc="0" el="280" ec="0" bec="0" bev="0" fileid="2" />
                <SequencePoint vc="0" uspid="631" ordinal="0" offset="210" sl="280" sc="0" el="280" ec="0" bec="0" bev="0" fileid="2" />
                <SequencePoint vc="0" uspid="632" ordinal="0" offset="228" sl="302" sc="0" el="302" ec="0" bec="0" bev="0" fileid="2" />
              </SequencePoints>
              <BranchPoints />
            </Method>
            <Method visited="false" cyclomaticComplexity="0" nPathComplexity="0" sequenceCoverage="0.0" branchCoverage="0" crapScore="0" isConstructor="false" isStatic="false" isGetter="false" isSetter="false">
              <Summary numSequencePoints="0" visitedSequencePoints="0" numBranchPoints="0" visitedBranchPoints="0" sequenceCoverage="0.0" branchCoverage="0" maxCyclomaticComplexity="0" minCyclomaticComplexity="0" maxCrapScore="0" minCrapScore="0" visitedClasses="0" numClasses="0" visitedMethods="0" numMethods="0" />
              <MetadataToken>100663312</MetadataToken>
              <Name>UnityEngine.Transform SpeckleUnity.SpeckleUnityReceiver::FindParentInHierarchy(System.String[])</Name>
              <FileRef uid="2" />
              <SequencePoints>
                <SequencePoint vc="0" uspid="633" ordinal="0" offset="0" sl="313" sc="0" el="313" ec="0" bec="0" bev="0" fileid="2" />
                <SequencePoint vc="0" uspid="634" ordinal="0" offset="1" sl="314" sc="0" el="314" ec="0" bec="0" bev="0" fileid="2" />
                <SequencePoint vc="0" uspid="635" ordinal="0" offset="3" sl="315" sc="0" el="315" ec="0" bec="0" bev="0" fileid="2" />
                <SequencePoint vc="0" uspid="636" ordinal="0" offset="12" sl="317" sc="0" el="317" ec="0" bec="0" bev="0" fileid="2" />
                <SequencePoint vc="0" uspid="637" ordinal="0" offset="13" sl="318" sc="0" el="318" ec="0" bec="0" bev="0" fileid="2" />
                <SequencePoint vc="0" uspid="638" ordinal="0" offset="17" sl="319" sc="0" el="319" ec="0" bec="0" bev="0" fileid="2" />
                <SequencePoint vc="0" uspid="639" ordinal="0" offset="18" sl="320" sc="0" el="320" ec="0" bec="0" bev="0" fileid="2" />
                <SequencePoint vc="0" uspid="640" ordinal="0" offset="42" sl="321" sc="0" el="321" ec="0" bec="0" bev="0" fileid="2" />
                <SequencePoint vc="0" uspid="641" ordinal="0" offset="43" sl="322" sc="0" el="322" ec="0" bec="0" bev="0" fileid="2" />
                <SequencePoint vc="0" uspid="642" ordinal="0" offset="51" sl="323" sc="0" el="323" ec="0" bec="0" bev="0" fileid="2" />
                <SequencePoint vc="0" uspid="643" ordinal="0" offset="55" sl="324" sc="0" el="324" ec="0" bec="0" bev="0" fileid="2" />
                <SequencePoint vc="0" uspid="644" ordinal="0" offset="57" sl="326" sc="0" el="326" ec="0" bec="0" bev="0" fileid="2" />
                <SequencePoint vc="0" uspid="645" ordinal="0" offset="58" sl="318" sc="0" el="318" ec="0" bec="0" bev="0" fileid="2" />
                <SequencePoint vc="0" uspid="646" ordinal="0" offset="62" sl="318" sc="0" el="318" ec="0" bec="0" bev="0" fileid="2" />
                <SequencePoint vc="0" uspid="647" ordinal="0" offset="77" sl="327" sc="0" el="327" ec="0" bec="0" bev="0" fileid="2" />
                <SequencePoint vc="0" uspid="648" ordinal="0" offset="78" sl="316" sc="0" el="316" ec="0" bec="0" bev="0" fileid="2" />
                <SequencePoint vc="0" uspid="649" ordinal="0" offset="90" sl="329" sc="0" el="329" ec="0" bec="0" bev="0" fileid="2" />
                <SequencePoint vc="0" uspid="650" ordinal="0" offset="95" sl="330" sc="0" el="330" ec="0" bec="0" bev="0" fileid="2" />
              </SequencePoints>
              <BranchPoints />
            </Method>
            <Method visited="false" cyclomaticComplexity="0" nPathComplexity="0" sequenceCoverage="0.0" branchCoverage="0" crapScore="0" isConstructor="false" isStatic="false" isGetter="false" isSetter="false">
              <Summary numSequencePoints="0" visitedSequencePoints="0" numBranchPoints="0" visitedBranchPoints="0" sequenceCoverage="0.0" branchCoverage="0" maxCyclomaticComplexity="0" minCyclomaticComplexity="0" maxCrapScore="0" minCrapScore="0" visitedClasses="0" numClasses="0" visitedMethods="0" numMethods="0" />
              <MetadataToken>100663313</MetadataToken>
              <Name>System.Void SpeckleUnity.SpeckleUnityReceiver::PostProcessObject(System.Object, System.Int32)</Name>
              <FileRef uid="2" />
              <SequencePoints>
                <SequencePoint vc="0" uspid="651" ordinal="0" offset="0" sl="341" sc="0" el="341" ec="0" bec="0" bev="0" fileid="2" />
                <SequencePoint vc="0" uspid="652" ordinal="0" offset="1" sl="342" sc="0" el="342" ec="0" bec="0" bev="0" fileid="2" />
                <SequencePoint vc="0" uspid="653" ordinal="0" offset="19" sl="343" sc="0" el="343" ec="0" bec="0" bev="0" fileid="2" />
                <SequencePoint vc="0" uspid="654" ordinal="0" offset="20" sl="345" sc="0" el="345" ec="0" bec="0" bev="0" fileid="2" />
                <SequencePoint vc="0" uspid="655" ordinal="0" offset="60" sl="348" sc="0" el="348" ec="0" bec="0" bev="0" fileid="2" />
                <SequencePoint vc="0" uspid="656" ordinal="0" offset="77" sl="350" sc="0" el="350" ec="0" bec="0" bev="0" fileid="2" />
                <SequencePoint vc="0" uspid="657" ordinal="0" offset="84" sl="351" sc="0" el="351" ec="0" bec="0" bev="0" fileid="2" />
                <SequencePoint vc="0" uspid="658" ordinal="0" offset="85" sl="352" sc="0" el="352" ec="0" bec="0" bev="0" fileid="2" />
                <SequencePoint vc="0" uspid="659" ordinal="0" offset="230" sl="353" sc="0" el="353" ec="0" bec="0" bev="0" fileid="2" />
                <SequencePoint vc="0" uspid="660" ordinal="0" offset="231" sl="354" sc="0" el="354" ec="0" bec="0" bev="0" fileid="2" />
                <SequencePoint vc="0" uspid="661" ordinal="0" offset="266" sl="355" sc="0" el="355" ec="0" bec="0" bev="0" fileid="2" />
                <SequencePoint vc="0" uspid="662" ordinal="0" offset="268" sl="357" sc="0" el="357" ec="0" bec="0" bev="0" fileid="2" />
                <SequencePoint vc="0" uspid="663" ordinal="0" offset="269" sl="350" sc="0" el="350" ec="0" bec="0" bev="0" fileid="2" />
                <SequencePoint vc="0" uspid="664" ordinal="0" offset="273" sl="350" sc="0" el="350" ec="0" bec="0" bev="0" fileid="2" />
                <SequencePoint vc="0" uspid="665" ordinal="0" offset="291" sl="359" sc="0" el="359" ec="0" bec="0" bev="0" fileid="2" />
                <SequencePoint vc="0" uspid="666" ordinal="0" offset="314" sl="361" sc="0" el="361" ec="0" bec="0" bev="0" fileid="2" />
                <SequencePoint vc="0" uspid="667" ordinal="0" offset="371" sl="362" sc="0" el="362" ec="0" bec="0" bev="0" fileid="2" />
                <SequencePoint vc="0" uspid="668" ordinal="0" offset="372" sl="363" sc="0" el="363" ec="0" bec="0" bev="0" fileid="2" />
              </SequencePoints>
              <BranchPoints />
            </Method>
            <Method visited="false" cyclomaticComplexity="0" nPathComplexity="0" sequenceCoverage="0.0" branchCoverage="0" crapScore="0" isConstructor="false" isStatic="false" isGetter="false" isSetter="false">
              <Summary numSequencePoints="0" visitedSequencePoints="0" numBranchPoints="0" visitedBranchPoints="0" sequenceCoverage="0.0" branchCoverage="0" maxCyclomaticComplexity="0" minCyclomaticComplexity="0" maxCrapScore="0" minCrapScore="0" visitedClasses="0" numClasses="0" visitedMethods="0" numMethods="0" />
              <MetadataToken>100663314</MetadataToken>
              <Name>System.Void SpeckleUnity.SpeckleUnityReceiver::ReApplyRenderingRule()</Name>
              <FileRef uid="2" />
              <SequencePoints>
                <SequencePoint vc="0" uspid="669" ordinal="0" offset="0" sl="369" sc="0" el="369" ec="0" bec="0" bev="0" fileid="2" />
                <SequencePoint vc="0" uspid="670" ordinal="0" offset="1" sl="370" sc="0" el="370" ec="0" bec="0" bev="0" fileid="2" />
                <SequencePoint vc="0" uspid="671" ordinal="0" offset="5" sl="371" sc="0" el="371" ec="0" bec="0" bev="0" fileid="2" />
                <SequencePoint vc="0" uspid="672" ordinal="0" offset="6" sl="372" sc="0" el="372" ec="0" bec="0" bev="0" fileid="2" />
                <SequencePoint vc="0" uspid="673" ordinal="0" offset="32" sl="373" sc="0" el="373" ec="0" bec="0" bev="0" fileid="2" />
                <SequencePoint vc="0" uspid="674" ordinal="0" offset="33" sl="374" sc="0" el="374" ec="0" bec="0" bev="0" fileid="2" />
                <SequencePoint vc="0" uspid="675" ordinal="0" offset="90" sl="375" sc="0" el="375" ec="0" bec="0" bev="0" fileid="2" />
                <SequencePoint vc="0" uspid="676" ordinal="0" offset="91" sl="376" sc="0" el="376" ec="0" bec="0" bev="0" fileid="2" />
                <SequencePoint vc="0" uspid="677" ordinal="0" offset="92" sl="370" sc="0" el="370" ec="0" bec="0" bev="0" fileid="2" />
                <SequencePoint vc="0" uspid="678" ordinal="0" offset="96" sl="370" sc="0" el="370" ec="0" bec="0" bev="0" fileid="2" />
                <SequencePoint vc="0" uspid="679" ordinal="0" offset="114" sl="377" sc="0" el="377" ec="0" bec="0" bev="0" fileid="2" />
              </SequencePoints>
              <BranchPoints />
            </Method>
            <Method visited="false" cyclomaticComplexity="0" nPathComplexity="0" sequenceCoverage="0.0" branchCoverage="0" crapScore="0" isConstructor="false" isStatic="false" isGetter="false" isSetter="false">
              <Summary numSequencePoints="0" visitedSequencePoints="0" numBranchPoints="0" visitedBranchPoints="0" sequenceCoverage="0.0" branchCoverage="0" maxCyclomaticComplexity="0" minCyclomaticComplexity="0" maxCrapScore="0" minCrapScore="0" visitedClasses="0" numClasses="0" visitedMethods="0" numMethods="0" />
              <MetadataToken>100663315</MetadataToken>
              <Name>System.Void SpeckleUnity.SpeckleUnityReceiver::RemoveContents()</Name>
              <FileRef uid="2" />
              <SequencePoints>
                <SequencePoint vc="0" uspid="680" ordinal="0" offset="0" sl="383" sc="0" el="383" ec="0" bec="0" bev="0" fileid="2" />
                <SequencePoint vc="0" uspid="681" ordinal="0" offset="1" sl="384" sc="0" el="384" ec="0" bec="0" bev="0" fileid="2" />
                <SequencePoint vc="0" uspid="682" ordinal="0" offset="17" sl="385" sc="0" el="385" ec="0" bec="0" bev="0" fileid="2" />
                <SequencePoint vc="0" uspid="683" ordinal="0" offset="18" sl="387" sc="0" el="387" ec="0" bec="0" bev="0" fileid="2" />
                <SequencePoint vc="0" uspid="684" ordinal="0" offset="22" sl="388" sc="0" el="388" ec="0" bec="0" bev="0" fileid="2" />
                <SequencePoint vc="0" uspid="685" ordinal="0" offset="23" sl="389" sc="0" el="389" ec="0" bec="0" bev="0" fileid="2" />
                <SequencePoint vc="0" uspid="686" ordinal="0" offset="41" sl="390" sc="0" el="390" ec="0" bec="0" bev="0" fileid="2" />
                <SequencePoint vc="0" uspid="687" ordinal="0" offset="42" sl="387" sc="0" el="387" ec="0" bec="0" bev="0" fileid="2" />
                <SequencePoint vc="0" uspid="688" ordinal="0" offset="46" sl="387" sc="0" el="387" ec="0" bec="0" bev="0" fileid="2" />
                <SequencePoint vc="0" uspid="689" ordinal="0" offset="64" sl="391" sc="0" el="391" ec="0" bec="0" bev="0" fileid="2" />
                <SequencePoint vc="0" uspid="690" ordinal="0" offset="65" sl="393" sc="0" el="393" ec="0" bec="0" bev="0" fileid="2" />
                <SequencePoint vc="0" uspid="691" ordinal="0" offset="77" sl="394" sc="0" el="394" ec="0" bec="0" bev="0" fileid="2" />
              </SequencePoints>
              <BranchPoints />
            </Method>
            <Method visited="false" cyclomaticComplexity="0" nPathComplexity="0" sequenceCoverage="0.0" branchCoverage="0" crapScore="0" isConstructor="true" isStatic="false" isGetter="false" isSetter="false">
              <Summary numSequencePoints="0" visitedSequencePoints="0" numBranchPoints="0" visitedBranchPoints="0" sequenceCoverage="0.0" branchCoverage="0" maxCyclomaticComplexity="0" minCyclomaticComplexity="0" maxCrapScore="0" minCrapScore="0" visitedClasses="0" numClasses="0" visitedMethods="0" numMethods="0" />
              <MetadataToken>100663305</MetadataToken>
              <Name>SpeckleUnity.SpeckleUnityReceiver::SpeckleUnityReceiver(System.String, UnityEngine.Transform)</Name>
              <FileRef uid="2" />
              <SequencePoints>
                <SequencePoint vc="0" uspid="692" ordinal="0" offset="0" sl="24" sc="0" el="24" ec="0" bec="0" bev="0" fileid="2" />
                <SequencePoint vc="0" uspid="693" ordinal="0" offset="7" sl="42" sc="0" el="42" ec="0" bec="0" bev="0" fileid="2" />
                <SequencePoint vc="0" uspid="694" ordinal="0" offset="18" sl="48" sc="0" el="48" ec="0" bec="0" bev="0" fileid="2" />
                <SequencePoint vc="0" uspid="695" ordinal="0" offset="29" sl="67" sc="0" el="67" ec="0" bec="0" bev="0" fileid="2" />
                <SequencePoint vc="0" uspid="696" ordinal="0" offset="36" sl="68" sc="0" el="68" ec="0" bec="0" bev="0" fileid="2" />
                <SequencePoint vc="0" uspid="697" ordinal="0" offset="37" sl="69" sc="0" el="69" ec="0" bec="0" bev="0" fileid="2" />
                <SequencePoint vc="0" uspid="698" ordinal="0" offset="44" sl="70" sc="0" el="70" ec="0" bec="0" bev="0" fileid="2" />
                <SequencePoint vc="0" uspid="699" ordinal="0" offset="51" sl="71" sc="0" el="71" ec="0" bec="0" bev="0" fileid="2" />
              </SequencePoints>
              <BranchPoints />
            </Method>
          </Methods>
        </Class>
        <Class>
          <Summary numSequencePoints="0" visitedSequencePoints="0" numBranchPoints="0" visitedBranchPoints="0" sequenceCoverage="0" branchCoverage="0" maxCyclomaticComplexity="0" minCyclomaticComplexity="0" maxCrapScore="0" minCrapScore="0" visitedClasses="0" numClasses="0" visitedMethods="0" numMethods="0" />
          <FullName>SpeckleUnity.SpeckleUnitySender</FullName>
          <Methods>
            <Method visited="false" cyclomaticComplexity="0" nPathComplexity="0" sequenceCoverage="0.0" branchCoverage="0" crapScore="0" isConstructor="false" isStatic="false" isGetter="false" isSetter="false">
              <Summary numSequencePoints="0" visitedSequencePoints="0" numBranchPoints="0" visitedBranchPoints="0" sequenceCoverage="0.0" branchCoverage="0" maxCyclomaticComplexity="0" minCyclomaticComplexity="0" maxCrapScore="0" minCrapScore="0" visitedClasses="0" numClasses="0" visitedMethods="0" numMethods="0" />
              <MetadataToken>100663316</MetadataToken>
              <Name>System.Threading.Tasks.Task SpeckleUnity.SpeckleUnitySender::InitializeClient(SpeckleUnity.SpeckleUnityManager, System.String, System.String)</Name>
              <FileRef uid="3" />
              <SequencePoints>
                <SequencePoint vc="0" uspid="700" ordinal="0" offset="0" sl="28" sc="0" el="28" ec="0" bec="0" bev="0" fileid="3" />
                <SequencePoint vc="0" uspid="701" ordinal="0" offset="1" sl="29" sc="0" el="29" ec="0" bec="0" bev="0" fileid="3" />
              </SequencePoints>
              <BranchPoints />
            </Method>
          </Methods>
        </Class>
        <Class>
          <Summary numSequencePoints="0" visitedSequencePoints="0" numBranchPoints="0" visitedBranchPoints="0" sequenceCoverage="0" branchCoverage="0" maxCyclomaticComplexity="0" minCyclomaticComplexity="0" maxCrapScore="0" minCrapScore="0" visitedClasses="0" numClasses="0" visitedMethods="0" numMethods="0" />
          <FullName>SpeckleUnity.SpeckleUnityUpdate</FullName>
          <Methods>
            <Method visited="false" cyclomaticComplexity="0" nPathComplexity="0" sequenceCoverage="0.0" branchCoverage="0" crapScore="0" isConstructor="true" isStatic="false" isGetter="false" isSetter="false">
              <Summary numSequencePoints="0" visitedSequencePoints="0" numBranchPoints="0" visitedBranchPoints="0" sequenceCoverage="0.0" branchCoverage="0" maxCyclomaticComplexity="0" minCyclomaticComplexity="0" maxCrapScore="0" minCrapScore="0" visitedClasses="0" numClasses="0" visitedMethods="0" numMethods="0" />
              <MetadataToken>100663318</MetadataToken>
              <Name>SpeckleUnity.SpeckleUnityUpdate::SpeckleUnityUpdate(System.String, UnityEngine.Transform, SpeckleUnity.UpdateType)</Name>
              <FileRef uid="4" />
              <SequencePoints>
                <SequencePoint vc="0" uspid="702" ordinal="0" offset="0" sl="36" sc="0" el="36" ec="0" bec="0" bev="0" fileid="4" />
                <SequencePoint vc="0" uspid="703" ordinal="0" offset="7" sl="37" sc="0" el="37" ec="0" bec="0" bev="0" fileid="4" />
                <SequencePoint vc="0" uspid="704" ordinal="0" offset="8" sl="38" sc="0" el="38" ec="0" bec="0" bev="0" fileid="4" />
                <SequencePoint vc="0" uspid="705" ordinal="0" offset="15" sl="39" sc="0" el="39" ec="0" bec="0" bev="0" fileid="4" />
                <SequencePoint vc="0" uspid="706" ordinal="0" offset="22" sl="40" sc="0" el="40" ec="0" bec="0" bev="0" fileid="4" />
                <SequencePoint vc="0" uspid="707" ordinal="0" offset="29" sl="41" sc="0" el="41" ec="0" bec="0" bev="0" fileid="4" />
              </SequencePoints>
              <BranchPoints />
            </Method>
          </Methods>
        </Class>
        <Class>
          <Summary numSequencePoints="0" visitedSequencePoints="0" numBranchPoints="0" visitedBranchPoints="0" sequenceCoverage="0" branchCoverage="0" maxCyclomaticComplexity="0" minCyclomaticComplexity="0" maxCrapScore="0" minCrapScore="0" visitedClasses="0" numClasses="0" visitedMethods="0" numMethods="0" />
          <FullName>SpeckleUnity.ColorByType</FullName>
          <Methods>
            <Method visited="false" cyclomaticComplexity="0" nPathComplexity="0" sequenceCoverage="0.0" branchCoverage="0" crapScore="0" isConstructor="false" isStatic="false" isGetter="false" isSetter="false">
              <Summary numSequencePoints="0" visitedSequencePoints="0" numBranchPoints="0" visitedBranchPoints="0" sequenceCoverage="0.0" branchCoverage="0" maxCyclomaticComplexity="0" minCyclomaticComplexity="0" maxCrapScore="0" minCrapScore="0" visitedClasses="0" numClasses="0" visitedMethods="0" numMethods="0" />
              <MetadataToken>100663322</MetadataToken>
              <Name>System.Void SpeckleUnity.ColorByType::ApplyRuleToObject(UnityEngine.Renderer, SpeckleCore.SpeckleObject, UnityEngine.MaterialPropertyBlock)</Name>
              <FileRef uid="5" />
              <SequencePoints>
                <SequencePoint vc="0" uspid="708" ordinal="0" offset="0" sl="52" sc="0" el="52" ec="0" bec="0" bev="0" fileid="5" />
                <SequencePoint vc="0" uspid="709" ordinal="0" offset="1" sl="55" sc="0" el="55" ec="0" bec="0" bev="0" fileid="5" />
                <SequencePoint vc="0" uspid="710" ordinal="0" offset="19" sl="55" sc="0" el="55" ec="0" bec="0" bev="0" fileid="5" />
                <SequencePoint vc="0" uspid="711" ordinal="0" offset="31" sl="57" sc="0" el="57" ec="0" bec="0" bev="0" fileid="5" />
                <SequencePoint vc="0" uspid="712" ordinal="0" offset="55" sl="58" sc="0" el="58" ec="0" bec="0" bev="0" fileid="5" />
                <SequencePoint vc="0" uspid="713" ordinal="0" offset="56" sl="59" sc="0" el="59" ec="0" bec="0" bev="0" fileid="5" />
                <SequencePoint vc="0" uspid="714" ordinal="0" offset="83" sl="61" sc="0" el="61" ec="0" bec="0" bev="0" fileid="5" />
                <SequencePoint vc="0" uspid="715" ordinal="0" offset="102" sl="62" sc="0" el="62" ec="0" bec="0" bev="0" fileid="5" />
                <SequencePoint vc="0" uspid="716" ordinal="0" offset="126" sl="63" sc="0" el="63" ec="0" bec="0" bev="0" fileid="5" />
                <SequencePoint vc="0" uspid="717" ordinal="0" offset="129" sl="65" sc="0" el="65" ec="0" bec="0" bev="0" fileid="5" />
                <SequencePoint vc="0" uspid="718" ordinal="0" offset="130" sl="66" sc="0" el="66" ec="0" bec="0" bev="0" fileid="5" />
                <SequencePoint vc="0" uspid="719" ordinal="0" offset="150" sl="67" sc="0" el="67" ec="0" bec="0" bev="0" fileid="5" />
                <SequencePoint vc="0" uspid="720" ordinal="0" offset="151" sl="69" sc="0" el="69" ec="0" bec="0" bev="0" fileid="5" />
                <SequencePoint vc="0" uspid="721" ordinal="0" offset="165" sl="70" sc="0" el="70" ec="0" bec="0" bev="0" fileid="5" />
                <SequencePoint vc="0" uspid="722" ordinal="0" offset="173" sl="72" sc="0" el="72" ec="0" bec="0" bev="0" fileid="5" />
                <SequencePoint vc="0" uspid="723" ordinal="0" offset="186" sl="73" sc="0" el="73" ec="0" bec="0" bev="0" fileid="5" />
                <SequencePoint vc="0" uspid="724" ordinal="0" offset="199" sl="74" sc="0" el="74" ec="0" bec="0" bev="0" fileid="5" />
              </SequencePoints>
              <BranchPoints />
            </Method>
            <Method visited="false" cyclomaticComplexity="0" nPathComplexity="0" sequenceCoverage="0.0" branchCoverage="0" crapScore="0" isConstructor="true" isStatic="false" isGetter="false" isSetter="false">
              <Summary numSequencePoints="0" visitedSequencePoints="0" numBranchPoints="0" visitedBranchPoints="0" sequenceCoverage="0.0" branchCoverage="0" maxCyclomaticComplexity="0" minCyclomaticComplexity="0" maxCrapScore="0" minCrapScore="0" visitedClasses="0" numClasses="0" visitedMethods="0" numMethods="0" />
              <MetadataToken>100663323</MetadataToken>
              <Name>SpeckleUnity.ColorByType::ColorByType()</Name>
              <FileRef uid="5" />
              <SequencePoints>
                <SequencePoint vc="0" uspid="725" ordinal="0" offset="0" sl="23" sc="3" el="23" ec="3" bec="0" bev="0" fileid="5" />
                <SequencePoint vc="0" uspid="726" ordinal="0" offset="11" sl="28" sc="3" el="28" ec="3" bec="0" bev="0" fileid="5" />
                <SequencePoint vc="0" uspid="727" ordinal="0" offset="18" sl="33" sc="3" el="33" ec="3" bec="0" bev="0" fileid="5" />
                <SequencePoint vc="0" uspid="728" ordinal="0" offset="25" sl="38" sc="3" el="38" ec="3" bec="0" bev="0" fileid="5" />
                <SequencePoint vc="0" uspid="729" ordinal="0" offset="36" sl="43" sc="3" el="43" ec="3" bec="0" bev="0" fileid="5" />
              </SequencePoints>
              <BranchPoints />
            </Method>
          </Methods>
        </Class>
        <Class>
          <Summary numSequencePoints="0" visitedSequencePoints="0" numBranchPoints="0" visitedBranchPoints="0" sequenceCoverage="0" branchCoverage="0" maxCyclomaticComplexity="0" minCyclomaticComplexity="0" maxCrapScore="0" minCrapScore="0" visitedClasses="0" numClasses="0" visitedMethods="0" numMethods="0" />
          <FullName>SpeckleUnity.ColorKey</FullName>
          <Methods>
            <Method visited="false" cyclomaticComplexity="0" nPathComplexity="0" sequenceCoverage="0.0" branchCoverage="0" crapScore="0" isConstructor="true" isStatic="false" isGetter="false" isSetter="false">
              <Summary numSequencePoints="0" visitedSequencePoints="0" numBranchPoints="0" visitedBranchPoints="0" sequenceCoverage="0.0" branchCoverage="0" maxCyclomaticComplexity="0" minCyclomaticComplexity="0" maxCrapScore="0" minCrapScore="0" visitedClasses="0" numClasses="0" visitedMethods="0" numMethods="0" />
              <MetadataToken>100663324</MetadataToken>
              <Name>SpeckleUnity.ColorKey::ColorKey(System.String, UnityEngine.Color)</Name>
              <FileRef uid="5" />
              <SequencePoints>
                <SequencePoint vc="0" uspid="730" ordinal="0" offset="0" sl="98" sc="0" el="98" ec="0" bec="0" bev="0" fileid="5" />
                <SequencePoint vc="0" uspid="731" ordinal="0" offset="7" sl="99" sc="0" el="99" ec="0" bec="0" bev="0" fileid="5" />
                <SequencePoint vc="0" uspid="732" ordinal="0" offset="8" sl="100" sc="0" el="100" ec="0" bec="0" bev="0" fileid="5" />
                <SequencePoint vc="0" uspid="733" ordinal="0" offset="15" sl="101" sc="0" el="101" ec="0" bec="0" bev="0" fileid="5" />
                <SequencePoint vc="0" uspid="734" ordinal="0" offset="22" sl="102" sc="0" el="102" ec="0" bec="0" bev="0" fileid="5" />
              </SequencePoints>
              <BranchPoints />
            </Method>
          </Methods>
        </Class>
        <Class>
          <Summary numSequencePoints="0" visitedSequencePoints="0" numBranchPoints="0" visitedBranchPoints="0" sequenceCoverage="0" branchCoverage="0" maxCyclomaticComplexity="0" minCyclomaticComplexity="0" maxCrapScore="0" minCrapScore="0" visitedClasses="0" numClasses="0" visitedMethods="0" numMethods="0" />
          <FullName>SpeckleUnity.SpeckleUnityObject</FullName>
          <Methods>
            <Method visited="false" cyclomaticComplexity="0" nPathComplexity="0" sequenceCoverage="0.0" branchCoverage="0" crapScore="0" isConstructor="false" isStatic="false" isGetter="false" isSetter="false">
              <Summary numSequencePoints="0" visitedSequencePoints="0" numBranchPoints="0" visitedBranchPoints="0" sequenceCoverage="0.0" branchCoverage="0" maxCyclomaticComplexity="0" minCyclomaticComplexity="0" maxCrapScore="0" minCrapScore="0" visitedClasses="0" numClasses="0" visitedMethods="0" numMethods="0" />
              <MetadataToken>100663331</MetadataToken>
              <Name>System.Void SpeckleUnity.SpeckleUnityObject::OnValueChanged()</Name>
              <FileRef uid="6" />
              <SequencePoints>
                <SequencePoint vc="0" uspid="735" ordinal="0" offset="0" sl="32" sc="0" el="32" ec="0" bec="0" bev="0" fileid="6" />
                <SequencePoint vc="0" uspid="736" ordinal="0" offset="1" sl="33" sc="0" el="33" ec="0" bec="0" bev="0" fileid="6" />
                <SequencePoint vc="0" uspid="737" ordinal="0" offset="20" sl="34" sc="0" el="34" ec="0" bec="0" bev="0" fileid="6" />
              </SequencePoints>
              <BranchPoints />
            </Method>
          </Methods>
        </Class>
        <Class>
          <Summary numSequencePoints="0" visitedSequencePoints="0" numBranchPoints="0" visitedBranchPoints="0" sequenceCoverage="0" branchCoverage="0" maxCyclomaticComplexity="0" minCyclomaticComplexity="0" maxCrapScore="0" minCrapScore="0" visitedClasses="0" numClasses="0" visitedMethods="0" numMethods="0" />
          <FullName>SpeckleUnity.SpeckleUnityGeometry</FullName>
          <Methods>
            <Method visited="false" cyclomaticComplexity="0" nPathComplexity="0" sequenceCoverage="0.0" branchCoverage="0" crapScore="0" isConstructor="true" isStatic="false" isGetter="false" isSetter="false">
              <Summary numSequencePoints="0" visitedSequencePoints="0" numBranchPoints="0" visitedBranchPoints="0" sequenceCoverage="0.0" branchCoverage="0" maxCyclomaticComplexity="0" minCyclomaticComplexity="0" maxCrapScore="0" minCrapScore="0" visitedClasses="0" numClasses="0" visitedMethods="0" numMethods="0" />
              <MetadataToken>100663333</MetadataToken>
              <Name>SpeckleUnity.SpeckleUnityGeometry::SpeckleUnityGeometry()</Name>
              <FileRef uid="6" />
              <SequencePoints>
                <SequencePoint vc="0" uspid="738" ordinal="0" offset="0" sl="57" sc="0" el="57" ec="0" bec="0" bev="0" fileid="6" />
                <SequencePoint vc="0" uspid="739" ordinal="0" offset="7" sl="58" sc="0" el="58" ec="0" bec="0" bev="0" fileid="6" />
                <SequencePoint vc="0" uspid="740" ordinal="0" offset="8" sl="59" sc="0" el="59" ec="0" bec="0" bev="0" fileid="6" />
                <SequencePoint vc="0" uspid="741" ordinal="0" offset="19" sl="61" sc="0" el="61" ec="0" bec="0" bev="0" fileid="6" />
              </SequencePoints>
              <BranchPoints />
            </Method>
          </Methods>
        </Class>
        <Class>
          <Summary numSequencePoints="0" visitedSequencePoints="0" numBranchPoints="0" visitedBranchPoints="0" sequenceCoverage="0" branchCoverage="0" maxCyclomaticComplexity="0" minCyclomaticComplexity="0" maxCrapScore="0" minCrapScore="0" visitedClasses="0" numClasses="0" visitedMethods="0" numMethods="0" />
          <FullName>SpeckleUnity.SpeckleUnityMesh</FullName>
          <Methods>
            <Method visited="false" cyclomaticComplexity="0" nPathComplexity="0" sequenceCoverage="0.0" branchCoverage="0" crapScore="0" isConstructor="true" isStatic="false" isGetter="false" isSetter="false">
              <Summary numSequencePoints="0" visitedSequencePoints="0" numBranchPoints="0" visitedBranchPoints="0" sequenceCoverage="0.0" branchCoverage="0" maxCyclomaticComplexity="0" minCyclomaticComplexity="0" maxCrapScore="0" minCrapScore="0" visitedClasses="0" numClasses="0" visitedMethods="0" numMethods="0" />
              <MetadataToken>100663334</MetadataToken>
              <Name>SpeckleUnity.SpeckleUnityMesh::SpeckleUnityMesh(System.String, UnityEngine.Vector3[], System.Int32[])</Name>
              <FileRef uid="6" />
              <SequencePoints>
                <SequencePoint vc="0" uspid="742" ordinal="0" offset="0" sl="81" sc="0" el="81" ec="0" bec="0" bev="0" fileid="6" />
                <SequencePoint vc="0" uspid="743" ordinal="0" offset="7" sl="82" sc="0" el="82" ec="0" bec="0" bev="0" fileid="6" />
                <SequencePoint vc="0" uspid="744" ordinal="0" offset="8" sl="83" sc="0" el="83" ec="0" bec="0" bev="0" fileid="6" />
                <SequencePoint vc="0" uspid="745" ordinal="0" offset="21" sl="85" sc="0" el="85" ec="0" bec="0" bev="0" fileid="6" />
                <SequencePoint vc="0" uspid="746" ordinal="0" offset="47" sl="86" sc="0" el="86" ec="0" bec="0" bev="0" fileid="6" />
                <SequencePoint vc="0" uspid="747" ordinal="0" offset="64" sl="88" sc="0" el="88" ec="0" bec="0" bev="0" fileid="6" />
                <SequencePoint vc="0" uspid="748" ordinal="0" offset="72" sl="89" sc="0" el="89" ec="0" bec="0" bev="0" fileid="6" />
                <SequencePoint vc="0" uspid="749" ordinal="0" offset="80" sl="90" sc="0" el="90" ec="0" bec="0" bev="0" fileid="6" />
                <SequencePoint vc="0" uspid="750" ordinal="0" offset="87" sl="91" sc="0" el="91" ec="0" bec="0" bev="0" fileid="6" />
                <SequencePoint vc="0" uspid="751" ordinal="0" offset="94" sl="94" sc="0" el="94" ec="0" bec="0" bev="0" fileid="6" />
                <SequencePoint vc="0" uspid="752" ordinal="0" offset="106" sl="95" sc="0" el="95" ec="0" bec="0" bev="0" fileid="6" />
                <SequencePoint vc="0" uspid="753" ordinal="0" offset="114" sl="96" sc="0" el="96" ec="0" bec="0" bev="0" fileid="6" />
              </SequencePoints>
              <BranchPoints />
            </Method>
          </Methods>
        </Class>
        <Class>
          <Summary numSequencePoints="0" visitedSequencePoints="0" numBranchPoints="0" visitedBranchPoints="0" sequenceCoverage="0" branchCoverage="0" maxCyclomaticComplexity="0" minCyclomaticComplexity="0" maxCrapScore="0" minCrapScore="0" visitedClasses="0" numClasses="0" visitedMethods="0" numMethods="0" />
          <FullName>SpeckleUnity.SpeckleUnityPolyline</FullName>
          <Methods>
            <Method visited="false" cyclomaticComplexity="0" nPathComplexity="0" sequenceCoverage="0.0" branchCoverage="0" crapScore="0" isConstructor="true" isStatic="false" isGetter="false" isSetter="false">
              <Summary numSequencePoints="0" visitedSequencePoints="0" numBranchPoints="0" visitedBranchPoints="0" sequenceCoverage="0.0" branchCoverage="0" maxCyclomaticComplexity="0" minCyclomaticComplexity="0" maxCrapScore="0" minCrapScore="0" visitedClasses="0" numClasses="0" visitedMethods="0" numMethods="0" />
              <MetadataToken>100663335</MetadataToken>
              <Name>SpeckleUnity.SpeckleUnityPolyline::SpeckleUnityPolyline(System.String, UnityEngine.Vector3[])</Name>
              <FileRef uid="6" />
              <SequencePoints>
                <SequencePoint vc="0" uspid="754" ordinal="0" offset="0" sl="115" sc="0" el="115" ec="0" bec="0" bev="0" fileid="6" />
                <SequencePoint vc="0" uspid="755" ordinal="0" offset="7" sl="116" sc="0" el="116" ec="0" bec="0" bev="0" fileid="6" />
                <SequencePoint vc="0" uspid="756" ordinal="0" offset="8" sl="117" sc="0" el="117" ec="0" bec="0" bev="0" fileid="6" />
                <SequencePoint vc="0" uspid="757" ordinal="0" offset="21" sl="120" sc="0" el="120" ec="0" bec="0" bev="0" fileid="6" />
                <SequencePoint vc="0" uspid="758" ordinal="0" offset="47" sl="121" sc="0" el="121" ec="0" bec="0" bev="0" fileid="6" />
                <SequencePoint vc="0" uspid="759" ordinal="0" offset="62" sl="122" sc="0" el="122" ec="0" bec="0" bev="0" fileid="6" />
                <SequencePoint vc="0" uspid="760" ordinal="0" offset="75" sl="123" sc="0" el="123" ec="0" bec="0" bev="0" fileid="6" />
                <SequencePoint vc="0" uspid="761" ordinal="0" offset="88" sl="124" sc="0" el="124" ec="0" bec="0" bev="0" fileid="6" />
                <SequencePoint vc="0" uspid="762" ordinal="0" offset="105" sl="125" sc="0" el="125" ec="0" bec="0" bev="0" fileid="6" />
                <SequencePoint vc="0" uspid="763" ordinal="0" offset="122" sl="126" sc="0" el="126" ec="0" bec="0" bev="0" fileid="6" />
              </SequencePoints>
              <BranchPoints />
            </Method>
          </Methods>
        </Class>
        <Class>
          <Summary numSequencePoints="0" visitedSequencePoints="0" numBranchPoints="0" visitedBranchPoints="0" sequenceCoverage="0" branchCoverage="0" maxCyclomaticComplexity="0" minCyclomaticComplexity="0" maxCrapScore="0" minCrapScore="0" visitedClasses="0" numClasses="0" visitedMethods="0" numMethods="0" />
          <FullName>SpeckleUnity.SpeckleUnityPoint</FullName>
          <Methods>
            <Method visited="false" cyclomaticComplexity="0" nPathComplexity="0" sequenceCoverage="0.0" branchCoverage="0" crapScore="0" isConstructor="true" isStatic="false" isGetter="false" isSetter="false">
              <Summary numSequencePoints="0" visitedSequencePoints="0" numBranchPoints="0" visitedBranchPoints="0" sequenceCoverage="0.0" branchCoverage="0" maxCyclomaticComplexity="0" minCyclomaticComplexity="0" maxCrapScore="0" minCrapScore="0" visitedClasses="0" numClasses="0" visitedMethods="0" numMethods="0" />
              <MetadataToken>100663336</MetadataToken>
              <Name>SpeckleUnity.SpeckleUnityPoint::SpeckleUnityPoint(System.String, UnityEngine.Vector3)</Name>
              <FileRef uid="6" />
              <SequencePoints>
                <SequencePoint vc="0" uspid="764" ordinal="0" offset="0" sl="151" sc="0" el="151" ec="0" bec="0" bev="0" fileid="6" />
                <SequencePoint vc="0" uspid="765" ordinal="0" offset="7" sl="152" sc="0" el="152" ec="0" bec="0" bev="0" fileid="6" />
                <SequencePoint vc="0" uspid="766" ordinal="0" offset="8" sl="153" sc="0" el="153" ec="0" bec="0" bev="0" fileid="6" />
                <SequencePoint vc="0" uspid="767" ordinal="0" offset="21" sl="155" sc="0" el="155" ec="0" bec="0" bev="0" fileid="6" />
                <SequencePoint vc="0" uspid="768" ordinal="0" offset="28" sl="158" sc="0" el="158" ec="0" bec="0" bev="0" fileid="6" />
                <SequencePoint vc="0" uspid="769" ordinal="0" offset="54" sl="159" sc="0" el="159" ec="0" bec="0" bev="0" fileid="6" />
                <SequencePoint vc="0" uspid="770" ordinal="0" offset="88" sl="160" sc="0" el="160" ec="0" bec="0" bev="0" fileid="6" />
                <SequencePoint vc="0" uspid="771" ordinal="0" offset="101" sl="161" sc="0" el="161" ec="0" bec="0" bev="0" fileid="6" />
                <SequencePoint vc="0" uspid="772" ordinal="0" offset="118" sl="162" sc="0" el="162" ec="0" bec="0" bev="0" fileid="6" />
                <SequencePoint vc="0" uspid="773" ordinal="0" offset="135" sl="163" sc="0" el="163" ec="0" bec="0" bev="0" fileid="6" />
              </SequencePoints>
              <BranchPoints />
            </Method>
          </Methods>
        </Class>
        <Class>
          <Summary numSequencePoints="0" visitedSequencePoints="0" numBranchPoints="0" visitedBranchPoints="0" sequenceCoverage="0" branchCoverage="0" maxCyclomaticComplexity="0" minCyclomaticComplexity="0" maxCrapScore="0" minCrapScore="0" visitedClasses="0" numClasses="0" visitedMethods="0" numMethods="0" />
          <FullName>SpeckleUnity.SpeckleUnityNumber</FullName>
          <Methods>
            <Method visited="false" cyclomaticComplexity="0" nPathComplexity="0" sequenceCoverage="0.0" branchCoverage="0" crapScore="0" isConstructor="true" isStatic="false" isGetter="false" isSetter="false">
              <Summary numSequencePoints="0" visitedSequencePoints="0" numBranchPoints="0" visitedBranchPoints="0" sequenceCoverage="0.0" branchCoverage="0" maxCyclomaticComplexity="0" minCyclomaticComplexity="0" maxCrapScore="0" minCrapScore="0" visitedClasses="0" numClasses="0" visitedMethods="0" numMethods="0" />
              <MetadataToken>100663337</MetadataToken>
              <Name>SpeckleUnity.SpeckleUnityNumber::SpeckleUnityNumber(System.Single)</Name>
              <FileRef uid="6" />
              <SequencePoints>
                <SequencePoint vc="0" uspid="774" ordinal="0" offset="0" sl="180" sc="0" el="180" ec="0" bec="0" bev="0" fileid="6" />
                <SequencePoint vc="0" uspid="775" ordinal="0" offset="7" sl="181" sc="0" el="181" ec="0" bec="0" bev="0" fileid="6" />
                <SequencePoint vc="0" uspid="776" ordinal="0" offset="8" sl="182" sc="0" el="182" ec="0" bec="0" bev="0" fileid="6" />
                <SequencePoint vc="0" uspid="777" ordinal="0" offset="15" sl="183" sc="0" el="183" ec="0" bec="0" bev="0" fileid="6" />
              </SequencePoints>
              <BranchPoints />
            </Method>
          </Methods>
        </Class>
        <Class>
          <Summary numSequencePoints="0" visitedSequencePoints="0" numBranchPoints="0" visitedBranchPoints="0" sequenceCoverage="0" branchCoverage="0" maxCyclomaticComplexity="0" minCyclomaticComplexity="0" maxCrapScore="0" minCrapScore="0" visitedClasses="0" numClasses="0" visitedMethods="0" numMethods="0" />
          <FullName>SpeckleUnity.Conversions</FullName>
          <Methods>
            <Method visited="false" cyclomaticComplexity="0" nPathComplexity="0" sequenceCoverage="0.0" branchCoverage="0" crapScore="0" isConstructor="false" isStatic="true" isGetter="false" isSetter="false">
              <Summary numSequencePoints="0" visitedSequencePoints="0" numBranchPoints="0" visitedBranchPoints="0" sequenceCoverage="0.0" branchCoverage="0" maxCyclomaticComplexity="0" minCyclomaticComplexity="0" maxCrapScore="0" minCrapScore="0" visitedClasses="0" numClasses="0" visitedMethods="0" numMethods="0" />
              <MetadataToken>100663338</MetadataToken>
              <Name>static UnityEngine.Vector3 SpeckleUnity.Conversions::ToPoint(System.Double, System.Double, System.Double)</Name>
              <FileRef uid="7" />
              <SequencePoints>
                <SequencePoint vc="0" uspid="778" ordinal="0" offset="0" sl="28" sc="0" el="28" ec="0" bec="0" bev="0" fileid="7" />
                <SequencePoint vc="0" uspid="779" ordinal="0" offset="1" sl="30" sc="0" el="30" ec="0" bec="0" bev="0" fileid="7" />
                <SequencePoint vc="0" uspid="780" ordinal="0" offset="15" sl="31" sc="0" el="31" ec="0" bec="0" bev="0" fileid="7" />
              </SequencePoints>
              <BranchPoints />
            </Method>
            <Method visited="false" cyclomaticComplexity="0" nPathComplexity="0" sequenceCoverage="0.0" branchCoverage="0" crapScore="0" isConstructor="false" isStatic="true" isGetter="false" isSetter="false">
              <Summary numSequencePoints="0" visitedSequencePoints="0" numBranchPoints="0" visitedBranchPoints="0" sequenceCoverage="0.0" branchCoverage="0" maxCyclomaticComplexity="0" minCyclomaticComplexity="0" maxCrapScore="0" minCrapScore="0" visitedClasses="0" numClasses="0" visitedMethods="0" numMethods="0" />
              <MetadataToken>100663339</MetadataToken>
              <Name>static UnityEngine.Vector3 SpeckleUnity.Conversions::ToPoint(System.Double[])</Name>
              <FileRef uid="7" />
              <SequencePoints>
                <SequencePoint vc="0" uspid="781" ordinal="0" offset="0" sl="39" sc="0" el="39" ec="0" bec="0" bev="0" fileid="7" />
                <SequencePoint vc="0" uspid="782" ordinal="0" offset="1" sl="40" sc="0" el="40" ec="0" bec="0" bev="0" fileid="7" />
                <SequencePoint vc="0" uspid="783" ordinal="0" offset="5" sl="41" sc="0" el="41" ec="0" bec="0" bev="0" fileid="7" />
                <SequencePoint vc="0" uspid="784" ordinal="0" offset="9" sl="42" sc="0" el="42" ec="0" bec="0" bev="0" fileid="7" />
                <SequencePoint vc="0" uspid="785" ordinal="0" offset="13" sl="44" sc="0" el="44" ec="0" bec="0" bev="0" fileid="7" />
                <SequencePoint vc="0" uspid="786" ordinal="0" offset="27" sl="45" sc="0" el="45" ec="0" bec="0" bev="0" fileid="7" />
              </SequencePoints>
              <BranchPoints />
            </Method>
            <Method visited="false" cyclomaticComplexity="0" nPathComplexity="0" sequenceCoverage="0.0" branchCoverage="0" crapScore="0" isConstructor="false" isStatic="true" isGetter="false" isSetter="false">
              <Summary numSequencePoints="0" visitedSequencePoints="0" numBranchPoints="0" visitedBranchPoints="0" sequenceCoverage="0.0" branchCoverage="0" maxCyclomaticComplexity="0" minCyclomaticComplexity="0" maxCrapScore="0" minCrapScore="0" visitedClasses="0" numClasses="0" visitedMethods="0" numMethods="0" />
              <MetadataToken>100663340</MetadataToken>
              <Name>static UnityEngine.Vector3[] SpeckleUnity.Conversions::ToPoints(System.Collections.Generic.IEnumerable[Double])</Name>
              <FileRef uid="7" />
              <SequencePoints>
                <SequencePoint vc="0" uspid="787" ordinal="0" offset="0" sl="53" sc="0" el="53" ec="0" bec="0" bev="0" fileid="7" />
                <SequencePoint vc="0" uspid="788" ordinal="0" offset="1" sl="54" sc="0" el="54" ec="0" bec="0" bev="0" fileid="7" />
                <SequencePoint vc="0" uspid="789" ordinal="0" offset="16" sl="54" sc="0" el="54" ec="0" bec="0" bev="0" fileid="7" />
                <SequencePoint vc="0" uspid="790" ordinal="0" offset="27" sl="56" sc="0" el="56" ec="0" bec="0" bev="0" fileid="7" />
                <SequencePoint vc="0" uspid="791" ordinal="0" offset="41" sl="57" sc="0" el="57" ec="0" bec="0" bev="0" fileid="7" />
                <SequencePoint vc="0" uspid="792" ordinal="0" offset="48" sl="58" sc="0" el="58" ec="0" bec="0" bev="0" fileid="7" />
                <SequencePoint vc="0" uspid="793" ordinal="0" offset="50" sl="58" sc="0" el="58" ec="0" bec="0" bev="0" fileid="7" />
                <SequencePoint vc="0" uspid="794" ordinal="0" offset="55" sl="59" sc="0" el="59" ec="0" bec="0" bev="0" fileid="7" />
                <SequencePoint vc="0" uspid="795" ordinal="0" offset="86" sl="58" sc="0" el="58" ec="0" bec="0" bev="0" fileid="7" />
                <SequencePoint vc="0" uspid="796" ordinal="0" offset="90" sl="58" sc="0" el="58" ec="0" bec="0" bev="0" fileid="7" />
                <SequencePoint vc="0" uspid="797" ordinal="0" offset="105" sl="61" sc="0" el="61" ec="0" bec="0" bev="0" fileid="7" />
                <SequencePoint vc="0" uspid="798" ordinal="0" offset="110" sl="62" sc="0" el="62" ec="0" bec="0" bev="0" fileid="7" />
              </SequencePoints>
              <BranchPoints />
            </Method>
            <Method visited="false" cyclomaticComplexity="0" nPathComplexity="0" sequenceCoverage="0.0" branchCoverage="0" crapScore="0" isConstructor="false" isStatic="true" isGetter="false" isSetter="false">
              <Summary numSequencePoints="0" visitedSequencePoints="0" numBranchPoints="0" visitedBranchPoints="0" sequenceCoverage="0.0" branchCoverage="0" maxCyclomaticComplexity="0" minCyclomaticComplexity="0" maxCrapScore="0" minCrapScore="0" visitedClasses="0" numClasses="0" visitedMethods="0" numMethods="0" />
              <MetadataToken>100663341</MetadataToken>
              <Name>static SpeckleCoreGeometryClasses.SpeckleNumber SpeckleUnity.Conversions::ToSpeckle(SpeckleUnity.SpeckleUnityNumber)</Name>
              <FileRef uid="7" />
              <SequencePoints>
                <SequencePoint vc="0" uspid="799" ordinal="0" offset="0" sl="76" sc="0" el="76" ec="0" bec="0" bev="0" fileid="7" />
                <SequencePoint vc="0" uspid="800" ordinal="0" offset="1" sl="77" sc="0" el="77" ec="0" bec="0" bev="0" fileid="7" />
                <SequencePoint vc="0" uspid="801" ordinal="0" offset="15" sl="78" sc="0" el="78" ec="0" bec="0" bev="0" fileid="7" />
                <SequencePoint vc="0" uspid="802" ordinal="0" offset="19" sl="79" sc="0" el="79" ec="0" bec="0" bev="0" fileid="7" />
              </SequencePoints>
              <BranchPoints />
            </Method>
            <Method visited="false" cyclomaticComplexity="0" nPathComplexity="0" sequenceCoverage="0.0" branchCoverage="0" crapScore="0" isConstructor="false" isStatic="true" isGetter="false" isSetter="false">
              <Summary numSequencePoints="0" visitedSequencePoints="0" numBranchPoints="0" visitedBranchPoints="0" sequenceCoverage="0.0" branchCoverage="0" maxCyclomaticComplexity="0" minCyclomaticComplexity="0" maxCrapScore="0" minCrapScore="0" visitedClasses="0" numClasses="0" visitedMethods="0" numMethods="0" />
              <MetadataToken>100663342</MetadataToken>
              <Name>static SpeckleUnity.SpeckleUnityNumber SpeckleUnity.Conversions::ToNative(SpeckleCoreGeometryClasses.SpeckleNumber)</Name>
              <FileRef uid="7" />
              <SequencePoints>
                <SequencePoint vc="0" uspid="803" ordinal="0" offset="0" sl="87" sc="0" el="87" ec="0" bec="0" bev="0" fileid="7" />
                <SequencePoint vc="0" uspid="804" ordinal="0" offset="1" sl="88" sc="0" el="88" ec="0" bec="0" bev="0" fileid="7" />
                <SequencePoint vc="0" uspid="805" ordinal="0" offset="22" sl="89" sc="0" el="89" ec="0" bec="0" bev="0" fileid="7" />
                <SequencePoint vc="0" uspid="806" ordinal="0" offset="26" sl="90" sc="0" el="90" ec="0" bec="0" bev="0" fileid="7" />
              </SequencePoints>
              <BranchPoints />
            </Method>
            <Method visited="false" cyclomaticComplexity="0" nPathComplexity="0" sequenceCoverage="0.0" branchCoverage="0" crapScore="0" isConstructor="false" isStatic="true" isGetter="false" isSetter="false">
              <Summary numSequencePoints="0" visitedSequencePoints="0" numBranchPoints="0" visitedBranchPoints="0" sequenceCoverage="0.0" branchCoverage="0" maxCyclomaticComplexity="0" minCyclomaticComplexity="0" maxCrapScore="0" minCrapScore="0" visitedClasses="0" numClasses="0" visitedMethods="0" numMethods="0" />
              <MetadataToken>100663343</MetadataToken>
              <Name>static System.String SpeckleUnity.Conversions::ToNative(SpeckleCoreGeometryClasses.SpeckleString)</Name>
              <FileRef uid="7" />
              <SequencePoints>
                <SequencePoint vc="0" uspid="807" ordinal="0" offset="0" sl="98" sc="0" el="98" ec="0" bec="0" bev="0" fileid="7" />
                <SequencePoint vc="0" uspid="808" ordinal="0" offset="1" sl="99" sc="0" el="99" ec="0" bec="0" bev="0" fileid="7" />
                <SequencePoint vc="0" uspid="809" ordinal="0" offset="8" sl="100" sc="0" el="100" ec="0" bec="0" bev="0" fileid="7" />
                <SequencePoint vc="0" uspid="810" ordinal="0" offset="12" sl="101" sc="0" el="101" ec="0" bec="0" bev="0" fileid="7" />
              </SequencePoints>
              <BranchPoints />
            </Method>
            <Method visited="false" cyclomaticComplexity="0" nPathComplexity="0" sequenceCoverage="0.0" branchCoverage="0" crapScore="0" isConstructor="false" isStatic="true" isGetter="false" isSetter="false">
              <Summary numSequencePoints="0" visitedSequencePoints="0" numBranchPoints="0" visitedBranchPoints="0" sequenceCoverage="0.0" branchCoverage="0" maxCyclomaticComplexity="0" minCyclomaticComplexity="0" maxCrapScore="0" minCrapScore="0" visitedClasses="0" numClasses="0" visitedMethods="0" numMethods="0" />
              <MetadataToken>100663344</MetadataToken>
              <Name>static SpeckleCoreGeometryClasses.SpecklePoint SpeckleUnity.Conversions::ToSpeckle(SpeckleUnity.SpeckleUnityPoint)</Name>
              <FileRef uid="7" />
              <SequencePoints>
                <SequencePoint vc="0" uspid="811" ordinal="0" offset="0" sl="109" sc="0" el="109" ec="0" bec="0" bev="0" fileid="7" />
                <SequencePoint vc="0" uspid="812" ordinal="0" offset="1" sl="110" sc="0" el="110" ec="0" bec="0" bev="0" fileid="7" />
                <SequencePoint vc="0" uspid="813" ordinal="0" offset="8" sl="113" sc="0" el="113" ec="0" bec="0" bev="0" fileid="7" />
                <SequencePoint vc="0" uspid="814" ordinal="0" offset="39" sl="114" sc="0" el="114" ec="0" bec="0" bev="0" fileid="7" />
              </SequencePoints>
              <BranchPoints />
            </Method>
            <Method visited="false" cyclomaticComplexity="0" nPathComplexity="0" sequenceCoverage="0.0" branchCoverage="0" crapScore="0" isConstructor="false" isStatic="true" isGetter="false" isSetter="false">
              <Summary numSequencePoints="0" visitedSequencePoints="0" numBranchPoints="0" visitedBranchPoints="0" sequenceCoverage="0.0" branchCoverage="0" maxCyclomaticComplexity="0" minCyclomaticComplexity="0" maxCrapScore="0" minCrapScore="0" visitedClasses="0" numClasses="0" visitedMethods="0" numMethods="0" />
              <MetadataToken>100663345</MetadataToken>
              <Name>static SpeckleUnity.SpeckleUnityPoint SpeckleUnity.Conversions::ToNative(SpeckleCoreGeometryClasses.SpecklePoint)</Name>
              <FileRef uid="7" />
              <SequencePoints>
                <SequencePoint vc="0" uspid="815" ordinal="0" offset="0" sl="122" sc="0" el="122" ec="0" bec="0" bev="0" fileid="7" />
                <SequencePoint vc="0" uspid="816" ordinal="0" offset="1" sl="123" sc="0" el="123" ec="0" bec="0" bev="0" fileid="7" />
                <SequencePoint vc="0" uspid="817" ordinal="0" offset="13" sl="125" sc="0" el="125" ec="0" bec="0" bev="0" fileid="7" />
                <SequencePoint vc="0" uspid="818" ordinal="0" offset="30" sl="126" sc="0" el="126" ec="0" bec="0" bev="0" fileid="7" />
                <SequencePoint vc="0" uspid="819" ordinal="0" offset="45" sl="127" sc="0" el="127" ec="0" bec="0" bev="0" fileid="7" />
              </SequencePoints>
              <BranchPoints />
            </Method>
            <Method visited="false" cyclomaticComplexity="0" nPathComplexity="0" sequenceCoverage="0.0" branchCoverage="0" crapScore="0" isConstructor="false" isStatic="true" isGetter="false" isSetter="false">
              <Summary numSequencePoints="0" visitedSequencePoints="0" numBranchPoints="0" visitedBranchPoints="0" sequenceCoverage="0.0" branchCoverage="0" maxCyclomaticComplexity="0" minCyclomaticComplexity="0" maxCrapScore="0" minCrapScore="0" visitedClasses="0" numClasses="0" visitedMethods="0" numMethods="0" />
              <MetadataToken>100663346</MetadataToken>
              <Name>static SpeckleUnity.SpeckleUnityPolyline SpeckleUnity.Conversions::ToNative(SpeckleCoreGeometryClasses.SpeckleLine)</Name>
              <FileRef uid="7" />
              <SequencePoints>
                <SequencePoint vc="0" uspid="820" ordinal="0" offset="0" sl="135" sc="0" el="135" ec="0" bec="0" bev="0" fileid="7" />
                <SequencePoint vc="0" uspid="821" ordinal="0" offset="1" sl="136" sc="0" el="136" ec="0" bec="0" bev="0" fileid="7" />
                <SequencePoint vc="0" uspid="822" ordinal="0" offset="13" sl="138" sc="0" el="138" ec="0" bec="0" bev="0" fileid="7" />
                <SequencePoint vc="0" uspid="823" ordinal="0" offset="38" sl="139" sc="0" el="139" ec="0" bec="0" bev="0" fileid="7" />
              </SequencePoints>
              <BranchPoints />
            </Method>
            <Method visited="false" cyclomaticComplexity="0" nPathComplexity="0" sequenceCoverage="0.0" branchCoverage="0" crapScore="0" isConstructor="false" isStatic="true" isGetter="false" isSetter="false">
              <Summary numSequencePoints="0" visitedSequencePoints="0" numBranchPoints="0" visitedBranchPoints="0" sequenceCoverage="0.0" branchCoverage="0" maxCyclomaticComplexity="0" minCyclomaticComplexity="0" maxCrapScore="0" minCrapScore="0" visitedClasses="0" numClasses="0" visitedMethods="0" numMethods="0" />
              <MetadataToken>100663347</MetadataToken>
              <Name>static SpeckleUnity.SpeckleUnityPolyline SpeckleUnity.Conversions::ToNative(SpeckleCoreGeometryClasses.SpecklePolyline)</Name>
              <FileRef uid="7" />
              <SequencePoints>
                <SequencePoint vc="0" uspid="824" ordinal="0" offset="0" sl="147" sc="0" el="147" ec="0" bec="0" bev="0" fileid="7" />
                <SequencePoint vc="0" uspid="825" ordinal="0" offset="1" sl="148" sc="0" el="148" ec="0" bec="0" bev="0" fileid="7" />
                <SequencePoint vc="0" uspid="826" ordinal="0" offset="13" sl="150" sc="0" el="150" ec="0" bec="0" bev="0" fileid="7" />
                <SequencePoint vc="0" uspid="827" ordinal="0" offset="38" sl="151" sc="0" el="151" ec="0" bec="0" bev="0" fileid="7" />
              </SequencePoints>
              <BranchPoints />
            </Method>
            <Method visited="false" cyclomaticComplexity="0" nPathComplexity="0" sequenceCoverage="0.0" branchCoverage="0" crapScore="0" isConstructor="false" isStatic="true" isGetter="false" isSetter="false">
              <Summary numSequencePoints="0" visitedSequencePoints="0" numBranchPoints="0" visitedBranchPoints="0" sequenceCoverage="0.0" branchCoverage="0" maxCyclomaticComplexity="0" minCyclomaticComplexity="0" maxCrapScore="0" minCrapScore="0" visitedClasses="0" numClasses="0" visitedMethods="0" numMethods="0" />
              <MetadataToken>100663348</MetadataToken>
              <Name>static SpeckleUnity.SpeckleUnityPolyline SpeckleUnity.Conversions::ToNative(SpeckleCoreGeometryClasses.SpeckleCurve)</Name>
              <FileRef uid="7" />
              <SequencePoints>
                <SequencePoint vc="0" uspid="828" ordinal="0" offset="0" sl="159" sc="0" el="159" ec="0" bec="0" bev="0" fileid="7" />
                <SequencePoint vc="0" uspid="829" ordinal="0" offset="1" sl="160" sc="0" el="160" ec="0" bec="0" bev="0" fileid="7" />
                <SequencePoint vc="0" uspid="830" ordinal="0" offset="13" sl="162" sc="0" el="162" ec="0" bec="0" bev="0" fileid="7" />
                <SequencePoint vc="0" uspid="831" ordinal="0" offset="43" sl="163" sc="0" el="163" ec="0" bec="0" bev="0" fileid="7" />
              </SequencePoints>
              <BranchPoints />
            </Method>
            <Method visited="false" cyclomaticComplexity="0" nPathComplexity="0" sequenceCoverage="0.0" branchCoverage="0" crapScore="0" isConstructor="false" isStatic="true" isGetter="false" isSetter="false">
              <Summary numSequencePoints="0" visitedSequencePoints="0" numBranchPoints="0" visitedBranchPoints="0" sequenceCoverage="0.0" branchCoverage="0" maxCyclomaticComplexity="0" minCyclomaticComplexity="0" maxCrapScore="0" minCrapScore="0" visitedClasses="0" numClasses="0" visitedMethods="0" numMethods="0" />
              <MetadataToken>100663349</MetadataToken>
              <Name>static SpeckleUnity.SpeckleUnityMesh SpeckleUnity.Conversions::ToNative(SpeckleCoreGeometryClasses.SpeckleMesh)</Name>
              <FileRef uid="7" />
              <SequencePoints>
                <SequencePoint vc="0" uspid="832" ordinal="0" offset="0" sl="172" sc="0" el="172" ec="0" bec="0" bev="0" fileid="7" />
                <SequencePoint vc="0" uspid="833" ordinal="0" offset="1" sl="173" sc="0" el="173" ec="0" bec="0" bev="0" fileid="7" />
                <SequencePoint vc="0" uspid="834" ordinal="0" offset="13" sl="176" sc="0" el="176" ec="0" bec="0" bev="0" fileid="7" />
                <SequencePoint vc="0" uspid="835" ordinal="0" offset="19" sl="177" sc="0" el="177" ec="0" bec="0" bev="0" fileid="7" />
                <SequencePoint vc="0" uspid="836" ordinal="0" offset="26" sl="179" sc="0" el="179" ec="0" bec="0" bev="0" fileid="7" />
                <SequencePoint vc="0" uspid="837" ordinal="0" offset="27" sl="180" sc="0" el="180" ec="0" bec="0" bev="0" fileid="7" />
                <SequencePoint vc="0" uspid="838" ordinal="0" offset="46" sl="181" sc="0" el="181" ec="0" bec="0" bev="0" fileid="7" />
                <SequencePoint vc="0" uspid="839" ordinal="0" offset="47" sl="183" sc="0" el="183" ec="0" bec="0" bev="0" fileid="7" />
                <SequencePoint vc="0" uspid="840" ordinal="0" offset="68" sl="184" sc="0" el="184" ec="0" bec="0" bev="0" fileid="7" />
                <SequencePoint vc="0" uspid="841" ordinal="0" offset="89" sl="185" sc="0" el="185" ec="0" bec="0" bev="0" fileid="7" />
                <SequencePoint vc="0" uspid="842" ordinal="0" offset="110" sl="186" sc="0" el="186" ec="0" bec="0" bev="0" fileid="7" />
                <SequencePoint vc="0" uspid="843" ordinal="0" offset="114" sl="187" sc="0" el="187" ec="0" bec="0" bev="0" fileid="7" />
                <SequencePoint vc="0" uspid="844" ordinal="0" offset="120" sl="189" sc="0" el="189" ec="0" bec="0" bev="0" fileid="7" />
                <SequencePoint vc="0" uspid="845" ordinal="0" offset="121" sl="191" sc="0" el="191" ec="0" bec="0" bev="0" fileid="7" />
                <SequencePoint vc="0" uspid="846" ordinal="0" offset="142" sl="192" sc="0" el="192" ec="0" bec="0" bev="0" fileid="7" />
                <SequencePoint vc="0" uspid="847" ordinal="0" offset="163" sl="193" sc="0" el="193" ec="0" bec="0" bev="0" fileid="7" />
                <SequencePoint vc="0" uspid="848" ordinal="0" offset="184" sl="195" sc="0" el="195" ec="0" bec="0" bev="0" fileid="7" />
                <SequencePoint vc="0" uspid="849" ordinal="0" offset="205" sl="196" sc="0" el="196" ec="0" bec="0" bev="0" fileid="7" />
                <SequencePoint vc="0" uspid="850" ordinal="0" offset="226" sl="197" sc="0" el="197" ec="0" bec="0" bev="0" fileid="7" />
                <SequencePoint vc="0" uspid="851" ordinal="0" offset="247" sl="199" sc="0" el="199" ec="0" bec="0" bev="0" fileid="7" />
                <SequencePoint vc="0" uspid="852" ordinal="0" offset="251" sl="200" sc="0" el="200" ec="0" bec="0" bev="0" fileid="7" />
                <SequencePoint vc="0" uspid="853" ordinal="0" offset="252" sl="201" sc="0" el="201" ec="0" bec="0" bev="0" fileid="7" />
                <SequencePoint vc="0" uspid="854" ordinal="0" offset="253" sl="178" sc="0" el="178" ec="0" bec="0" bev="0" fileid="7" />
                <SequencePoint vc="0" uspid="855" ordinal="0" offset="276" sl="203" sc="0" el="203" ec="0" bec="0" bev="0" fileid="7" />
                <SequencePoint vc="0" uspid="856" ordinal="0" offset="305" sl="205" sc="0" el="205" ec="0" bec="0" bev="0" fileid="7" />
                <SequencePoint vc="0" uspid="857" ordinal="0" offset="310" sl="206" sc="0" el="206" ec="0" bec="0" bev="0" fileid="7" />
              </SequencePoints>
              <BranchPoints />
            </Method>
            <Method visited="false" cyclomaticComplexity="0" nPathComplexity="0" sequenceCoverage="0.0" branchCoverage="0" crapScore="0" isConstructor="false" isStatic="true" isGetter="false" isSetter="false">
              <Summary numSequencePoints="0" visitedSequencePoints="0" numBranchPoints="0" visitedBranchPoints="0" sequenceCoverage="0.0" branchCoverage="0" maxCyclomaticComplexity="0" minCyclomaticComplexity="0" maxCrapScore="0" minCrapScore="0" visitedClasses="0" numClasses="0" visitedMethods="0" numMethods="0" />
              <MetadataToken>100663350</MetadataToken>
              <Name>static SpeckleUnity.SpeckleUnityMesh SpeckleUnity.Conversions::ToNative(SpeckleCoreGeometryClasses.SpeckleBrep)</Name>
              <FileRef uid="7" />
              <SequencePoints>
                <SequencePoint vc="0" uspid="858" ordinal="0" offset="0" sl="214" sc="0" el="214" ec="0" bec="0" bev="0" fileid="7" />
                <SequencePoint vc="0" uspid="859" ordinal="0" offset="1" sl="215" sc="0" el="215" ec="0" bec="0" bev="0" fileid="7" />
                <SequencePoint vc="0" uspid="860" ordinal="0" offset="8" sl="216" sc="0" el="216" ec="0" bec="0" bev="0" fileid="7" />
                <SequencePoint vc="0" uspid="861" ordinal="0" offset="17" sl="217" sc="0" el="217" ec="0" bec="0" bev="0" fileid="7" />
              </SequencePoints>
              <BranchPoints />
            </Method>
[...]
                <SequencePoint vc="0" uspid="1042" ordinal="0" offset="188" sl="127" sc="6" el="127" ec="6" bec="0" bev="0" fileid="8" />
                <SequencePoint vc="0" uspid="1043" ordinal="0" offset="224" sl="128" sc="5" el="128" ec="5" bec="0" bev="0" fileid="8" />
                <SequencePoint vc="0" uspid="1044" ordinal="0" offset="227" sl="130" sc="5" el="130" ec="5" bec="0" bev="0" fileid="8" />
                <SequencePoint vc="0" uspid="1045" ordinal="0" offset="228" sl="131" sc="6" el="131" ec="6" bec="0" bev="0" fileid="8" />
                <SequencePoint vc="0" uspid="1046" ordinal="0" offset="239" sl="132" sc="5" el="132" ec="5" bec="0" bev="0" fileid="8" />
                <SequencePoint vc="0" uspid="1047" ordinal="0" offset="240" sl="133" sc="4" el="133" ec="4" bec="0" bev="0" fileid="8" />
                <SequencePoint vc="0" uspid="1048" ordinal="0" offset="241" sl="135" sc="4" el="135" ec="4" bec="0" bev="0" fileid="8" />
                <SequencePoint vc="0" uspid="1049" ordinal="0" offset="264" sl="136" sc="4" el="136" ec="4" bec="0" bev="0" fileid="8" />
                <SequencePoint vc="0" uspid="1050" ordinal="0" offset="265" sl="137" sc="5" el="137" ec="5" bec="0" bev="0" fileid="8" />
                <SequencePoint vc="0" uspid="1051" ordinal="0" offset="302" sl="138" sc="5" el="138" ec="5" bec="0" bev="0" fileid="8" />
                <SequencePoint vc="0" uspid="1052" ordinal="0" offset="303" sl="139" sc="6" el="139" ec="6" bec="0" bev="0" fileid="8" />
                <SequencePoint vc="0" uspid="1053" ordinal="0" offset="339" sl="139" sc="6" el="139" ec="6" bec="0" bev="0" fileid="8" />
                <SequencePoint vc="0" uspid="1054" ordinal="0" offset="368" sl="139" sc="6" el="139" ec="6" bec="0" bev="0" fileid="8" />
                <SequencePoint vc="0" uspid="1055" ordinal="0" offset="405" sl="140" sc="5" el="140" ec="5" bec="0" bev="0" fileid="8" />
                <SequencePoint vc="0" uspid="1056" ordinal="0" offset="408" sl="142" sc="5" el="142" ec="5" bec="0" bev="0" fileid="8" />
                <SequencePoint vc="0" uspid="1057" ordinal="0" offset="409" sl="143" sc="6" el="143" ec="6" bec="0" bev="0" fileid="8" />
                <SequencePoint vc="0" uspid="1058" ordinal="0" offset="420" sl="144" sc="5" el="144" ec="5" bec="0" bev="0" fileid="8" />
                <SequencePoint vc="0" uspid="1059" ordinal="0" offset="421" sl="145" sc="4" el="145" ec="4" bec="0" bev="0" fileid="8" />
                <SequencePoint vc="0" uspid="1060" ordinal="0" offset="450" sl="146" sc="3" el="146" ec="3" bec="0" bev="0" fileid="8" />
              </SequencePoints>
              <BranchPoints />
            </Method>
          </Methods>
        </Class>
        <Class>
          <Summary numSequencePoints="0" visitedSequencePoints="0" numBranchPoints="0" visitedBranchPoints="0" sequenceCoverage="0" branchCoverage="0" maxCyclomaticComplexity="0" minCyclomaticComplexity="0" maxCrapScore="0" minCrapScore="0" visitedClasses="0" numClasses="0" visitedMethods="0" numMethods="0" />
          <FullName>SpeckleUnity.SpeckleUnityManager/&lt;LoginAsync&gt;d__19</FullName>
          <Methods>
            <Method visited="false" cyclomaticComplexity="0" nPathComplexity="0" sequenceCoverage="0.0" branchCoverage="0" crapScore="0" isConstructor="false" isStatic="false" isGetter="false" isSetter="false">
              <Summary numSequencePoints="0" visitedSequencePoints="0" numBranchPoints="0" visitedBranchPoints="0" sequenceCoverage="0.0" branchCoverage="0" maxCyclomaticComplexity="0" minCyclomaticComplexity="0" maxCrapScore="0" minCrapScore="0" visitedClasses="0" numClasses="0" visitedMethods="0" numMethods="0" />
              <MetadataToken>100663394</MetadataToken>
              <Name>System.Void SpeckleUnity.SpeckleUnityManager/&lt;LoginAsync&gt;d__19::MoveNext()</Name>
              <FileRef uid="8" />
              <SequencePoints>
                <SequencePoint vc="0" uspid="1061" ordinal="0" offset="17" sl="168" sc="3" el="168" ec="3" bec="0" bev="0" fileid="8" />
                <SequencePoint vc="0" uspid="1062" ordinal="0" offset="18" sl="169" sc="4" el="169" ec="4" bec="0" bev="0" fileid="8" />
                <SequencePoint vc="0" uspid="1063" ordinal="0" offset="46" sl="171" sc="4" el="171" ec="4" bec="0" bev="0" fileid="8" />
                <SequencePoint vc="0" uspid="1064" ordinal="0" offset="83" sl="173" sc="4" el="173" ec="4" bec="0" bev="0" fileid="8" />
                <SequencePoint vc="0" uspid="1065" ordinal="0" offset="124" sl="173" sc="4" el="173" ec="4" bec="0" bev="0" fileid="8" />
                <SequencePoint vc="0" uspid="1066" ordinal="0" offset="154" sl="173" sc="4" el="173" ec="4" bec="0" bev="0" fileid="8" />
                <SequencePoint vc="0" uspid="1067" ordinal="0" offset="214" sl="175" sc="4" el="175" ec="4" bec="0" bev="0" fileid="8" />
                <SequencePoint vc="0" uspid="1068" ordinal="0" offset="225" sl="177" sc="4" el="177" ec="4" bec="0" bev="0" fileid="8" />
                <SequencePoint vc="0" uspid="1069" ordinal="0" offset="238" sl="178" sc="4" el="178" ec="4" bec="0" bev="0" fileid="8" />
                <SequencePoint vc="0" uspid="1070" ordinal="0" offset="239" sl="179" sc="5" el="179" ec="5" bec="0" bev="0" fileid="8" />
                <SequencePoint vc="0" uspid="1071" ordinal="0" offset="250" sl="180" sc="5" el="180" ec="5" bec="0" bev="0" fileid="8" />
                <SequencePoint vc="0" uspid="1072" ordinal="0" offset="269" sl="181" sc="4" el="181" ec="4" bec="0" bev="0" fileid="8" />
                <SequencePoint vc="0" uspid="1073" ordinal="0" offset="272" sl="183" sc="4" el="183" ec="4" bec="0" bev="0" fileid="8" />
                <SequencePoint vc="0" uspid="1074" ordinal="0" offset="273" sl="184" sc="5" el="184" ec="5" bec="0" bev="0" fileid="8" />
                <SequencePoint vc="0" uspid="1075" ordinal="0" offset="295" sl="185" sc="5" el="185" ec="5" bec="0" bev="0" fileid="8" />
                <SequencePoint vc="0" uspid="1076" ordinal="0" offset="348" sl="187" sc="5" el="187" ec="5" bec="0" bev="0" fileid="8" />
                <SequencePoint vc="0" uspid="1077" ordinal="0" offset="367" sl="189" sc="5" el="189" ec="5" bec="0" bev="0" fileid="8" />
                <SequencePoint vc="0" uspid="1078" ordinal="0" offset="396" sl="190" sc="4" el="190" ec="4" bec="0" bev="0" fileid="8" />
                <SequencePoint vc="0" uspid="1079" ordinal="0" offset="425" sl="191" sc="3" el="191" ec="3" bec="0" bev="0" fileid="8" />
              </SequencePoints>
              <BranchPoints />
            </Method>
          </Methods>
        </Class>
        <Class>
          <Summary numSequencePoints="0" visitedSequencePoints="0" numBranchPoints="0" visitedBranchPoints="0" sequenceCoverage="0" branchCoverage="0" maxCyclomaticComplexity="0" minCyclomaticComplexity="0" maxCrapScore="0" minCrapScore="0" visitedClasses="0" numClasses="0" visitedMethods="0" numMethods="0" />
          <FullName>SpeckleUnity.SpeckleUnityManager/&lt;GetAllProjectMetaDataForUserAsync&gt;d__21</FullName>
          <Methods>
            <Method visited="false" cyclomaticComplexity="0" nPathComplexity="0" sequenceCoverage="0.0" branchCoverage="0" crapScore="0" isConstructor="false" isStatic="false" isGetter="false" isSetter="false">
              <Summary numSequencePoints="0" visitedSequencePoints="0" numBranchPoints="0" visitedBranchPoints="0" sequenceCoverage="0.0" branchCoverage="0" maxCyclomaticComplexity="0" minCyclomaticComplexity="0" maxCrapScore="0" minCrapScore="0" visitedClasses="0" numClasses="0" visitedMethods="0" numMethods="0" />
              <MetadataToken>100663397</MetadataToken>
              <Name>System.Void SpeckleUnity.SpeckleUnityManager/&lt;GetAllProjectMetaDataForUserAsync&gt;d__21::MoveNext()</Name>
              <FileRef uid="8" />
              <SequencePoints>
                <SequencePoint vc="0" uspid="1080" ordinal="0" offset="17" sl="211" sc="0" el="211" ec="0" bec="0" bev="0" fileid="8" />
                <SequencePoint vc="0" uspid="1081" ordinal="0" offset="18" sl="212" sc="0" el="212" ec="0" bec="0" bev="0" fileid="8" />
                <SequencePoint vc="0" uspid="1082" ordinal="0" offset="36" sl="213" sc="0" el="213" ec="0" bec="0" bev="0" fileid="8" />
                <SequencePoint vc="0" uspid="1083" ordinal="0" offset="37" sl="214" sc="0" el="214" ec="0" bec="0" bev="0" fileid="8" />
                <SequencePoint vc="0" uspid="1084" ordinal="0" offset="48" sl="217" sc="0" el="217" ec="0" bec="0" bev="0" fileid="8" />
                <SequencePoint vc="0" uspid="1085" ordinal="0" offset="76" sl="218" sc="0" el="218" ec="0" bec="0" bev="0" fileid="8" />
                <SequencePoint vc="0" uspid="1086" ordinal="0" offset="104" sl="220" sc="0" el="220" ec="0" bec="0" bev="0" fileid="8" />
                <SequencePoint vc="0" uspid="1087" ordinal="0" offset="229" sl="222" sc="0" el="222" ec="0" bec="0" bev="0" fileid="8" />
                <SequencePoint vc="0" uspid="1088" ordinal="0" offset="244" sl="223" sc="0" el="223" ec="0" bec="0" bev="0" fileid="8" />
                <SequencePoint vc="0" uspid="1089" ordinal="0" offset="245" sl="224" sc="0" el="224" ec="0" bec="0" bev="0" fileid="8" />
                <SequencePoint vc="0" uspid="1090" ordinal="0" offset="256" sl="226" sc="0" el="226" ec="0" bec="0" bev="0" fileid="8" />
                <SequencePoint vc="0" uspid="1091" ordinal="0" offset="275" sl="227" sc="0" el="227" ec="0" bec="0" bev="0" fileid="8" />
                <SequencePoint vc="0" uspid="1092" ordinal="0" offset="278" sl="229" sc="0" el="229" ec="0" bec="0" bev="0" fileid="8" />
                <SequencePoint vc="0" uspid="1093" ordinal="0" offset="279" sl="230" sc="0" el="230" ec="0" bec="0" bev="0" fileid="8" />
                <SequencePoint vc="0" uspid="1094" ordinal="0" offset="296" sl="232" sc="0" el="232" ec="0" bec="0" bev="0" fileid="8" />
                <SequencePoint vc="0" uspid="1095" ordinal="0" offset="333" sl="234" sc="0" el="234" ec="0" bec="0" bev="0" fileid="8" />
                <SequencePoint vc="0" uspid="1096" ordinal="0" offset="362" sl="235" sc="0" el="235" ec="0" bec="0" bev="0" fileid="8" />
                <SequencePoint vc="0" uspid="1097" ordinal="0" offset="398" sl="236" sc="0" el="236" ec="0" bec="0" bev="0" fileid="8" />
              </SequencePoints>
              <BranchPoints />
            </Method>
          </Methods>
        </Class>
        <Class>
          <Summary numSequencePoints="0" visitedSequencePoints="0" numBranchPoints="0" visitedBranchPoints="0" sequenceCoverage="0" branchCoverage="0" maxCyclomaticComplexity="0" minCyclomaticComplexity="0" maxCrapScore="0" minCrapScore="0" visitedClasses="0" numClasses="0" visitedMethods="0" numMethods="0" />
          <FullName>SpeckleUnity.SpeckleUnityManager/&lt;GetAllStreamMetaDataForUserAsync&gt;d__22</FullName>
          <Methods>
            <Method visited="false" cyclomaticComplexity="0" nPathComplexity="0" sequenceCoverage="0.0" branchCoverage="0" crapScore="0" isConstructor="false" isStatic="false" isGetter="false" isSetter="false">
              <Summary numSequencePoints="0" visitedSequencePoints="0" numBranchPoints="0" visitedBranchPoints="0" sequenceCoverage="0.0" branchCoverage="0" maxCyclomaticComplexity="0" minCyclomaticComplexity="0" maxCrapScore="0" minCrapScore="0" visitedClasses="0" numClasses="0" visitedMethods="0" numMethods="0" />
              <MetadataToken>100663400</MetadataToken>
              <Name>System.Void SpeckleUnity.SpeckleUnityManager/&lt;GetAllStreamMetaDataForUserAsync&gt;d__22::MoveNext()</Name>
              <FileRef uid="8" />
              <SequencePoints>
                <SequencePoint vc="0" uspid="1098" ordinal="0" offset="17" sl="248" sc="0" el="248" ec="0" bec="0" bev="0" fileid="8" />
                <SequencePoint vc="0" uspid="1099" ordinal="0" offset="18" sl="249" sc="0" el="249" ec="0" bec="0" bev="0" fileid="8" />
                <SequencePoint vc="0" uspid="1100" ordinal="0" offset="36" sl="250" sc="0" el="250" ec="0" bec="0" bev="0" fileid="8" />
                <SequencePoint vc="0" uspid="1101" ordinal="0" offset="37" sl="251" sc="0" el="251" ec="0" bec="0" bev="0" fileid="8" />
                <SequencePoint vc="0" uspid="1102" ordinal="0" offset="48" sl="254" sc="0" el="254" ec="0" bec="0" bev="0" fileid="8" />
                <SequencePoint vc="0" uspid="1103" ordinal="0" offset="76" sl="255" sc="0" el="255" ec="0" bec="0" bev="0" fileid="8" />
                <SequencePoint vc="0" uspid="1104" ordinal="0" offset="104" sl="257" sc="0" el="257" ec="0" bec="0" bev="0" fileid="8" />
                <SequencePoint vc="0" uspid="1105" ordinal="0" offset="230" sl="259" sc="0" el="259" ec="0" bec="0" bev="0" fileid="8" />
                <SequencePoint vc="0" uspid="1106" ordinal="0" offset="245" sl="260" sc="0" el="260" ec="0" bec="0" bev="0" fileid="8" />
                <SequencePoint vc="0" uspid="1107" ordinal="0" offset="246" sl="261" sc="0" el="261" ec="0" bec="0" bev="0" fileid="8" />
                <SequencePoint vc="0" uspid="1108" ordinal="0" offset="257" sl="263" sc="0" el="263" ec="0" bec="0" bev="0" fileid="8" />
                <SequencePoint vc="0" uspid="1109" ordinal="0" offset="276" sl="264" sc="0" el="264" ec="0" bec="0" bev="0" fileid="8" />
                <SequencePoint vc="0" uspid="1110" ordinal="0" offset="279" sl="266" sc="0" el="266" ec="0" bec="0" bev="0" fileid="8" />
                <SequencePoint vc="0" uspid="1111" ordinal="0" offset="280" sl="267" sc="0" el="267" ec="0" bec="0" bev="0" fileid="8" />
                <SequencePoint vc="0" uspid="1112" ordinal="0" offset="297" sl="269" sc="0" el="269" ec="0" bec="0" bev="0" fileid="8" />
                <SequencePoint vc="0" uspid="1113" ordinal="0" offset="334" sl="271" sc="0" el="271" ec="0" bec="0" bev="0" fileid="8" />
                <SequencePoint vc="0" uspid="1114" ordinal="0" offset="363" sl="272" sc="0" el="272" ec="0" bec="0" bev="0" fileid="8" />
                <SequencePoint vc="0" uspid="1115" ordinal="0" offset="399" sl="273" sc="0" el="273" ec="0" bec="0" bev="0" fileid="8" />
              </SequencePoints>
              <BranchPoints />
            </Method>
          </Methods>
        </Class>
        <Class>
          <Summary numSequencePoints="0" visitedSequencePoints="0" numBranchPoints="0" visitedBranchPoints="0" sequenceCoverage="0" branchCoverage="0" maxCyclomaticComplexity="0" minCyclomaticComplexity="0" maxCrapScore="0" minCrapScore="0" visitedClasses="0" numClasses="0" visitedMethods="0" numMethods="0" />
          <FullName>SpeckleUnity.SpeckleUnityManager/&lt;InitializeAllClientsAsync&gt;d__23</FullName>
          <Methods>
            <Method visited="false" cyclomaticComplexity="0" nPathComplexity="0" sequenceCoverage="0.0" branchCoverage="0" crapScore="0" isConstructor="false" isStatic="false" isGetter="false" isSetter="false">
              <Summary numSequencePoints="0" visitedSequencePoints="0" numBranchPoints="0" visitedBranchPoints="0" sequenceCoverage="0.0" branchCoverage="0" maxCyclomaticComplexity="0" minCyclomaticComplexity="0" maxCrapScore="0" minCrapScore="0" visitedClasses="0" numClasses="0" visitedMethods="0" numMethods="0" />
              <MetadataToken>100663403</MetadataToken>
              <Name>System.Void SpeckleUnity.SpeckleUnityManager/&lt;InitializeAllClientsAsync&gt;d__23::MoveNext()</Name>
              <FileRef uid="8" />
              <SequencePoints>
                <SequencePoint vc="0" uspid="1116" ordinal="0" offset="17" sl="279" sc="0" el="279" ec="0" bec="0" bev="0" fileid="8" />
                <SequencePoint vc="0" uspid="1117" ordinal="0" offset="18" sl="280" sc="0" el="280" ec="0" bec="0" bev="0" fileid="8" />
                <SequencePoint vc="0" uspid="1118" ordinal="0" offset="45" sl="282" sc="0" el="282" ec="0" bec="0" bev="0" fileid="8" />
                <SequencePoint vc="0" uspid="1119" ordinal="0" offset="54" sl="283" sc="0" el="283" ec="0" bec="0" bev="0" fileid="8" />
                <SequencePoint vc="0" uspid="1120" ordinal="0" offset="55" sl="284" sc="0" el="284" ec="0" bec="0" bev="0" fileid="8" />
                <SequencePoint vc="0" uspid="1121" ordinal="0" offset="128" sl="285" sc="0" el="285" ec="0" bec="0" bev="0" fileid="8" />
                <SequencePoint vc="0" uspid="1122" ordinal="0" offset="129" sl="282" sc="0" el="282" ec="0" bec="0" bev="0" fileid="8" />
                <SequencePoint vc="0" uspid="1123" ordinal="0" offset="145" sl="282" sc="0" el="282" ec="0" bec="0" bev="0" fileid="8" />
                <SequencePoint vc="0" uspid="1124" ordinal="0" offset="181" sl="288" sc="0" el="288" ec="0" bec="0" bev="0" fileid="8" />
                <SequencePoint vc="0" uspid="1125" ordinal="0" offset="182" sl="289" sc="0" el="289" ec="0" bec="0" bev="0" fileid="8" />
                <SequencePoint vc="0" uspid="1126" ordinal="0" offset="281" sl="290" sc="0" el="290" ec="0" bec="0" bev="0" fileid="8" />
                <SequencePoint vc="0" uspid="1127" ordinal="0" offset="284" sl="291" sc="0" el="291" ec="0" bec="0" bev="0" fileid="8" />
                <SequencePoint vc="0" uspid="1128" ordinal="0" offset="285" sl="292" sc="0" el="292" ec="0" bec="0" bev="0" fileid="8" />
                <SequencePoint vc="0" uspid="1129" ordinal="0" offset="286" sl="293" sc="0" el="293" ec="0" bec="0" bev="0" fileid="8" />
                <SequencePoint vc="0" uspid="1130" ordinal="0" offset="316" sl="295" sc="0" el="295" ec="0" bec="0" bev="0" fileid="8" />
              </SequencePoints>
              <BranchPoints />
            </Method>
          </Methods>
        </Class>
        <Class>
          <Summary numSequencePoints="0" visitedSequencePoints="0" numBranchPoints="0" visitedBranchPoints="0" sequenceCoverage="0" branchCoverage="0" maxCyclomaticComplexity="0" minCyclomaticComplexity="0" maxCrapScore="0" minCrapScore="0" visitedClasses="0" numClasses="0" visitedMethods="0" numMethods="0" />
          <FullName>SpeckleUnity.SpeckleUnityManager/&lt;AddReceiverAsync&gt;d__25</FullName>
          <Methods>
            <Method visited="false" cyclomaticComplexity="0" nPathComplexity="0" sequenceCoverage="0.0" branchCoverage="0" crapScore="0" isConstructor="false" isStatic="false" isGetter="false" isSetter="false">
              <Summary numSequencePoints="0" visitedSequencePoints="0" numBranchPoints="0" visitedBranchPoints="0" sequenceCoverage="0.0" branchCoverage="0" maxCyclomaticComplexity="0" minCyclomaticComplexity="0" maxCrapScore="0" minCrapScore="0" visitedClasses="0" numClasses="0" visitedMethods="0" numMethods="0" />
              <MetadataToken>100663406</MetadataToken>
              <Name>System.Void SpeckleUnity.SpeckleUnityManager/&lt;AddReceiverAsync&gt;d__25::MoveNext()</Name>
              <FileRef uid="8" />
              <SequencePoints>
                <SequencePoint vc="0" uspid="1131" ordinal="0" offset="17" sl="319" sc="0" el="319" ec="0" bec="0" bev="0" fileid="8" />
                <SequencePoint vc="0" uspid="1132" ordinal="0" offset="18" sl="320" sc="0" el="320" ec="0" bec="0" bev="0" fileid="8" />
                <SequencePoint vc="0" uspid="1133" ordinal="0" offset="41" sl="321" sc="0" el="321" ec="0" bec="0" bev="0" fileid="8" />
                <SequencePoint vc="0" uspid="1134" ordinal="0" offset="64" sl="323" sc="0" el="323" ec="0" bec="0" bev="0" fileid="8" />
                <SequencePoint vc="0" uspid="1135" ordinal="0" offset="77" sl="324" sc="0" el="324" ec="0" bec="0" bev="0" fileid="8" />
                <SequencePoint vc="0" uspid="1136" ordinal="0" offset="236" sl="325" sc="0" el="325" ec="0" bec="0" bev="0" fileid="8" />
              </SequencePoints>
              <BranchPoints />
            </Method>
          </Methods>
        </Class>
      </Classes>
    </Module>
  </Modules>
</CoverageSession>