<?xml version="1.0" encoding="utf-8"?>
<CoverageSession xmlns:xsd="http://www.w3.org/2001/XMLSchema" xmlns:xsi="http://www.w3.org/2001/XMLSchema-instance" Version="0.0.0.0">
  <Summary numSequencePoints="0" visitedSequencePoints="0" numBranchPoints="0" visitedBranchPoints="0" sequenceCoverage="0" branchCoverage="0" maxCyclomaticComplexity="0" minCyclomaticComplexity="0" maxCrapScore="0" minCrapScore="0" visitedClasses="0" numClasses="0" visitedMethods="0" numMethods="0" />
  <Modules>
    <Module>
      <Summary numSequencePoints="0" visitedSequencePoints="0" numBranchPoints="0" visitedBranchPoints="0" sequenceCoverage="0" branchCoverage="0" maxCyclomaticComplexity="0" minCyclomaticComplexity="0" maxCrapScore="0" minCrapScore="0" visitedClasses="0" numClasses="0" visitedMethods="0" numMethods="0" />
      <ModuleTime>0001-01-01T00:00:00</ModuleTime>
      <ModuleName>SpeckleUnity</ModuleName>
      <Files>
        <File uid="1" fullPath="H:\Git\SpeckleUnity\SpeckleUnity\Assets\SpeckleUnity\Runtime\Scripts\Clients\SpeckleUnityClient.cs" />
        <File uid="2" fullPath="H:\Git\SpeckleUnity\SpeckleUnity\Assets\SpeckleUnity\Runtime\Scripts\Clients\SpeckleUnityReceiver.cs" />
        <File uid="3" fullPath="H:\Git\SpeckleUnity\SpeckleUnity\Assets\SpeckleUnity\Runtime\Scripts\Clients\SpeckleUnitySender.cs" />
        <File uid="4" fullPath="H:\Git\SpeckleUnity\SpeckleUnity\Assets\SpeckleUnity\Runtime\Scripts\Clients\Web Sockets\SpeckleUnityUpdate.cs" />
        <File uid="5" fullPath="H:\Git\SpeckleUnity\SpeckleUnity\Assets\SpeckleUnity\Runtime\Scripts\ColorByType.cs" />
        <File uid="6" fullPath="H:\Git\SpeckleUnity\SpeckleUnity\Assets\SpeckleUnity\Runtime\Scripts\Conversion\SpeckleUnityClasses.cs" />
        <File uid="7" fullPath="H:\Git\SpeckleUnity\SpeckleUnity\Assets\SpeckleUnity\Runtime\Scripts\Conversion\SpeckleUnityConverter.cs" />
        <File uid="8" fullPath="H:\Git\SpeckleUnity\SpeckleUnity\Assets\SpeckleUnity\Runtime\Scripts\SpeckleUnityManager.cs" />
      </Files>
      <Classes>
        <Class>
          <Summary numSequencePoints="0" visitedSequencePoints="0" numBranchPoints="0" visitedBranchPoints="0" sequenceCoverage="0" branchCoverage="0" maxCyclomaticComplexity="0" minCyclomaticComplexity="0" maxCrapScore="0" minCrapScore="0" visitedClasses="0" numClasses="0" visitedMethods="0" numMethods="0" />
          <FullName>SpeckleUnity.SpeckleUnityClient</FullName>
          <Methods>
            <Method visited="false" cyclomaticComplexity="0" nPathComplexity="0" sequenceCoverage="0.0" branchCoverage="0" crapScore="0" isConstructor="false" isStatic="false" isGetter="false" isSetter="false">
              <Summary numSequencePoints="0" visitedSequencePoints="0" numBranchPoints="0" visitedBranchPoints="0" sequenceCoverage="0.0" branchCoverage="0" maxCyclomaticComplexity="0" minCyclomaticComplexity="0" maxCrapScore="0" minCrapScore="0" visitedClasses="0" numClasses="0" visitedMethods="0" numMethods="0" />
              <MetadataToken>100663297</MetadataToken>
              <Name>System.Void SpeckleUnity.SpeckleUnityClient::RegisterClient()</Name>
              <FileRef uid="1" />
              <SequencePoints>
                <SequencePoint vc="0" uspid="1" ordinal="0" offset="0" sl="40" sc="0" el="40" ec="0" bec="0" bev="0" fileid="1" />
                <SequencePoint vc="0" uspid="2" ordinal="0" offset="1" sl="41" sc="0" el="41" ec="0" bec="0" bev="0" fileid="1" />
                <SequencePoint vc="0" uspid="3" ordinal="0" offset="26" sl="42" sc="0" el="42" ec="0" bec="0" bev="0" fileid="1" />
                <SequencePoint vc="0" uspid="4" ordinal="0" offset="51" sl="43" sc="0" el="43" ec="0" bec="0" bev="0" fileid="1" />
                <SequencePoint vc="0" uspid="5" ordinal="0" offset="76" sl="44" sc="0" el="44" ec="0" bec="0" bev="0" fileid="1" />
                <SequencePoint vc="0" uspid="6" ordinal="0" offset="101" sl="45" sc="0" el="45" ec="0" bec="0" bev="0" fileid="1" />
              </SequencePoints>
              <BranchPoints />
            </Method>
            <Method visited="false" cyclomaticComplexity="0" nPathComplexity="0" sequenceCoverage="0.0" branchCoverage="0" crapScore="0" isConstructor="false" isStatic="false" isGetter="false" isSetter="false">
              <Summary numSequencePoints="0" visitedSequencePoints="0" numBranchPoints="0" visitedBranchPoints="0" sequenceCoverage="0.0" branchCoverage="0" maxCyclomaticComplexity="0" minCyclomaticComplexity="0" maxCrapScore="0" minCrapScore="0" visitedClasses="0" numClasses="0" visitedMethods="0" numMethods="0" />
              <MetadataToken>100663298</MetadataToken>
              <Name>System.Void SpeckleUnity.SpeckleUnityClient::UnregisterClient()</Name>
              <FileRef uid="1" />
              <SequencePoints>
                <SequencePoint vc="0" uspid="7" ordinal="0" offset="0" sl="53" sc="0" el="53" ec="0" bec="0" bev="0" fileid="1" />
                <SequencePoint vc="0" uspid="8" ordinal="0" offset="1" sl="54" sc="0" el="54" ec="0" bec="0" bev="0" fileid="1" />
                <SequencePoint vc="0" uspid="9" ordinal="0" offset="26" sl="55" sc="0" el="55" ec="0" bec="0" bev="0" fileid="1" />
                <SequencePoint vc="0" uspid="10" ordinal="0" offset="51" sl="56" sc="0" el="56" ec="0" bec="0" bev="0" fileid="1" />
                <SequencePoint vc="0" uspid="11" ordinal="0" offset="76" sl="57" sc="0" el="57" ec="0" bec="0" bev="0" fileid="1" />
                <SequencePoint vc="0" uspid="12" ordinal="0" offset="101" sl="59" sc="0" el="59" ec="0" bec="0" bev="0" fileid="1" />
                <SequencePoint vc="0" uspid="13" ordinal="0" offset="114" sl="60" sc="0" el="60" ec="0" bec="0" bev="0" fileid="1" />
              </SequencePoints>
              <BranchPoints />
            </Method>
            <Method visited="false" cyclomaticComplexity="0" nPathComplexity="0" sequenceCoverage="0.0" branchCoverage="0" crapScore="0" isConstructor="false" isStatic="false" isGetter="false" isSetter="false">
              <Summary numSequencePoints="0" visitedSequencePoints="0" numBranchPoints="0" visitedBranchPoints="0" sequenceCoverage="0.0" branchCoverage="0" maxCyclomaticComplexity="0" minCyclomaticComplexity="0" maxCrapScore="0" minCrapScore="0" visitedClasses="0" numClasses="0" visitedMethods="0" numMethods="0" />
              <MetadataToken>100663300</MetadataToken>
              <Name>System.Void SpeckleUnity.SpeckleUnityClient::ClientOnReady(System.Object, SpeckleCore.SpeckleEventArgs)</Name>
              <FileRef uid="1" />
              <SequencePoints>
                <SequencePoint vc="0" uspid="14" ordinal="0" offset="0" sl="80" sc="0" el="80" ec="0" bec="0" bev="0" fileid="1" />
                <SequencePoint vc="0" uspid="15" ordinal="0" offset="1" sl="83" sc="0" el="83" ec="0" bec="0" bev="0" fileid="1" />
              </SequencePoints>
              <BranchPoints />
            </Method>
            <Method visited="false" cyclomaticComplexity="0" nPathComplexity="0" sequenceCoverage="0.0" branchCoverage="0" crapScore="0" isConstructor="false" isStatic="false" isGetter="false" isSetter="false">
              <Summary numSequencePoints="0" visitedSequencePoints="0" numBranchPoints="0" visitedBranchPoints="0" sequenceCoverage="0.0" branchCoverage="0" maxCyclomaticComplexity="0" minCyclomaticComplexity="0" maxCrapScore="0" minCrapScore="0" visitedClasses="0" numClasses="0" visitedMethods="0" numMethods="0" />
              <MetadataToken>100663301</MetadataToken>
              <Name>System.Void SpeckleUnity.SpeckleUnityClient::ClientOnLogData(System.Object, SpeckleCore.SpeckleEventArgs)</Name>
              <FileRef uid="1" />
              <SequencePoints>
                <SequencePoint vc="0" uspid="16" ordinal="0" offset="0" sl="92" sc="0" el="92" ec="0" bec="0" bev="0" fileid="1" />
                <SequencePoint vc="0" uspid="17" ordinal="0" offset="1" sl="94" sc="0" el="94" ec="0" bec="0" bev="0" fileid="1" />
              </SequencePoints>
              <BranchPoints />
            </Method>
            <Method visited="false" cyclomaticComplexity="0" nPathComplexity="0" sequenceCoverage="0.0" branchCoverage="0" crapScore="0" isConstructor="false" isStatic="false" isGetter="false" isSetter="false">
              <Summary numSequencePoints="0" visitedSequencePoints="0" numBranchPoints="0" visitedBranchPoints="0" sequenceCoverage="0.0" branchCoverage="0" maxCyclomaticComplexity="0" minCyclomaticComplexity="0" maxCrapScore="0" minCrapScore="0" visitedClasses="0" numClasses="0" visitedMethods="0" numMethods="0" />
              <MetadataToken>100663302</MetadataToken>
              <Name>System.Void SpeckleUnity.SpeckleUnityClient::ClientOnWsMessage(System.Object, SpeckleCore.SpeckleEventArgs)</Name>
              <FileRef uid="1" />
              <SequencePoints>
                <SequencePoint vc="0" uspid="18" ordinal="0" offset="0" sl="103" sc="0" el="103" ec="0" bec="0" bev="0" fileid="1" />
                <SequencePoint vc="0" uspid="19" ordinal="0" offset="1" sl="105" sc="0" el="105" ec="0" bec="0" bev="0" fileid="1" />
              </SequencePoints>
              <BranchPoints />
            </Method>
            <Method visited="false" cyclomaticComplexity="0" nPathComplexity="0" sequenceCoverage="0.0" branchCoverage="0" crapScore="0" isConstructor="false" isStatic="false" isGetter="false" isSetter="false">
              <Summary numSequencePoints="0" visitedSequencePoints="0" numBranchPoints="0" visitedBranchPoints="0" sequenceCoverage="0.0" branchCoverage="0" maxCyclomaticComplexity="0" minCyclomaticComplexity="0" maxCrapScore="0" minCrapScore="0" visitedClasses="0" numClasses="0" visitedMethods="0" numMethods="0" />
              <MetadataToken>100663303</MetadataToken>
              <Name>System.Void SpeckleUnity.SpeckleUnityClient::ClientOnError(System.Object, SpeckleCore.SpeckleEventArgs)</Name>
              <FileRef uid="1" />
              <SequencePoints>
                <SequencePoint vc="0" uspid="20" ordinal="0" offset="0" sl="114" sc="0" el="114" ec="0" bec="0" bev="0" fileid="1" />
                <SequencePoint vc="0" uspid="21" ordinal="0" offset="1" sl="115" sc="0" el="115" ec="0" bec="0" bev="0" fileid="1" />
                <SequencePoint vc="0" uspid="22" ordinal="0" offset="23" sl="116" sc="0" el="116" ec="0" bec="0" bev="0" fileid="1" />
              </SequencePoints>
              <BranchPoints />
            </Method>
          </Methods>
        </Class>
        <Class>
          <Summary numSequencePoints="0" visitedSequencePoints="0" numBranchPoints="0" visitedBranchPoints="0" sequenceCoverage="0" branchCoverage="0" maxCyclomaticComplexity="0" minCyclomaticComplexity="0" maxCrapScore="0" minCrapScore="0" visitedClasses="0" numClasses="0" visitedMethods="0" numMethods="0" />
          <FullName>SpeckleUnity.SpeckleUnityReceiver</FullName>
          <Methods>
            <Method visited="false" cyclomaticComplexity="0" nPathComplexity="0" sequenceCoverage="0.0" branchCoverage="0" crapScore="0" isConstructor="false" isStatic="false" isGetter="false" isSetter="false">
              <Summary numSequencePoints="0" visitedSequencePoints="0" numBranchPoints="0" visitedBranchPoints="0" sequenceCoverage="0.0" branchCoverage="0" maxCyclomaticComplexity="0" minCyclomaticComplexity="0" maxCrapScore="0" minCrapScore="0" visitedClasses="0" numClasses="0" visitedMethods="0" numMethods="0" />
              <MetadataToken>100663307</MetadataToken>
              <Name>System.Void SpeckleUnity.SpeckleUnityReceiver::ClientOnWsMessage(System.Object, SpeckleCore.SpeckleEventArgs)</Name>
              <FileRef uid="2" />
              <SequencePoints>
                <SequencePoint vc="0" uspid="23" ordinal="0" offset="0" sl="119" sc="0" el="119" ec="0" bec="0" bev="0" fileid="2" />
                <SequencePoint vc="0" uspid="24" ordinal="0" offset="1" sl="120" sc="0" el="120" ec="0" bec="0" bev="0" fileid="2" />
                <SequencePoint vc="0" uspid="25" ordinal="0" offset="9" sl="120" sc="0" el="120" ec="0" bec="0" bev="0" fileid="2" />
                <SequencePoint vc="0" uspid="26" ordinal="0" offset="11" sl="123" sc="0" el="123" ec="0" bec="0" bev="0" fileid="2" />
                <SequencePoint vc="0" uspid="27" ordinal="0" offset="23" sl="126" sc="0" el="126" ec="0" bec="0" bev="0" fileid="2" />
                <SequencePoint vc="0" uspid="28" ordinal="0" offset="30" sl="127" sc="0" el="127" ec="0" bec="0" bev="0" fileid="2" />
                <SequencePoint vc="0" uspid="29" ordinal="0" offset="47" sl="130" sc="0" el="130" ec="0" bec="0" bev="0" fileid="2" />
              </SequencePoints>
              <BranchPoints />
            </Method>
            <Method visited="false" cyclomaticComplexity="0" nPathComplexity="0" sequenceCoverage="0.0" branchCoverage="0" crapScore="0" isConstructor="false" isStatic="false" isGetter="false" isSetter="false">
              <Summary numSequencePoints="0" visitedSequencePoints="0" numBranchPoints="0" visitedBranchPoints="0" sequenceCoverage="0.0" branchCoverage="0" maxCyclomaticComplexity="0" minCyclomaticComplexity="0" maxCrapScore="0" minCrapScore="0" visitedClasses="0" numClasses="0" visitedMethods="0" numMethods="0" />
              <MetadataToken>100663308</MetadataToken>
              <Name>System.Void SpeckleUnity.SpeckleUnityReceiver::OnWsMessageCheck()</Name>
              <FileRef uid="2" />
              <SequencePoints>
                <SequencePoint vc="0" uspid="30" ordinal="0" offset="0" sl="138" sc="0" el="138" ec="0" bec="0" bev="0" fileid="2" />
                <SequencePoint vc="0" uspid="31" ordinal="0" offset="1" sl="140" sc="0" el="140" ec="0" bec="0" bev="0" fileid="2" />
                <SequencePoint vc="0" uspid="32" ordinal="0" offset="14" sl="141" sc="0" el="141" ec="0" bec="0" bev="0" fileid="2" />
                <SequencePoint vc="0" uspid="33" ordinal="0" offset="15" sl="142" sc="0" el="142" ec="0" bec="0" bev="0" fileid="2" />
                <SequencePoint vc="0" uspid="34" ordinal="0" offset="22" sl="143" sc="0" el="143" ec="0" bec="0" bev="0" fileid="2" />
                <SequencePoint vc="0" uspid="35" ordinal="0" offset="50" sl="145" sc="0" el="145" ec="0" bec="0" bev="0" fileid="2" />
                <SequencePoint vc="0" uspid="36" ordinal="0" offset="124" sl="148" sc="0" el="148" ec="0" bec="0" bev="0" fileid="2" />
                <SequencePoint vc="0" uspid="37" ordinal="0" offset="131" sl="149" sc="0" el="149" ec="0" bec="0" bev="0" fileid="2" />
                <SequencePoint vc="0" uspid="38" ordinal="0" offset="133" sl="152" sc="0" el="152" ec="0" bec="0" bev="0" fileid="2" />
                <SequencePoint vc="0" uspid="39" ordinal="0" offset="135" sl="155" sc="0" el="155" ec="0" bec="0" bev="0" fileid="2" />
                <SequencePoint vc="0" uspid="40" ordinal="0" offset="137" sl="157" sc="0" el="157" ec="0" bec="0" bev="0" fileid="2" />
                <SequencePoint vc="0" uspid="41" ordinal="0" offset="139" sl="160" sc="0" el="160" ec="0" bec="0" bev="0" fileid="2" />
                <SequencePoint vc="0" uspid="42" ordinal="0" offset="141" sl="162" sc="0" el="162" ec="0" bec="0" bev="0" fileid="2" />
                <SequencePoint vc="0" uspid="43" ordinal="0" offset="143" sl="164" sc="0" el="164" ec="0" bec="0" bev="0" fileid="2" />
                <SequencePoint vc="0" uspid="44" ordinal="0" offset="144" sl="165" sc="0" el="165" ec="0" bec="0" bev="0" fileid="2" />
              </SequencePoints>
              <BranchPoints />
            </Method>
            <Method visited="false" cyclomaticComplexity="0" nPathComplexity="0" sequenceCoverage="0.0" branchCoverage="0" crapScore="0" isConstructor="false" isStatic="false" isGetter="false" isSetter="false">
              <Summary numSequencePoints="0" visitedSequencePoints="0" numBranchPoints="0" visitedBranchPoints="0" sequenceCoverage="0.0" branchCoverage="0" maxCyclomaticComplexity="0" minCyclomaticComplexity="0" maxCrapScore="0" minCrapScore="0" visitedClasses="0" numClasses="0" visitedMethods="0" numMethods="0" />
              <MetadataToken>100663311</MetadataToken>
              <Name>System.Void SpeckleUnity.SpeckleUnityReceiver::ConstructLayers()</Name>
              <FileRef uid="2" />
              <SequencePoints>
                <SequencePoint vc="0" uspid="45" ordinal="0" offset="0" sl="278" sc="0" el="278" ec="0" bec="0" bev="0" fileid="2" />
                <SequencePoint vc="0" uspid="46" ordinal="0" offset="1" sl="279" sc="0" el="279" ec="0" bec="0" bev="0" fileid="2" />
                <SequencePoint vc="0" uspid="47" ordinal="0" offset="18" sl="281" sc="0" el="281" ec="0" bec="0" bev="0" fileid="2" />
                <SequencePoint vc="0" uspid="48" ordinal="0" offset="25" sl="282" sc="0" el="282" ec="0" bec="0" bev="0" fileid="2" />
                <SequencePoint vc="0" uspid="49" ordinal="0" offset="26" sl="283" sc="0" el="283" ec="0" bec="0" bev="0" fileid="2" />
                <SequencePoint vc="0" uspid="50" ordinal="0" offset="37" sl="287" sc="0" el="287" ec="0" bec="0" bev="0" fileid="2" />
                <SequencePoint vc="0" uspid="51" ordinal="0" offset="66" sl="288" sc="0" el="288" ec="0" bec="0" bev="0" fileid="2" />
                <SequencePoint vc="0" uspid="52" ordinal="0" offset="67" sl="289" sc="0" el="289" ec="0" bec="0" bev="0" fileid="2" />
                <SequencePoint vc="0" uspid="53" ordinal="0" offset="86" sl="290" sc="0" el="290" ec="0" bec="0" bev="0" fileid="2" />
                <SequencePoint vc="0" uspid="54" ordinal="0" offset="99" sl="291" sc="0" el="291" ec="0" bec="0" bev="0" fileid="2" />
                <SequencePoint vc="0" uspid="55" ordinal="0" offset="102" sl="293" sc="0" el="293" ec="0" bec="0" bev="0" fileid="2" />
                <SequencePoint vc="0" uspid="56" ordinal="0" offset="103" sl="294" sc="0" el="294" ec="0" bec="0" bev="0" fileid="2" />
                <SequencePoint vc="0" uspid="57" ordinal="0" offset="137" sl="296" sc="0" el="296" ec="0" bec="0" bev="0" fileid="2" />
                <SequencePoint vc="0" uspid="58" ordinal="0" offset="153" sl="298" sc="0" el="298" ec="0" bec="0" bev="0" fileid="2" />
                <SequencePoint vc="0" uspid="59" ordinal="0" offset="184" sl="299" sc="0" el="299" ec="0" bec="0" bev="0" fileid="2" />
                <SequencePoint vc="0" uspid="60" ordinal="0" offset="185" sl="301" sc="0" el="301" ec="0" bec="0" bev="0" fileid="2" />
                <SequencePoint vc="0" uspid="61" ordinal="0" offset="205" sl="302" sc="0" el="302" ec="0" bec="0" bev="0" fileid="2" />
                <SequencePoint vc="0" uspid="62" ordinal="0" offset="206" sl="281" sc="0" el="281" ec="0" bec="0" bev="0" fileid="2" />
                <SequencePoint vc="0" uspid="63" ordinal="0" offset="210" sl="281" sc="0" el="281" ec="0" bec="0" bev="0" fileid="2" />
                <SequencePoint vc="0" uspid="64" ordinal="0" offset="228" sl="303" sc="0" el="303" ec="0" bec="0" bev="0" fileid="2" />
              </SequencePoints>
              <BranchPoints />
            </Method>
            <Method visited="false" cyclomaticComplexity="0" nPathComplexity="0" sequenceCoverage="0.0" branchCoverage="0" crapScore="0" isConstructor="false" isStatic="false" isGetter="false" isSetter="false">
              <Summary numSequencePoints="0" visitedSequencePoints="0" numBranchPoints="0" visitedBranchPoints="0" sequenceCoverage="0.0" branchCoverage="0" maxCyclomaticComplexity="0" minCyclomaticComplexity="0" maxCrapScore="0" minCrapScore="0" visitedClasses="0" numClasses="0" visitedMethods="0" numMethods="0" />
              <MetadataToken>100663312</MetadataToken>
              <Name>UnityEngine.Transform SpeckleUnity.SpeckleUnityReceiver::FindParentInHierarchy(System.String[])</Name>
              <FileRef uid="2" />
              <SequencePoints>
                <SequencePoint vc="0" uspid="65" ordinal="0" offset="0" sl="314" sc="0" el="314" ec="0" bec="0" bev="0" fileid="2" />
                <SequencePoint vc="0" uspid="66" ordinal="0" offset="1" sl="315" sc="0" el="315" ec="0" bec="0" bev="0" fileid="2" />
                <SequencePoint vc="0" uspid="67" ordinal="0" offset="3" sl="316" sc="0" el="316" ec="0" bec="0" bev="0" fileid="2" />
                <SequencePoint vc="0" uspid="68" ordinal="0" offset="12" sl="318" sc="0" el="318" ec="0" bec="0" bev="0" fileid="2" />
                <SequencePoint vc="0" uspid="69" ordinal="0" offset="13" sl="319" sc="0" el="319" ec="0" bec="0" bev="0" fileid="2" />
                <SequencePoint vc="0" uspid="70" ordinal="0" offset="17" sl="320" sc="0" el="320" ec="0" bec="0" bev="0" fileid="2" />
                <SequencePoint vc="0" uspid="71" ordinal="0" offset="18" sl="321" sc="0" el="321" ec="0" bec="0" bev="0" fileid="2" />
                <SequencePoint vc="0" uspid="72" ordinal="0" offset="42" sl="322" sc="0" el="322" ec="0" bec="0" bev="0" fileid="2" />
                <SequencePoint vc="0" uspid="73" ordinal="0" offset="43" sl="323" sc="0" el="323" ec="0" bec="0" bev="0" fileid="2" />
                <SequencePoint vc="0" uspid="74" ordinal="0" offset="51" sl="324" sc="0" el="324" ec="0" bec="0" bev="0" fileid="2" />
                <SequencePoint vc="0" uspid="75" ordinal="0" offset="55" sl="325" sc="0" el="325" ec="0" bec="0" bev="0" fileid="2" />
                <SequencePoint vc="0" uspid="76" ordinal="0" offset="57" sl="327" sc="0" el="327" ec="0" bec="0" bev="0" fileid="2" />
                <SequencePoint vc="0" uspid="77" ordinal="0" offset="58" sl="319" sc="0" el="319" ec="0" bec="0" bev="0" fileid="2" />
                <SequencePoint vc="0" uspid="78" ordinal="0" offset="62" sl="319" sc="0" el="319" ec="0" bec="0" bev="0" fileid="2" />
                <SequencePoint vc="0" uspid="79" ordinal="0" offset="77" sl="328" sc="0" el="328" ec="0" bec="0" bev="0" fileid="2" />
                <SequencePoint vc="0" uspid="80" ordinal="0" offset="78" sl="317" sc="0" el="317" ec="0" bec="0" bev="0" fileid="2" />
                <SequencePoint vc="0" uspid="81" ordinal="0" offset="90" sl="330" sc="0" el="330" ec="0" bec="0" bev="0" fileid="2" />
                <SequencePoint vc="0" uspid="82" ordinal="0" offset="95" sl="331" sc="0" el="331" ec="0" bec="0" bev="0" fileid="2" />
              </SequencePoints>
              <BranchPoints />
            </Method>
            <Method visited="false" cyclomaticComplexity="0" nPathComplexity="0" sequenceCoverage="0.0" branchCoverage="0" crapScore="0" isConstructor="false" isStatic="false" isGetter="false" isSetter="false">
              <Summary numSequencePoints="0" visitedSequencePoints="0" numBranchPoints="0" visitedBranchPoints="0" sequenceCoverage="0.0" branchCoverage="0" maxCyclomaticComplexity="0" minCyclomaticComplexity="0" maxCrapScore="0" minCrapScore="0" visitedClasses="0" numClasses="0" visitedMethods="0" numMethods="0" />
              <MetadataToken>100663313</MetadataToken>
              <Name>System.Void SpeckleUnity.SpeckleUnityReceiver::PostProcessObject(System.Object, System.Int32)</Name>
              <FileRef uid="2" />
              <SequencePoints>
                <SequencePoint vc="0" uspid="83" ordinal="0" offset="0" sl="342" sc="0" el="342" ec="0" bec="0" bev="0" fileid="2" />
                <SequencePoint vc="0" uspid="84" ordinal="0" offset="1" sl="343" sc="0" el="343" ec="0" bec="0" bev="0" fileid="2" />
                <SequencePoint vc="0" uspid="85" ordinal="0" offset="19" sl="344" sc="0" el="344" ec="0" bec="0" bev="0" fileid="2" />
                <SequencePoint vc="0" uspid="86" ordinal="0" offset="20" sl="346" sc="0" el="346" ec="0" bec="0" bev="0" fileid="2" />
                <SequencePoint vc="0" uspid="87" ordinal="0" offset="60" sl="349" sc="0" el="349" ec="0" bec="0" bev="0" fileid="2" />
                <SequencePoint vc="0" uspid="88" ordinal="0" offset="77" sl="351" sc="0" el="351" ec="0" bec="0" bev="0" fileid="2" />
                <SequencePoint vc="0" uspid="89" ordinal="0" offset="84" sl="352" sc="0" el="352" ec="0" bec="0" bev="0" fileid="2" />
                <SequencePoint vc="0" uspid="90" ordinal="0" offset="85" sl="353" sc="0" el="353" ec="0" bec="0" bev="0" fileid="2" />
                <SequencePoint vc="0" uspid="91" ordinal="0" offset="230" sl="354" sc="0" el="354" ec="0" bec="0" bev="0" fileid="2" />
                <SequencePoint vc="0" uspid="92" ordinal="0" offset="231" sl="355" sc="0" el="355" ec="0" bec="0" bev="0" fileid="2" />
                <SequencePoint vc="0" uspid="93" ordinal="0" offset="266" sl="356" sc="0" el="356" ec="0" bec="0" bev="0" fileid="2" />
                <SequencePoint vc="0" uspid="94" ordinal="0" offset="268" sl="358" sc="0" el="358" ec="0" bec="0" bev="0" fileid="2" />
                <SequencePoint vc="0" uspid="95" ordinal="0" offset="269" sl="351" sc="0" el="351" ec="0" bec="0" bev="0" fileid="2" />
                <SequencePoint vc="0" uspid="96" ordinal="0" offset="273" sl="351" sc="0" el="351" ec="0" bec="0" bev="0" fileid="2" />
                <SequencePoint vc="0" uspid="97" ordinal="0" offset="291" sl="360" sc="0" el="360" ec="0" bec="0" bev="0" fileid="2" />
                <SequencePoint vc="0" uspid="98" ordinal="0" offset="314" sl="362" sc="0" el="362" ec="0" bec="0" bev="0" fileid="2" />
                <SequencePoint vc="0" uspid="99" ordinal="0" offset="371" sl="363" sc="0" el="363" ec="0" bec="0" bev="0" fileid="2" />
                <SequencePoint vc="0" uspid="100" ordinal="0" offset="372" sl="364" sc="0" el="364" ec="0" bec="0" bev="0" fileid="2" />
              </SequencePoints>
              <BranchPoints />
            </Method>
            <Method visited="false" cyclomaticComplexity="0" nPathComplexity="0" sequenceCoverage="0.0" branchCoverage="0" crapScore="0" isConstructor="false" isStatic="false" isGetter="false" isSetter="false">
              <Summary numSequencePoints="0" visitedSequencePoints="0" numBranchPoints="0" visitedBranchPoints="0" sequenceCoverage="0.0" branchCoverage="0" maxCyclomaticComplexity="0" minCyclomaticComplexity="0" maxCrapScore="0" minCrapScore="0" visitedClasses="0" numClasses="0" visitedMethods="0" numMethods="0" />
              <MetadataToken>100663314</MetadataToken>
              <Name>System.Void SpeckleUnity.SpeckleUnityReceiver::ReApplyRenderingRule()</Name>
              <FileRef uid="2" />
              <SequencePoints>
                <SequencePoint vc="0" uspid="101" ordinal="0" offset="0" sl="370" sc="0" el="370" ec="0" bec="0" bev="0" fileid="2" />
                <SequencePoint vc="0" uspid="102" ordinal="0" offset="1" sl="371" sc="0" el="371" ec="0" bec="0" bev="0" fileid="2" />
                <SequencePoint vc="0" uspid="103" ordinal="0" offset="5" sl="372" sc="0" el="372" ec="0" bec="0" bev="0" fileid="2" />
                <SequencePoint vc="0" uspid="104" ordinal="0" offset="6" sl="373" sc="0" el="373" ec="0" bec="0" bev="0" fileid="2" />
                <SequencePoint vc="0" uspid="105" ordinal="0" offset="32" sl="374" sc="0" el="374" ec="0" bec="0" bev="0" fileid="2" />
                <SequencePoint vc="0" uspid="106" ordinal="0" offset="33" sl="375" sc="0" el="375" ec="0" bec="0" bev="0" fileid="2" />
                <SequencePoint vc="0" uspid="107" ordinal="0" offset="90" sl="376" sc="0" el="376" ec="0" bec="0" bev="0" fileid="2" />
                <SequencePoint vc="0" uspid="108" ordinal="0" offset="91" sl="377" sc="0" el="377" ec="0" bec="0" bev="0" fileid="2" />
                <SequencePoint vc="0" uspid="109" ordinal="0" offset="92" sl="371" sc="0" el="371" ec="0" bec="0" bev="0" fileid="2" />
                <SequencePoint vc="0" uspid="110" ordinal="0" offset="96" sl="371" sc="0" el="371" ec="0" bec="0" bev="0" fileid="2" />
                <SequencePoint vc="0" uspid="111" ordinal="0" offset="114" sl="378" sc="0" el="378" ec="0" bec="0" bev="0" fileid="2" />
              </SequencePoints>
              <BranchPoints />
            </Method>
            <Method visited="true" cyclomaticComplexity="0" nPathComplexity="0" sequenceCoverage="66.7" branchCoverage="0" crapScore="0" isConstructor="false" isStatic="false" isGetter="false" isSetter="false">
              <Summary numSequencePoints="0" visitedSequencePoints="0" numBranchPoints="0" visitedBranchPoints="0" sequenceCoverage="66.7" branchCoverage="0" maxCyclomaticComplexity="0" minCyclomaticComplexity="0" maxCrapScore="0" minCrapScore="0" visitedClasses="0" numClasses="0" visitedMethods="0" numMethods="0" />
              <MetadataToken>100663315</MetadataToken>
              <Name>System.Void SpeckleUnity.SpeckleUnityReceiver::RemoveContents()</Name>
              <FileRef uid="2" />
              <SequencePoints>
                <SequencePoint vc="4" uspid="112" ordinal="0" offset="0" sl="384" sc="3" el="384" ec="3" bec="0" bev="0" fileid="2" />
                <SequencePoint vc="4" uspid="113" ordinal="0" offset="1" sl="385" sc="4" el="385" ec="4" bec="0" bev="0" fileid="2" />
                <SequencePoint vc="1" uspid="114" ordinal="0" offset="17" sl="386" sc="4" el="386" ec="4" bec="0" bev="0" fileid="2" />
                <SequencePoint vc="1" uspid="115" ordinal="0" offset="18" sl="388" sc="10" el="388" ec="10" bec="0" bev="0" fileid="2" />
                <SequencePoint vc="0" uspid="116" ordinal="0" offset="22" sl="389" sc="5" el="389" ec="5" bec="0" bev="0" fileid="2" />
                <SequencePoint vc="0" uspid="117" ordinal="0" offset="23" sl="390" sc="6" el="390" ec="6" bec="0" bev="0" fileid="2" />
                <SequencePoint vc="0" uspid="118" ordinal="0" offset="41" sl="391" sc="5" el="391" ec="5" bec="0" bev="0" fileid="2" />
                <SequencePoint vc="0" uspid="119" ordinal="0" offset="42" sl="388" sc="48" el="388" ec="48" bec="0" bev="0" fileid="2" />
                <SequencePoint vc="1" uspid="120" ordinal="0" offset="46" sl="388" sc="21" el="388" ec="21" bec="0" bev="0" fileid="2" />
                <SequencePoint vc="1" uspid="121" ordinal="0" offset="64" sl="392" sc="4" el="392" ec="4" bec="0" bev="0" fileid="2" />
                <SequencePoint vc="4" uspid="122" ordinal="0" offset="65" sl="394" sc="4" el="394" ec="4" bec="0" bev="0" fileid="2" />
                <SequencePoint vc="4" uspid="123" ordinal="0" offset="77" sl="395" sc="3" el="395" ec="3" bec="0" bev="0" fileid="2" />
              </SequencePoints>
              <BranchPoints />
            </Method>
            <Method visited="true" cyclomaticComplexity="0" nPathComplexity="0" sequenceCoverage="100.0" branchCoverage="0" crapScore="0" isConstructor="true" isStatic="false" isGetter="false" isSetter="false">
              <Summary numSequencePoints="0" visitedSequencePoints="0" numBranchPoints="0" visitedBranchPoints="0" sequenceCoverage="100.0" branchCoverage="0" maxCyclomaticComplexity="0" minCyclomaticComplexity="0" maxCrapScore="0" minCrapScore="0" visitedClasses="0" numClasses="0" visitedMethods="0" numMethods="0" />
              <MetadataToken>100663305</MetadataToken>
              <Name>SpeckleUnity.SpeckleUnityReceiver::SpeckleUnityReceiver(System.String, UnityEngine.Transform)</Name>
              <FileRef uid="2" />
              <SequencePoints>
                <SequencePoint vc="4" uspid="124" ordinal="0" offset="0" sl="24" sc="3" el="24" ec="3" bec="0" bev="0" fileid="2" />
                <SequencePoint vc="4" uspid="125" ordinal="0" offset="7" sl="42" sc="3" el="42" ec="3" bec="0" bev="0" fileid="2" />
                <SequencePoint vc="4" uspid="126" ordinal="0" offset="18" sl="48" sc="3" el="48" ec="3" bec="0" bev="0" fileid="2" />
                <SequencePoint vc="4" uspid="127" ordinal="0" offset="29" sl="67" sc="3" el="67" ec="3" bec="0" bev="0" fileid="2" />
                <SequencePoint vc="4" uspid="128" ordinal="0" offset="36" sl="68" sc="3" el="68" ec="3" bec="0" bev="0" fileid="2" />
                <SequencePoint vc="4" uspid="129" ordinal="0" offset="37" sl="69" sc="4" el="69" ec="4" bec="0" bev="0" fileid="2" />
                <SequencePoint vc="4" uspid="130" ordinal="0" offset="44" sl="70" sc="4" el="70" ec="4" bec="0" bev="0" fileid="2" />
                <SequencePoint vc="4" uspid="131" ordinal="0" offset="51" sl="71" sc="3" el="71" ec="3" bec="0" bev="0" fileid="2" />
              </SequencePoints>
              <BranchPoints />
            </Method>
          </Methods>
        </Class>
        <Class>
          <Summary numSequencePoints="0" visitedSequencePoints="0" numBranchPoints="0" visitedBranchPoints="0" sequenceCoverage="0" branchCoverage="0" maxCyclomaticComplexity="0" minCyclomaticComplexity="0" maxCrapScore="0" minCrapScore="0" visitedClasses="0" numClasses="0" visitedMethods="0" numMethods="0" />
          <FullName>SpeckleUnity.SpeckleUnitySender</FullName>
          <Methods>
            <Method visited="false" cyclomaticComplexity="0" nPathComplexity="0" sequenceCoverage="0.0" branchCoverage="0" crapScore="0" isConstructor="false" isStatic="false" isGetter="false" isSetter="false">
              <Summary numSequencePoints="0" visitedSequencePoints="0" numBranchPoints="0" visitedBranchPoints="0" sequenceCoverage="0.0" branchCoverage="0" maxCyclomaticComplexity="0" minCyclomaticComplexity="0" maxCrapScore="0" minCrapScore="0" visitedClasses="0" numClasses="0" visitedMethods="0" numMethods="0" />
              <MetadataToken>100663316</MetadataToken>
              <Name>System.Threading.Tasks.Task SpeckleUnity.SpeckleUnitySender::InitializeClient(SpeckleUnity.SpeckleUnityManager, System.String, System.String)</Name>
              <FileRef uid="3" />
              <SequencePoints>
                <SequencePoint vc="0" uspid="132" ordinal="0" offset="0" sl="28" sc="0" el="28" ec="0" bec="0" bev="0" fileid="3" />
                <SequencePoint vc="0" uspid="133" ordinal="0" offset="1" sl="29" sc="0" el="29" ec="0" bec="0" bev="0" fileid="3" />
              </SequencePoints>
              <BranchPoints />
            </Method>
          </Methods>
        </Class>
        <Class>
          <Summary numSequencePoints="0" visitedSequencePoints="0" numBranchPoints="0" visitedBranchPoints="0" sequenceCoverage="0" branchCoverage="0" maxCyclomaticComplexity="0" minCyclomaticComplexity="0" maxCrapScore="0" minCrapScore="0" visitedClasses="0" numClasses="0" visitedMethods="0" numMethods="0" />
          <FullName>SpeckleUnity.SpeckleUnityUpdate</FullName>
          <Methods>
            <Method visited="false" cyclomaticComplexity="0" nPathComplexity="0" sequenceCoverage="0.0" branchCoverage="0" crapScore="0" isConstructor="true" isStatic="false" isGetter="false" isSetter="false">
              <Summary numSequencePoints="0" visitedSequencePoints="0" numBranchPoints="0" visitedBranchPoints="0" sequenceCoverage="0.0" branchCoverage="0" maxCyclomaticComplexity="0" minCyclomaticComplexity="0" maxCrapScore="0" minCrapScore="0" visitedClasses="0" numClasses="0" visitedMethods="0" numMethods="0" />
              <MetadataToken>100663318</MetadataToken>
              <Name>SpeckleUnity.SpeckleUnityUpdate::SpeckleUnityUpdate(System.String, UnityEngine.Transform, SpeckleUnity.UpdateType)</Name>
              <FileRef uid="4" />
              <SequencePoints>
                <SequencePoint vc="0" uspid="134" ordinal="0" offset="0" sl="36" sc="0" el="36" ec="0" bec="0" bev="0" fileid="4" />
                <SequencePoint vc="0" uspid="135" ordinal="0" offset="7" sl="37" sc="0" el="37" ec="0" bec="0" bev="0" fileid="4" />
                <SequencePoint vc="0" uspid="136" ordinal="0" offset="8" sl="38" sc="0" el="38" ec="0" bec="0" bev="0" fileid="4" />
                <SequencePoint vc="0" uspid="137" ordinal="0" offset="15" sl="39" sc="0" el="39" ec="0" bec="0" bev="0" fileid="4" />
                <SequencePoint vc="0" uspid="138" ordinal="0" offset="22" sl="40" sc="0" el="40" ec="0" bec="0" bev="0" fileid="4" />
                <SequencePoint vc="0" uspid="139" ordinal="0" offset="29" sl="41" sc="0" el="41" ec="0" bec="0" bev="0" fileid="4" />
              </SequencePoints>
              <BranchPoints />
            </Method>
          </Methods>
        </Class>
        <Class>
          <Summary numSequencePoints="0" visitedSequencePoints="0" numBranchPoints="0" visitedBranchPoints="0" sequenceCoverage="0" branchCoverage="0" maxCyclomaticComplexity="0" minCyclomaticComplexity="0" maxCrapScore="0" minCrapScore="0" visitedClasses="0" numClasses="0" visitedMethods="0" numMethods="0" />
          <FullName>SpeckleUnity.ColorByType</FullName>
          <Methods>
            <Method visited="false" cyclomaticComplexity="0" nPathComplexity="0" sequenceCoverage="0.0" branchCoverage="0" crapScore="0" isConstructor="false" isStatic="false" isGetter="false" isSetter="false">
              <Summary numSequencePoints="0" visitedSequencePoints="0" numBranchPoints="0" visitedBranchPoints="0" sequenceCoverage="0.0" branchCoverage="0" maxCyclomaticComplexity="0" minCyclomaticComplexity="0" maxCrapScore="0" minCrapScore="0" visitedClasses="0" numClasses="0" visitedMethods="0" numMethods="0" />
              <MetadataToken>100663322</MetadataToken>
              <Name>System.Void SpeckleUnity.ColorByType::ApplyRuleToObject(UnityEngine.Renderer, SpeckleCore.SpeckleObject, UnityEngine.MaterialPropertyBlock)</Name>
              <FileRef uid="5" />
              <SequencePoints>
                <SequencePoint vc="0" uspid="140" ordinal="0" offset="0" sl="52" sc="0" el="52" ec="0" bec="0" bev="0" fileid="5" />
                <SequencePoint vc="0" uspid="141" ordinal="0" offset="1" sl="55" sc="0" el="55" ec="0" bec="0" bev="0" fileid="5" />
                <SequencePoint vc="0" uspid="142" ordinal="0" offset="19" sl="55" sc="0" el="55" ec="0" bec="0" bev="0" fileid="5" />
                <SequencePoint vc="0" uspid="143" ordinal="0" offset="31" sl="57" sc="0" el="57" ec="0" bec="0" bev="0" fileid="5" />
                <SequencePoint vc="0" uspid="144" ordinal="0" offset="55" sl="58" sc="0" el="58" ec="0" bec="0" bev="0" fileid="5" />
                <SequencePoint vc="0" uspid="145" ordinal="0" offset="56" sl="59" sc="0" el="59" ec="0" bec="0" bev="0" fileid="5" />
                <SequencePoint vc="0" uspid="146" ordinal="0" offset="83" sl="61" sc="0" el="61" ec="0" bec="0" bev="0" fileid="5" />
                <SequencePoint vc="0" uspid="147" ordinal="0" offset="102" sl="62" sc="0" el="62" ec="0" bec="0" bev="0" fileid="5" />
                <SequencePoint vc="0" uspid="148" ordinal="0" offset="126" sl="63" sc="0" el="63" ec="0" bec="0" bev="0" fileid="5" />
                <SequencePoint vc="0" uspid="149" ordinal="0" offset="129" sl="65" sc="0" el="65" ec="0" bec="0" bev="0" fileid="5" />
                <SequencePoint vc="0" uspid="150" ordinal="0" offset="130" sl="66" sc="0" el="66" ec="0" bec="0" bev="0" fileid="5" />
                <SequencePoint vc="0" uspid="151" ordinal="0" offset="150" sl="67" sc="0" el="67" ec="0" bec="0" bev="0" fileid="5" />
                <SequencePoint vc="0" uspid="152" ordinal="0" offset="151" sl="69" sc="0" el="69" ec="0" bec="0" bev="0" fileid="5" />
                <SequencePoint vc="0" uspid="153" ordinal="0" offset="165" sl="70" sc="0" el="70" ec="0" bec="0" bev="0" fileid="5" />
                <SequencePoint vc="0" uspid="154" ordinal="0" offset="173" sl="72" sc="0" el="72" ec="0" bec="0" bev="0" fileid="5" />
                <SequencePoint vc="0" uspid="155" ordinal="0" offset="186" sl="73" sc="0" el="73" ec="0" bec="0" bev="0" fileid="5" />
                <SequencePoint vc="0" uspid="156" ordinal="0" offset="199" sl="74" sc="0" el="74" ec="0" bec="0" bev="0" fileid="5" />
              </SequencePoints>
              <BranchPoints />
            </Method>
            <Method visited="false" cyclomaticComplexity="0" nPathComplexity="0" sequenceCoverage="0.0" branchCoverage="0" crapScore="0" isConstructor="true" isStatic="false" isGetter="false" isSetter="false">
              <Summary numSequencePoints="0" visitedSequencePoints="0" numBranchPoints="0" visitedBranchPoints="0" sequenceCoverage="0.0" branchCoverage="0" maxCyclomaticComplexity="0" minCyclomaticComplexity="0" maxCrapScore="0" minCrapScore="0" visitedClasses="0" numClasses="0" visitedMethods="0" numMethods="0" />
              <MetadataToken>100663323</MetadataToken>
              <Name>SpeckleUnity.ColorByType::ColorByType()</Name>
              <FileRef uid="5" />
              <SequencePoints>
                <SequencePoint vc="0" uspid="157" ordinal="0" offset="0" sl="23" sc="0" el="23" ec="0" bec="0" bev="0" fileid="5" />
                <SequencePoint vc="0" uspid="158" ordinal="0" offset="11" sl="28" sc="0" el="28" ec="0" bec="0" bev="0" fileid="5" />
                <SequencePoint vc="0" uspid="159" ordinal="0" offset="18" sl="33" sc="0" el="33" ec="0" bec="0" bev="0" fileid="5" />
                <SequencePoint vc="0" uspid="160" ordinal="0" offset="25" sl="38" sc="0" el="38" ec="0" bec="0" bev="0" fileid="5" />
                <SequencePoint vc="0" uspid="161" ordinal="0" offset="36" sl="43" sc="0" el="43" ec="0" bec="0" bev="0" fileid="5" />
              </SequencePoints>
              <BranchPoints />
            </Method>
          </Methods>
        </Class>
        <Class>
          <Summary numSequencePoints="0" visitedSequencePoints="0" numBranchPoints="0" visitedBranchPoints="0" sequenceCoverage="0" branchCoverage="0" maxCyclomaticComplexity="0" minCyclomaticComplexity="0" maxCrapScore="0" minCrapScore="0" visitedClasses="0" numClasses="0" visitedMethods="0" numMethods="0" />
          <FullName>SpeckleUnity.ColorKey</FullName>
          <Methods>
            <Method visited="false" cyclomaticComplexity="0" nPathComplexity="0" sequenceCoverage="0.0" branchCoverage="0" crapScore="0" isConstructor="true" isStatic="false" isGetter="false" isSetter="false">
              <Summary numSequencePoints="0" visitedSequencePoints="0" numBranchPoints="0" visitedBranchPoints="0" sequenceCoverage="0.0" branchCoverage="0" maxCyclomaticComplexity="0" minCyclomaticComplexity="0" maxCrapScore="0" minCrapScore="0" visitedClasses="0" numClasses="0" visitedMethods="0" numMethods="0" />
              <MetadataToken>100663324</MetadataToken>
              <Name>SpeckleUnity.ColorKey::ColorKey(System.String, UnityEngine.Color)</Name>
              <FileRef uid="5" />
              <SequencePoints>
                <SequencePoint vc="0" uspid="162" ordinal="0" offset="0" sl="98" sc="0" el="98" ec="0" bec="0" bev="0" fileid="5" />
                <SequencePoint vc="0" uspid="163" ordinal="0" offset="7" sl="99" sc="0" el="99" ec="0" bec="0" bev="0" fileid="5" />
                <SequencePoint vc="0" uspid="164" ordinal="0" offset="8" sl="100" sc="0" el="100" ec="0" bec="0" bev="0" fileid="5" />
                <SequencePoint vc="0" uspid="165" ordinal="0" offset="15" sl="101" sc="0" el="101" ec="0" bec="0" bev="0" fileid="5" />
                <SequencePoint vc="0" uspid="166" ordinal="0" offset="22" sl="102" sc="0" el="102" ec="0" bec="0" bev="0" fileid="5" />
              </SequencePoints>
              <BranchPoints />
            </Method>
          </Methods>
        </Class>
        <Class>
          <Summary numSequencePoints="0" visitedSequencePoints="0" numBranchPoints="0" visitedBranchPoints="0" sequenceCoverage="0" branchCoverage="0" maxCyclomaticComplexity="0" minCyclomaticComplexity="0" maxCrapScore="0" minCrapScore="0" visitedClasses="0" numClasses="0" visitedMethods="0" numMethods="0" />
          <FullName>SpeckleUnity.SpeckleUnityObject</FullName>
          <Methods>
            <Method visited="false" cyclomaticComplexity="0" nPathComplexity="0" sequenceCoverage="0.0" branchCoverage="0" crapScore="0" isConstructor="false" isStatic="false" isGetter="false" isSetter="false">
              <Summary numSequencePoints="0" visitedSequencePoints="0" numBranchPoints="0" visitedBranchPoints="0" sequenceCoverage="0.0" branchCoverage="0" maxCyclomaticComplexity="0" minCyclomaticComplexity="0" maxCrapScore="0" minCrapScore="0" visitedClasses="0" numClasses="0" visitedMethods="0" numMethods="0" />
              <MetadataToken>100663331</MetadataToken>
              <Name>System.Void SpeckleUnity.SpeckleUnityObject::OnValueChanged()</Name>
              <FileRef uid="6" />
              <SequencePoints>
                <SequencePoint vc="0" uspid="167" ordinal="0" offset="0" sl="32" sc="0" el="32" ec="0" bec="0" bev="0" fileid="6" />
                <SequencePoint vc="0" uspid="168" ordinal="0" offset="1" sl="33" sc="0" el="33" ec="0" bec="0" bev="0" fileid="6" />
                <SequencePoint vc="0" uspid="169" ordinal="0" offset="20" sl="34" sc="0" el="34" ec="0" bec="0" bev="0" fileid="6" />
              </SequencePoints>
              <BranchPoints />
            </Method>
          </Methods>
        </Class>
        <Class>
          <Summary numSequencePoints="0" visitedSequencePoints="0" numBranchPoints="0" visitedBranchPoints="0" sequenceCoverage="0" branchCoverage="0" maxCyclomaticComplexity="0" minCyclomaticComplexity="0" maxCrapScore="0" minCrapScore="0" visitedClasses="0" numClasses="0" visitedMethods="0" numMethods="0" />
          <FullName>SpeckleUnity.SpeckleUnityGeometry</FullName>
          <Methods>
            <Method visited="false" cyclomaticComplexity="0" nPathComplexity="0" sequenceCoverage="0.0" branchCoverage="0" crapScore="0" isConstructor="true" isStatic="false" isGetter="false" isSetter="false">
              <Summary numSequencePoints="0" visitedSequencePoints="0" numBranchPoints="0" visitedBranchPoints="0" sequenceCoverage="0.0" branchCoverage="0" maxCyclomaticComplexity="0" minCyclomaticComplexity="0" maxCrapScore="0" minCrapScore="0" visitedClasses="0" numClasses="0" visitedMethods="0" numMethods="0" />
              <MetadataToken>100663333</MetadataToken>
              <Name>SpeckleUnity.SpeckleUnityGeometry::SpeckleUnityGeometry()</Name>
              <FileRef uid="6" />
              <SequencePoints>
                <SequencePoint vc="0" uspid="170" ordinal="0" offset="0" sl="57" sc="0" el="57" ec="0" bec="0" bev="0" fileid="6" />
                <SequencePoint vc="0" uspid="171" ordinal="0" offset="7" sl="58" sc="0" el="58" ec="0" bec="0" bev="0" fileid="6" />
                <SequencePoint vc="0" uspid="172" ordinal="0" offset="8" sl="59" sc="0" el="59" ec="0" bec="0" bev="0" fileid="6" />
                <SequencePoint vc="0" uspid="173" ordinal="0" offset="19" sl="61" sc="0" el="61" ec="0" bec="0" bev="0" fileid="6" />
              </SequencePoints>
              <BranchPoints />
            </Method>
          </Methods>
        </Class>
        <Class>
          <Summary numSequencePoints="0" visitedSequencePoints="0" numBranchPoints="0" visitedBranchPoints="0" sequenceCoverage="0" branchCoverage="0" maxCyclomaticComplexity="0" minCyclomaticComplexity="0" maxCrapScore="0" minCrapScore="0" visitedClasses="0" numClasses="0" visitedMethods="0" numMethods="0" />
          <FullName>SpeckleUnity.SpeckleUnityMesh</FullName>
          <Methods>
            <Method visited="false" cyclomaticComplexity="0" nPathComplexity="0" sequenceCoverage="0.0" branchCoverage="0" crapScore="0" isConstructor="true" isStatic="false" isGetter="false" isSetter="false">
              <Summary numSequencePoints="0" visitedSequencePoints="0" numBranchPoints="0" visitedBranchPoints="0" sequenceCoverage="0.0" branchCoverage="0" maxCyclomaticComplexity="0" minCyclomaticComplexity="0" maxCrapScore="0" minCrapScore="0" visitedClasses="0" numClasses="0" visitedMethods="0" numMethods="0" />
              <MetadataToken>100663334</MetadataToken>
              <Name>SpeckleUnity.SpeckleUnityMesh::SpeckleUnityMesh(System.String, UnityEngine.Vector3[], System.Int32[])</Name>
              <FileRef uid="6" />
              <SequencePoints>
                <SequencePoint vc="0" uspid="174" ordinal="0" offset="0" sl="81" sc="0" el="81" ec="0" bec="0" bev="0" fileid="6" />
                <SequencePoint vc="0" uspid="175" ordinal="0" offset="7" sl="82" sc="0" el="82" ec="0" bec="0" bev="0" fileid="6" />
                <SequencePoint vc="0" uspid="176" ordinal="0" offset="8" sl="83" sc="0" el="83" ec="0" bec="0" bev="0" fileid="6" />
                <SequencePoint vc="0" uspid="177" ordinal="0" offset="21" sl="85" sc="0" el="85" ec="0" bec="0" bev="0" fileid="6" />
                <SequencePoint vc="0" uspid="178" ordinal="0" offset="47" sl="86" sc="0" el="86" ec="0" bec="0" bev="0" fileid="6" />
                <SequencePoint vc="0" uspid="179" ordinal="0" offset="64" sl="88" sc="0" el="88" ec="0" bec="0" bev="0" fileid="6" />
                <SequencePoint vc="0" uspid="180" ordinal="0" offset="72" sl="89" sc="0" el="89" ec="0" bec="0" bev="0" fileid="6" />
                <SequencePoint vc="0" uspid="181" ordinal="0" offset="80" sl="90" sc="0" el="90" ec="0" bec="0" bev="0" fileid="6" />
                <SequencePoint vc="0" uspid="182" ordinal="0" offset="87" sl="91" sc="0" el="91" ec="0" bec="0" bev="0" fileid="6" />
                <SequencePoint vc="0" uspid="183" ordinal="0" offset="94" sl="94" sc="0" el="94" ec="0" bec="0" bev="0" fileid="6" />
                <SequencePoint vc="0" uspid="184" ordinal="0" offset="106" sl="95" sc="0" el="95" ec="0" bec="0" bev="0" fileid="6" />
                <SequencePoint vc="0" uspid="185" ordinal="0" offset="114" sl="96" sc="0" el="96" ec="0" bec="0" bev="0" fileid="6" />
              </SequencePoints>
              <BranchPoints />
            </Method>
          </Methods>
        </Class>
        <Class>
          <Summary numSequencePoints="0" visitedSequencePoints="0" numBranchPoints="0" visitedBranchPoints="0" sequenceCoverage="0" branchCoverage="0" maxCyclomaticComplexity="0" minCyclomaticComplexity="0" maxCrapScore="0" minCrapScore="0" visitedClasses="0" numClasses="0" visitedMethods="0" numMethods="0" />
          <FullName>SpeckleUnity.SpeckleUnityPolyline</FullName>
          <Methods>
            <Method visited="false" cyclomaticComplexity="0" nPathComplexity="0" sequenceCoverage="0.0" branchCoverage="0" crapScore="0" isConstructor="true" isStatic="false" isGetter="false" isSetter="false">
              <Summary numSequencePoints="0" visitedSequencePoints="0" numBranchPoints="0" visitedBranchPoints="0" sequenceCoverage="0.0" branchCoverage="0" maxCyclomaticComplexity="0" minCyclomaticComplexity="0" maxCrapScore="0" minCrapScore="0" visitedClasses="0" numClasses="0" visitedMethods="0" numMethods="0" />
              <MetadataToken>100663335</MetadataToken>
              <Name>SpeckleUnity.SpeckleUnityPolyline::SpeckleUnityPolyline(System.String, UnityEngine.Vector3[])</Name>
              <FileRef uid="6" />
              <SequencePoints>
                <SequencePoint vc="0" uspid="186" ordinal="0" offset="0" sl="115" sc="0" el="115" ec="0" bec="0" bev="0" fileid="6" />
                <SequencePoint vc="0" uspid="187" ordinal="0" offset="7" sl="116" sc="0" el="116" ec="0" bec="0" bev="0" fileid="6" />
                <SequencePoint vc="0" uspid="188" ordinal="0" offset="8" sl="117" sc="0" el="117" ec="0" bec="0" bev="0" fileid="6" />
                <SequencePoint vc="0" uspid="189" ordinal="0" offset="21" sl="120" sc="0" el="120" ec="0" bec="0" bev="0" fileid="6" />
                <SequencePoint vc="0" uspid="190" ordinal="0" offset="47" sl="121" sc="0" el="121" ec="0" bec="0" bev="0" fileid="6" />
                <SequencePoint vc="0" uspid="191" ordinal="0" offset="62" sl="122" sc="0" el="122" ec="0" bec="0" bev="0" fileid="6" />
                <SequencePoint vc="0" uspid="192" ordinal="0" offset="75" sl="123" sc="0" el="123" ec="0" bec="0" bev="0" fileid="6" />
                <SequencePoint vc="0" uspid="193" ordinal="0" offset="88" sl="124" sc="0" el="124" ec="0" bec="0" bev="0" fileid="6" />
                <SequencePoint vc="0" uspid="194" ordinal="0" offset="105" sl="125" sc="0" el="125" ec="0" bec="0" bev="0" fileid="6" />
                <SequencePoint vc="0" uspid="195" ordinal="0" offset="122" sl="126" sc="0" el="126" ec="0" bec="0" bev="0" fileid="6" />
              </SequencePoints>
              <BranchPoints />
            </Method>
          </Methods>
        </Class>
        <Class>
          <Summary numSequencePoints="0" visitedSequencePoints="0" numBranchPoints="0" visitedBranchPoints="0" sequenceCoverage="0" branchCoverage="0" maxCyclomaticComplexity="0" minCyclomaticComplexity="0" maxCrapScore="0" minCrapScore="0" visitedClasses="0" numClasses="0" visitedMethods="0" numMethods="0" />
          <FullName>SpeckleUnity.SpeckleUnityPoint</FullName>
          <Methods>
            <Method visited="false" cyclomaticComplexity="0" nPathComplexity="0" sequenceCoverage="0.0" branchCoverage="0" crapScore="0" isConstructor="true" isStatic="false" isGetter="false" isSetter="false">
              <Summary numSequencePoints="0" visitedSequencePoints="0" numBranchPoints="0" visitedBranchPoints="0" sequenceCoverage="0.0" branchCoverage="0" maxCyclomaticComplexity="0" minCyclomaticComplexity="0" maxCrapScore="0" minCrapScore="0" visitedClasses="0" numClasses="0" visitedMethods="0" numMethods="0" />
              <MetadataToken>100663336</MetadataToken>
              <Name>SpeckleUnity.SpeckleUnityPoint::SpeckleUnityPoint(System.String, UnityEngine.Vector3)</Name>
              <FileRef uid="6" />
              <SequencePoints>
                <SequencePoint vc="0" uspid="196" ordinal="0" offset="0" sl="151" sc="0" el="151" ec="0" bec="0" bev="0" fileid="6" />
                <SequencePoint vc="0" uspid="197" ordinal="0" offset="7" sl="152" sc="0" el="152" ec="0" bec="0" bev="0" fileid="6" />
                <SequencePoint vc="0" uspid="198" ordinal="0" offset="8" sl="153" sc="0" el="153" ec="0" bec="0" bev="0" fileid="6" />
                <SequencePoint vc="0" uspid="199" ordinal="0" offset="21" sl="155" sc="0" el="155" ec="0" bec="0" bev="0" fileid="6" />
                <SequencePoint vc="0" uspid="200" ordinal="0" offset="28" sl="158" sc="0" el="158" ec="0" bec="0" bev="0" fileid="6" />
                <SequencePoint vc="0" uspid="201" ordinal="0" offset="54" sl="159" sc="0" el="159" ec="0" bec="0" bev="0" fileid="6" />
                <SequencePoint vc="0" uspid="202" ordinal="0" offset="88" sl="160" sc="0" el="160" ec="0" bec="0" bev="0" fileid="6" />
                <SequencePoint vc="0" uspid="203" ordinal="0" offset="101" sl="161" sc="0" el="161" ec="0" bec="0" bev="0" fileid="6" />
                <SequencePoint vc="0" uspid="204" ordinal="0" offset="118" sl="162" sc="0" el="162" ec="0" bec="0" bev="0" fileid="6" />
                <SequencePoint vc="0" uspid="205" ordinal="0" offset="135" sl="163" sc="0" el="163" ec="0" bec="0" bev="0" fileid="6" />
              </SequencePoints>
              <BranchPoints />
            </Method>
          </Methods>
        </Class>
        <Class>
          <Summary numSequencePoints="0" visitedSequencePoints="0" numBranchPoints="0" visitedBranchPoints="0" sequenceCoverage="0" branchCoverage="0" maxCyclomaticComplexity="0" minCyclomaticComplexity="0" maxCrapScore="0" minCrapScore="0" visitedClasses="0" numClasses="0" visitedMethods="0" numMethods="0" />
          <FullName>SpeckleUnity.SpeckleUnityNumber</FullName>
          <Methods>
            <Method visited="false" cyclomaticComplexity="0" nPathComplexity="0" sequenceCoverage="0.0" branchCoverage="0" crapScore="0" isConstructor="true" isStatic="false" isGetter="false" isSetter="false">
              <Summary numSequencePoints="0" visitedSequencePoints="0" numBranchPoints="0" visitedBranchPoints="0" sequenceCoverage="0.0" branchCoverage="0" maxCyclomaticComplexity="0" minCyclomaticComplexity="0" maxCrapScore="0" minCrapScore="0" visitedClasses="0" numClasses="0" visitedMethods="0" numMethods="0" />
              <MetadataToken>100663337</MetadataToken>
              <Name>SpeckleUnity.SpeckleUnityNumber::SpeckleUnityNumber(System.Single)</Name>
              <FileRef uid="6" />
              <SequencePoints>
                <SequencePoint vc="0" uspid="206" ordinal="0" offset="0" sl="180" sc="0" el="180" ec="0" bec="0" bev="0" fileid="6" />
                <SequencePoint vc="0" uspid="207" ordinal="0" offset="7" sl="181" sc="0" el="181" ec="0" bec="0" bev="0" fileid="6" />
                <SequencePoint vc="0" uspid="208" ordinal="0" offset="8" sl="182" sc="0" el="182" ec="0" bec="0" bev="0" fileid="6" />
                <SequencePoint vc="0" uspid="209" ordinal="0" offset="15" sl="183" sc="0" el="183" ec="0" bec="0" bev="0" fileid="6" />
              </SequencePoints>
              <BranchPoints />
            </Method>
          </Methods>
        </Class>
        <Class>
          <Summary numSequencePoints="0" visitedSequencePoints="0" numBranchPoints="0" visitedBranchPoints="0" sequenceCoverage="0" branchCoverage="0" maxCyclomaticComplexity="0" minCyclomaticComplexity="0" maxCrapScore="0" minCrapScore="0" visitedClasses="0" numClasses="0" visitedMethods="0" numMethods="0" />
          <FullName>SpeckleUnity.Conversions</FullName>
          <Methods>
            <Method visited="false" cyclomaticComplexity="0" nPathComplexity="0" sequenceCoverage="0.0" branchCoverage="0" crapScore="0" isConstructor="false" isStatic="true" isGetter="false" isSetter="false">
              <Summary numSequencePoints="0" visitedSequencePoints="0" numBranchPoints="0" visitedBranchPoints="0" sequenceCoverage="0.0" branchCoverage="0" maxCyclomaticComplexity="0" minCyclomaticComplexity="0" maxCrapScore="0" minCrapScore="0" visitedClasses="0" numClasses="0" visitedMethods="0" numMethods="0" />
              <MetadataToken>100663338</MetadataToken>
              <Name>static UnityEngine.Vector3 SpeckleUnity.Conversions::ToPoint(System.Double, System.Double, System.Double)</Name>
              <FileRef uid="7" />
              <SequencePoints>
                <SequencePoint vc="0" uspid="210" ordinal="0" offset="0" sl="28" sc="0" el="28" ec="0" bec="0" bev="0" fileid="7" />
                <SequencePoint vc="0" uspid="211" ordinal="0" offset="1" sl="30" sc="0" el="30" ec="0" bec="0" bev="0" fileid="7" />
                <SequencePoint vc="0" uspid="212" ordinal="0" offset="15" sl="31" sc="0" el="31" ec="0" bec="0" bev="0" fileid="7" />
              </SequencePoints>
              <BranchPoints />
            </Method>
            <Method visited="false" cyclomaticComplexity="0" nPathComplexity="0" sequenceCoverage="0.0" branchCoverage="0" crapScore="0" isConstructor="false" isStatic="true" isGetter="false" isSetter="false">
              <Summary numSequencePoints="0" visitedSequencePoints="0" numBranchPoints="0" visitedBranchPoints="0" sequenceCoverage="0.0" branchCoverage="0" maxCyclomaticComplexity="0" minCyclomaticComplexity="0" maxCrapScore="0" minCrapScore="0" visitedClasses="0" numClasses="0" visitedMethods="0" numMethods="0" />
              <MetadataToken>100663339</MetadataToken>
              <Name>static UnityEngine.Vector3 SpeckleUnity.Conversions::ToPoint(System.Double[])</Name>
              <FileRef uid="7" />
              <SequencePoints>
                <SequencePoint vc="0" uspid="213" ordinal="0" offset="0" sl="39" sc="0" el="39" ec="0" bec="0" bev="0" fileid="7" />
                <SequencePoint vc="0" uspid="214" ordinal="0" offset="1" sl="40" sc="0" el="40" ec="0" bec="0" bev="0" fileid="7" />
                <SequencePoint vc="0" uspid="215" ordinal="0" offset="5" sl="41" sc="0" el="41" ec="0" bec="0" bev="0" fileid="7" />
                <SequencePoint vc="0" uspid="216" ordinal="0" offset="9" sl="42" sc="0" el="42" ec="0" bec="0" bev="0" fileid="7" />
                <SequencePoint vc="0" uspid="217" ordinal="0" offset="13" sl="44" sc="0" el="44" ec="0" bec="0" bev="0" fileid="7" />
                <SequencePoint vc="0" uspid="218" ordinal="0" offset="27" sl="45" sc="0" el="45" ec="0" bec="0" bev="0" fileid="7" />
              </SequencePoints>
              <BranchPoints />
            </Method>
            <Method visited="false" cyclomaticComplexity="0" nPathComplexity="0" sequenceCoverage="0.0" branchCoverage="0" crapScore="0" isConstructor="false" isStatic="true" isGetter="false" isSetter="false">
              <Summary numSequencePoints="0" visitedSequencePoints="0" numBranchPoints="0" visitedBranchPoints="0" sequenceCoverage="0.0" branchCoverage="0" maxCyclomaticComplexity="0" minCyclomaticComplexity="0" maxCrapScore="0" minCrapScore="0" visitedClasses="0" numClasses="0" visitedMethods="0" numMethods="0" />
              <MetadataToken>100663340</MetadataToken>
              <Name>static UnityEngine.Vector3[] SpeckleUnity.Conversions::ToPoints(System.Collections.Generic.IEnumerable[Double])</Name>
              <FileRef uid="7" />
              <SequencePoints>
                <SequencePoint vc="0" uspid="219" ordinal="0" offset="0" sl="53" sc="0" el="53" ec="0" bec="0" bev="0" fileid="7" />
                <SequencePoint vc="0" uspid="220" ordinal="0" offset="1" sl="54" sc="0" el="54" ec="0" bec="0" bev="0" fileid="7" />
                <SequencePoint vc="0" uspid="221" ordinal="0" offset="16" sl="54" sc="0" el="54" ec="0" bec="0" bev="0" fileid="7" />
                <SequencePoint vc="0" uspid="222" ordinal="0" offset="27" sl="56" sc="0" el="56" ec="0" bec="0" bev="0" fileid="7" />
                <SequencePoint vc="0" uspid="223" ordinal="0" offset="41" sl="57" sc="0" el="57" ec="0" bec="0" bev="0" fileid="7" />
                <SequencePoint vc="0" uspid="224" ordinal="0" offset="48" sl="58" sc="0" el="58" ec="0" bec="0" bev="0" fileid="7" />
                <SequencePoint vc="0" uspid="225" ordinal="0" offset="50" sl="58" sc="0" el="58" ec="0" bec="0" bev="0" fileid="7" />
                <SequencePoint vc="0" uspid="226" ordinal="0" offset="55" sl="59" sc="0" el="59" ec="0" bec="0" bev="0" fileid="7" />
                <SequencePoint vc="0" uspid="227" ordinal="0" offset="86" sl="58" sc="0" el="58" ec="0" bec="0" bev="0" fileid="7" />
                <SequencePoint vc="0" uspid="228" ordinal="0" offset="90" sl="58" sc="0" el="58" ec="0" bec="0" bev="0" fileid="7" />
                <SequencePoint vc="0" uspid="229" ordinal="0" offset="105" sl="61" sc="0" el="61" ec="0" bec="0" bev="0" fileid="7" />
                <SequencePoint vc="0" uspid="230" ordinal="0" offset="110" sl="62" sc="0" el="62" ec="0" bec="0" bev="0" fileid="7" />
              </SequencePoints>
              <BranchPoints />
            </Method>
            <Method visited="false" cyclomaticComplexity="0" nPathComplexity="0" sequenceCoverage="0.0" branchCoverage="0" crapScore="0" isConstructor="false" isStatic="true" isGetter="false" isSetter="false">
              <Summary numSequencePoints="0" visitedSequencePoints="0" numBranchPoints="0" visitedBranchPoints="0" sequenceCoverage="0.0" branchCoverage="0" maxCyclomaticComplexity="0" minCyclomaticComplexity="0" maxCrapScore="0" minCrapScore="0" visitedClasses="0" numClasses="0" visitedMethods="0" numMethods="0" />
              <MetadataToken>100663341</MetadataToken>
              <Name>static SpeckleCoreGeometryClasses.SpeckleNumber SpeckleUnity.Conversions::ToSpeckle(SpeckleUnity.SpeckleUnityNumber)</Name>
              <FileRef uid="7" />
              <SequencePoints>
                <SequencePoint vc="0" uspid="231" ordinal="0" offset="0" sl="76" sc="0" el="76" ec="0" bec="0" bev="0" fileid="7" />
                <SequencePoint vc="0" uspid="232" ordinal="0" offset="1" sl="77" sc="0" el="77" ec="0" bec="0" bev="0" fileid="7" />
                <SequencePoint vc="0" uspid="233" ordinal="0" offset="15" sl="78" sc="0" el="78" ec="0" bec="0" bev="0" fileid="7" />
                <SequencePoint vc="0" uspid="234" ordinal="0" offset="19" sl="79" sc="0" el="79" ec="0" bec="0" bev="0" fileid="7" />
              </SequencePoints>
              <BranchPoints />
            </Method>
            <Method visited="false" cyclomaticComplexity="0" nPathComplexity="0" sequenceCoverage="0.0" branchCoverage="0" crapScore="0" isConstructor="false" isStatic="true" isGetter="false" isSetter="false">
              <Summary numSequencePoints="0" visitedSequencePoints="0" numBranchPoints="0" visitedBranchPoints="0" sequenceCoverage="0.0" branchCoverage="0" maxCyclomaticComplexity="0" minCyclomaticComplexity="0" maxCrapScore="0" minCrapScore="0" visitedClasses="0" numClasses="0" visitedMethods="0" numMethods="0" />
              <MetadataToken>100663342</MetadataToken>
              <Name>static SpeckleUnity.SpeckleUnityNumber SpeckleUnity.Conversions::ToNative(SpeckleCoreGeometryClasses.SpeckleNumber)</Name>
              <FileRef uid="7" />
              <SequencePoints>
                <SequencePoint vc="0" uspid="235" ordinal="0" offset="0" sl="87" sc="0" el="87" ec="0" bec="0" bev="0" fileid="7" />
                <SequencePoint vc="0" uspid="236" ordinal="0" offset="1" sl="88" sc="0" el="88" ec="0" bec="0" bev="0" fileid="7" />
                <SequencePoint vc="0" uspid="237" ordinal="0" offset="22" sl="89" sc="0" el="89" ec="0" bec="0" bev="0" fileid="7" />
                <SequencePoint vc="0" uspid="238" ordinal="0" offset="26" sl="90" sc="0" el="90" ec="0" bec="0" bev="0" fileid="7" />
              </SequencePoints>
              <BranchPoints />
            </Method>
            <Method visited="false" cyclomaticComplexity="0" nPathComplexity="0" sequenceCoverage="0.0" branchCoverage="0" crapScore="0" isConstructor="false" isStatic="true" isGetter="false" isSetter="false">
              <Summary numSequencePoints="0" visitedSequencePoints="0" numBranchPoints="0" visitedBranchPoints="0" sequenceCoverage="0.0" branchCoverage="0" maxCyclomaticComplexity="0" minCyclomaticComplexity="0" maxCrapScore="0" minCrapScore="0" visitedClasses="0" numClasses="0" visitedMethods="0" numMethods="0" />
              <MetadataToken>100663343</MetadataToken>
              <Name>static System.String SpeckleUnity.Conversions::ToNative(SpeckleCoreGeometryClasses.SpeckleString)</Name>
              <FileRef uid="7" />
              <SequencePoints>
                <SequencePoint vc="0" uspid="239" ordinal="0" offset="0" sl="98" sc="0" el="98" ec="0" bec="0" bev="0" fileid="7" />
                <SequencePoint vc="0" uspid="240" ordinal="0" offset="1" sl="99" sc="0" el="99" ec="0" bec="0" bev="0" fileid="7" />
                <SequencePoint vc="0" uspid="241" ordinal="0" offset="8" sl="100" sc="0" el="100" ec="0" bec="0" bev="0" fileid="7" />
                <SequencePoint vc="0" uspid="242" ordinal="0" offset="12" sl="101" sc="0" el="101" ec="0" bec="0" bev="0" fileid="7" />
              </SequencePoints>
              <BranchPoints />
            </Method>
            <Method visited="false" cyclomaticComplexity="0" nPathComplexity="0" sequenceCoverage="0.0" branchCoverage="0" crapScore="0" isConstructor="false" isStatic="true" isGetter="false" isSetter="false">
              <Summary numSequencePoints="0" visitedSequencePoints="0" numBranchPoints="0" visitedBranchPoints="0" sequenceCoverage="0.0" branchCoverage="0" maxCyclomaticComplexity="0" minCyclomaticComplexity="0" maxCrapScore="0" minCrapScore="0" visitedClasses="0" numClasses="0" visitedMethods="0" numMethods="0" />
              <MetadataToken>100663344</MetadataToken>
              <Name>static SpeckleCoreGeometryClasses.SpecklePoint SpeckleUnity.Conversions::ToSpeckle(SpeckleUnity.SpeckleUnityPoint)</Name>
              <FileRef uid="7" />
              <SequencePoints>
                <SequencePoint vc="0" uspid="243" ordinal="0" offset="0" sl="109" sc="0" el="109" ec="0" bec="0" bev="0" fileid="7" />
                <SequencePoint vc="0" uspid="244" ordinal="0" offset="1" sl="110" sc="0" el="110" ec="0" bec="0" bev="0" fileid="7" />
                <SequencePoint vc="0" uspid="245" ordinal="0" offset="8" sl="113" sc="0" el="113" ec="0" bec="0" bev="0" fileid="7" />
                <SequencePoint vc="0" uspid="246" ordinal="0" offset="39" sl="114" sc="0" el="114" ec="0" bec="0" bev="0" fileid="7" />
              </SequencePoints>
              <BranchPoints />
            </Method>
            <Method visited="false" cyclomaticComplexity="0" nPathComplexity="0" sequenceCoverage="0.0" branchCoverage="0" crapScore="0" isConstructor="false" isStatic="true" isGetter="false" isSetter="false">
              <Summary numSequencePoints="0" visitedSequencePoints="0" numBranchPoints="0" visitedBranchPoints="0" sequenceCoverage="0.0" branchCoverage="0" maxCyclomaticComplexity="0" minCyclomaticComplexity="0" maxCrapScore="0" minCrapScore="0" visitedClasses="0" numClasses="0" visitedMethods="0" numMethods="0" />
              <MetadataToken>100663345</MetadataToken>
              <Name>static SpeckleUnity.SpeckleUnityPoint SpeckleUnity.Conversions::ToNative(SpeckleCoreGeometryClasses.SpecklePoint)</Name>
              <FileRef uid="7" />
              <SequencePoints>
                <SequencePoint vc="0" uspid="247" ordinal="0" offset="0" sl="122" sc="0" el="122" ec="0" bec="0" bev="0" fileid="7" />
                <SequencePoint vc="0" uspid="248" ordinal="0" offset="1" sl="123" sc="0" el="123" ec="0" bec="0" bev="0" fileid="7" />
                <SequencePoint vc="0" uspid="249" ordinal="0" offset="13" sl="125" sc="0" el="125" ec="0" bec="0" bev="0" fileid="7" />
                <SequencePoint vc="0" uspid="250" ordinal="0" offset="30" sl="126" sc="0" el="126" ec="0" bec="0" bev="0" fileid="7" />
                <SequencePoint vc="0" uspid="251" ordinal="0" offset="45" sl="127" sc="0" el="127" ec="0" bec="0" bev="0" fileid="7" />
              </SequencePoints>
              <BranchPoints />
            </Method>
            <Method visited="false" cyclomaticComplexity="0" nPathComplexity="0" sequenceCoverage="0.0" branchCoverage="0" crapScore="0" isConstructor="false" isStatic="true" isGetter="false" isSetter="false">
              <Summary numSequencePoints="0" visitedSequencePoints="0" numBranchPoints="0" visitedBranchPoints="0" sequenceCoverage="0.0" branchCoverage="0" maxCyclomaticComplexity="0" minCyclomaticComplexity="0" maxCrapScore="0" minCrapScore="0" visitedClasses="0" numClasses="0" visitedMethods="0" numMethods="0" />
              <MetadataToken>100663346</MetadataToken>
              <Name>static SpeckleUnity.SpeckleUnityPolyline SpeckleUnity.Conversions::ToNative(SpeckleCoreGeometryClasses.SpeckleLine)</Name>
              <FileRef uid="7" />
              <SequencePoints>
                <SequencePoint vc="0" uspid="252" ordinal="0" offset="0" sl="135" sc="0" el="135" ec="0" bec="0" bev="0" fileid="7" />
                <SequencePoint vc="0" uspid="253" ordinal="0" offset="1" sl="136" sc="0" el="136" ec="0" bec="0" bev="0" fileid="7" />
                <SequencePoint vc="0" uspid="254" ordinal="0" offset="13" sl="138" sc="0" el="138" ec="0" bec="0" bev="0" fileid="7" />
                <SequencePoint vc="0" uspid="255" ordinal="0" offset="38" sl="139" sc="0" el="139" ec="0" bec="0" bev="0" fileid="7" />
              </SequencePoints>
              <BranchPoints />
            </Method>
            <Method visited="false" cyclomaticComplexity="0" nPathComplexity="0" sequenceCoverage="0.0" branchCoverage="0" crapScore="0" isConstructor="false" isStatic="true" isGetter="false" isSetter="false">
              <Summary numSequencePoints="0" visitedSequencePoints="0" numBranchPoints="0" visitedBranchPoints="0" sequenceCoverage="0.0" branchCoverage="0" maxCyclomaticComplexity="0" minCyclomaticComplexity="0" maxCrapScore="0" minCrapScore="0" visitedClasses="0" numClasses="0" visitedMethods="0" numMethods="0" />
              <MetadataToken>100663347</MetadataToken>
              <Name>static SpeckleUnity.SpeckleUnityPolyline SpeckleUnity.Conversions::ToNative(SpeckleCoreGeometryClasses.SpecklePolyline)</Name>
              <FileRef uid="7" />
              <SequencePoints>
                <SequencePoint vc="0" uspid="256" ordinal="0" offset="0" sl="147" sc="0" el="147" ec="0" bec="0" bev="0" fileid="7" />
                <SequencePoint vc="0" uspid="257" ordinal="0" offset="1" sl="148" sc="0" el="148" ec="0" bec="0" bev="0" fileid="7" />
                <SequencePoint vc="0" uspid="258" ordinal="0" offset="13" sl="150" sc="0" el="150" ec="0" bec="0" bev="0" fileid="7" />
                <SequencePoint vc="0" uspid="259" ordinal="0" offset="38" sl="151" sc="0" el="151" ec="0" bec="0" bev="0" fileid="7" />
              </SequencePoints>
              <BranchPoints />
            </Method>
            <Method visited="false" cyclomaticComplexity="0" nPathComplexity="0" sequenceCoverage="0.0" branchCoverage="0" crapScore="0" isConstructor="false" isStatic="true" isGetter="false" isSetter="false">
              <Summary numSequencePoints="0" visitedSequencePoints="0" numBranchPoints="0" visitedBranchPoints="0" sequenceCoverage="0.0" branchCoverage="0" maxCyclomaticComplexity="0" minCyclomaticComplexity="0" maxCrapScore="0" minCrapScore="0" visitedClasses="0" numClasses="0" visitedMethods="0" numMethods="0" />
              <MetadataToken>100663348</MetadataToken>
              <Name>static SpeckleUnity.SpeckleUnityPolyline SpeckleUnity.Conversions::ToNative(SpeckleCoreGeometryClasses.SpeckleCurve)</Name>
              <FileRef uid="7" />
              <SequencePoints>
                <SequencePoint vc="0" uspid="260" ordinal="0" offset="0" sl="159" sc="0" el="159" ec="0" bec="0" bev="0" fileid="7" />
                <SequencePoint vc="0" uspid="261" ordinal="0" offset="1" sl="160" sc="0" el="160" ec="0" bec="0" bev="0" fileid="7" />
                <SequencePoint vc="0" uspid="262" ordinal="0" offset="13" sl="162" sc="0" el="162" ec="0" bec="0" bev="0" fileid="7" />
                <SequencePoint vc="0" uspid="263" ordinal="0" offset="43" sl="163" sc="0" el="163" ec="0" bec="0" bev="0" fileid="7" />
              </SequencePoints>
              <BranchPoints />
            </Method>
            <Method visited="false" cyclomaticComplexity="0" nPathComplexity="0" sequenceCoverage="0.0" branchCoverage="0" crapScore="0" isConstructor="false" isStatic="true" isGetter="false" isSetter="false">
              <Summary numSequencePoints="0" visitedSequencePoints="0" numBranchPoints="0" visitedBranchPoints="0" sequenceCoverage="0.0" branchCoverage="0" maxCyclomaticComplexity="0" minCyclomaticComplexity="0" maxCrapScore="0" minCrapScore="0" visitedClasses="0" numClasses="0" visitedMethods="0" numMethods="0" />
              <MetadataToken>100663349</MetadataToken>
              <Name>static SpeckleUnity.SpeckleUnityMesh SpeckleUnity.Conversions::ToNative(SpeckleCoreGeometryClasses.SpeckleMesh)</Name>
              <FileRef uid="7" />
              <SequencePoints>
                <SequencePoint vc="0" uspid="264" ordinal="0" offset="0" sl="172" sc="0" el="172" ec="0" bec="0" bev="0" fileid="7" />
                <SequencePoint vc="0" uspid="265" ordinal="0" offset="1" sl="173" sc="0" el="173" ec="0" bec="0" bev="0" fileid="7" />
                <SequencePoint vc="0" uspid="266" ordinal="0" offset="13" sl="176" sc="0" el="176" ec="0" bec="0" bev="0" fileid="7" />
                <SequencePoint vc="0" uspid="267" ordinal="0" offset="19" sl="177" sc="0" el="177" ec="0" bec="0" bev="0" fileid="7" />
                <SequencePoint vc="0" uspid="268" ordinal="0" offset="26" sl="179" sc="0" el="179" ec="0" bec="0" bev="0" fileid="7" />
                <SequencePoint vc="0" uspid="269" ordinal="0" offset="27" sl="180" sc="0" el="180" ec="0" bec="0" bev="0" fileid="7" />
                <SequencePoint vc="0" uspid="270" ordinal="0" offset="46" sl="181" sc="0" el="181" ec="0" bec="0" bev="0" fileid="7" />
                <SequencePoint vc="0" uspid="271" ordinal="0" offset="47" sl="183" sc="0" el="183" ec="0" bec="0" bev="0" fileid="7" />
                <SequencePoint vc="0" uspid="272" ordinal="0" offset="68" sl="184" sc="0" el="184" ec="0" bec="0" bev="0" fileid="7" />
                <SequencePoint vc="0" uspid="273" ordinal="0" offset="89" sl="185" sc="0" el="185" ec="0" bec="0" bev="0" fileid="7" />
                <SequencePoint vc="0" uspid="274" ordinal="0" offset="110" sl="186" sc="0" el="186" ec="0" bec="0" bev="0" fileid="7" />
                <SequencePoint vc="0" uspid="275" ordinal="0" offset="114" sl="187" sc="0" el="187" ec="0" bec="0" bev="0" fileid="7" />
                <SequencePoint vc="0" uspid="276" ordinal="0" offset="120" sl="189" sc="0" el="189" ec="0" bec="0" bev="0" fileid="7" />
                <SequencePoint vc="0" uspid="277" ordinal="0" offset="121" sl="191" sc="0" el="191" ec="0" bec="0" bev="0" fileid="7" />
                <SequencePoint vc="0" uspid="278" ordinal="0" offset="142" sl="192" sc="0" el="192" ec="0" bec="0" bev="0" fileid="7" />
                <SequencePoint vc="0" uspid="279" ordinal="0" offset="163" sl="193" sc="0" el="193" ec="0" bec="0" bev="0" fileid="7" />
                <SequencePoint vc="0" uspid="280" ordinal="0" offset="184" sl="195" sc="0" el="195" ec="0" bec="0" bev="0" fileid="7" />
                <SequencePoint vc="0" uspid="281" ordinal="0" offset="205" sl="196" sc="0" el="196" ec="0" bec="0" bev="0" fileid="7" />
                <SequencePoint vc="0" uspid="282" ordinal="0" offset="226" sl="197" sc="0" el="197" ec="0" bec="0" bev="0" fileid="7" />
                <SequencePoint vc="0" uspid="283" ordinal="0" offset="247" sl="199" sc="0" el="199" ec="0" bec="0" bev="0" fileid="7" />
                <SequencePoint vc="0" uspid="284" ordinal="0" offset="251" sl="200" sc="0" el="200" ec="0" bec="0" bev="0" fileid="7" />
                <SequencePoint vc="0" uspid="285" ordinal="0" offset="252" sl="201" sc="0" el="201" ec="0" bec="0" bev="0" fileid="7" />
                <SequencePoint vc="0" uspid="286" ordinal="0" offset="253" sl="178" sc="0" el="178" ec="0" bec="0" bev="0" fileid="7" />
                <SequencePoint vc="0" uspid="287" ordinal="0" offset="276" sl="203" sc="0" el="203" ec="0" bec="0" bev="0" fileid="7" />
                <SequencePoint vc="0" uspid="288" ordinal="0" offset="305" sl="205" sc="0" el="205" ec="0" bec="0" bev="0" fileid="7" />
                <SequencePoint vc="0" uspid="289" ordinal="0" offset="310" sl="206" sc="0" el="206" ec="0" bec="0" bev="0" fileid="7" />
              </SequencePoints>
              <BranchPoints />
            </Method>
            <Method visited="false" cyclomaticComplexity="0" nPathComplexity="0" sequenceCoverage="0.0" branchCoverage="0" crapScore="0" isConstructor="false" isStatic="true" isGetter="false" isSetter="false">
              <Summary numSequencePoints="0" visitedSequencePoints="0" numBranchPoints="0" visitedBranchPoints="0" sequenceCoverage="0.0" branchCoverage="0" maxCyclomaticComplexity="0" minCyclomaticComplexity="0" maxCrapScore="0" minCrapScore="0" visitedClasses="0" numClasses="0" visitedMethods="0" numMethods="0" />
              <MetadataToken>100663350</MetadataToken>
              <Name>static SpeckleUnity.SpeckleUnityMesh SpeckleUnity.Conversions::ToNative(SpeckleCoreGeometryClasses.SpeckleBrep)</Name>
              <FileRef uid="7" />
              <SequencePoints>
                <SequencePoint vc="0" uspid="290" ordinal="0" offset="0" sl="214" sc="0" el="214" ec="0" bec="0" bev="0" fileid="7" />
                <SequencePoint vc="0" uspid="291" ordinal="0" offset="1" sl="215" sc="0" el="215" ec="0" bec="0" bev="0" fileid="7" />
                <SequencePoint vc="0" uspid="292" ordinal="0" offset="8" sl="216" sc="0" el="216" ec="0" bec="0" bev="0" fileid="7" />
                <SequencePoint vc="0" uspid="293" ordinal="0" offset="17" sl="217" sc="0" el="217" ec="0" bec="0" bev="0" fileid="7" />
              </SequencePoints>
              <BranchPoints />
            </Method>
[...]
                <SequencePoint vc="1" uspid="476" ordinal="0" offset="241" sl="135" sc="4" el="135" ec="4" bec="0" bev="0" fileid="8" />
                <SequencePoint vc="0" uspid="477" ordinal="0" offset="264" sl="136" sc="4" el="136" ec="4" bec="0" bev="0" fileid="8" />
                <SequencePoint vc="0" uspid="478" ordinal="0" offset="265" sl="137" sc="5" el="137" ec="5" bec="0" bev="0" fileid="8" />
                <SequencePoint vc="0" uspid="479" ordinal="0" offset="302" sl="138" sc="5" el="138" ec="5" bec="0" bev="0" fileid="8" />
                <SequencePoint vc="0" uspid="480" ordinal="0" offset="303" sl="139" sc="6" el="139" ec="6" bec="0" bev="0" fileid="8" />
                <SequencePoint vc="0" uspid="481" ordinal="0" offset="339" sl="139" sc="6" el="139" ec="6" bec="0" bev="0" fileid="8" />
                <SequencePoint vc="0" uspid="482" ordinal="0" offset="368" sl="139" sc="6" el="139" ec="6" bec="0" bev="0" fileid="8" />
                <SequencePoint vc="0" uspid="483" ordinal="0" offset="405" sl="140" sc="5" el="140" ec="5" bec="0" bev="0" fileid="8" />
                <SequencePoint vc="0" uspid="484" ordinal="0" offset="408" sl="142" sc="5" el="142" ec="5" bec="0" bev="0" fileid="8" />
                <SequencePoint vc="0" uspid="485" ordinal="0" offset="409" sl="143" sc="6" el="143" ec="6" bec="0" bev="0" fileid="8" />
                <SequencePoint vc="0" uspid="486" ordinal="0" offset="420" sl="144" sc="5" el="144" ec="5" bec="0" bev="0" fileid="8" />
                <SequencePoint vc="0" uspid="487" ordinal="0" offset="421" sl="145" sc="4" el="145" ec="4" bec="0" bev="0" fileid="8" />
                <SequencePoint vc="1" uspid="488" ordinal="0" offset="450" sl="146" sc="3" el="146" ec="3" bec="0" bev="0" fileid="8" />
              </SequencePoints>
              <BranchPoints />
            </Method>
          </Methods>
        </Class>
        <Class>
          <Summary numSequencePoints="0" visitedSequencePoints="0" numBranchPoints="0" visitedBranchPoints="0" sequenceCoverage="0" branchCoverage="0" maxCyclomaticComplexity="0" minCyclomaticComplexity="0" maxCrapScore="0" minCrapScore="0" visitedClasses="0" numClasses="0" visitedMethods="0" numMethods="0" />
          <FullName>SpeckleUnity.SpeckleUnityManager/&lt;LoginAsync&gt;d__19</FullName>
          <Methods>
            <Method visited="true" cyclomaticComplexity="0" nPathComplexity="0" sequenceCoverage="26.3" branchCoverage="0" crapScore="0" isConstructor="false" isStatic="false" isGetter="false" isSetter="false">
              <Summary numSequencePoints="0" visitedSequencePoints="0" numBranchPoints="0" visitedBranchPoints="0" sequenceCoverage="26.3" branchCoverage="0" maxCyclomaticComplexity="0" minCyclomaticComplexity="0" maxCrapScore="0" minCrapScore="0" visitedClasses="0" numClasses="0" visitedMethods="0" numMethods="0" />
              <MetadataToken>100663394</MetadataToken>
              <Name>System.Void SpeckleUnity.SpeckleUnityManager/&lt;LoginAsync&gt;d__19::MoveNext()</Name>
              <FileRef uid="8" />
              <SequencePoints>
                <SequencePoint vc="8" uspid="489" ordinal="0" offset="17" sl="168" sc="3" el="168" ec="3" bec="0" bev="0" fileid="8" />
                <SequencePoint vc="8" uspid="490" ordinal="0" offset="18" sl="169" sc="4" el="169" ec="4" bec="0" bev="0" fileid="8" />
                <SequencePoint vc="8" uspid="491" ordinal="0" offset="46" sl="171" sc="4" el="171" ec="4" bec="0" bev="0" fileid="8" />
                <SequencePoint vc="8" uspid="492" ordinal="0" offset="83" sl="173" sc="4" el="173" ec="4" bec="0" bev="0" fileid="8" />
                <SequencePoint vc="7" uspid="493" ordinal="0" offset="124" sl="173" sc="4" el="173" ec="4" bec="0" bev="0" fileid="8" />
                <SequencePoint vc="0" uspid="494" ordinal="0" offset="154" sl="173" sc="4" el="173" ec="4" bec="0" bev="0" fileid="8" />
                <SequencePoint vc="0" uspid="495" ordinal="0" offset="214" sl="175" sc="4" el="175" ec="4" bec="0" bev="0" fileid="8" />
                <SequencePoint vc="0" uspid="496" ordinal="0" offset="225" sl="177" sc="4" el="177" ec="4" bec="0" bev="0" fileid="8" />
                <SequencePoint vc="0" uspid="497" ordinal="0" offset="238" sl="178" sc="4" el="178" ec="4" bec="0" bev="0" fileid="8" />
                <SequencePoint vc="0" uspid="498" ordinal="0" offset="239" sl="179" sc="5" el="179" ec="5" bec="0" bev="0" fileid="8" />
                <SequencePoint vc="0" uspid="499" ordinal="0" offset="250" sl="180" sc="5" el="180" ec="5" bec="0" bev="0" fileid="8" />
                <SequencePoint vc="0" uspid="500" ordinal="0" offset="269" sl="181" sc="4" el="181" ec="4" bec="0" bev="0" fileid="8" />
                <SequencePoint vc="0" uspid="501" ordinal="0" offset="272" sl="183" sc="4" el="183" ec="4" bec="0" bev="0" fileid="8" />
                <SequencePoint vc="0" uspid="502" ordinal="0" offset="273" sl="184" sc="5" el="184" ec="5" bec="0" bev="0" fileid="8" />
                <SequencePoint vc="0" uspid="503" ordinal="0" offset="295" sl="185" sc="5" el="185" ec="5" bec="0" bev="0" fileid="8" />
                <SequencePoint vc="0" uspid="504" ordinal="0" offset="348" sl="187" sc="5" el="187" ec="5" bec="0" bev="0" fileid="8" />
                <SequencePoint vc="0" uspid="505" ordinal="0" offset="367" sl="189" sc="5" el="189" ec="5" bec="0" bev="0" fileid="8" />
                <SequencePoint vc="0" uspid="506" ordinal="0" offset="396" sl="190" sc="4" el="190" ec="4" bec="0" bev="0" fileid="8" />
                <SequencePoint vc="0" uspid="507" ordinal="0" offset="425" sl="191" sc="3" el="191" ec="3" bec="0" bev="0" fileid="8" />
              </SequencePoints>
              <BranchPoints />
            </Method>
          </Methods>
        </Class>
        <Class>
          <Summary numSequencePoints="0" visitedSequencePoints="0" numBranchPoints="0" visitedBranchPoints="0" sequenceCoverage="0" branchCoverage="0" maxCyclomaticComplexity="0" minCyclomaticComplexity="0" maxCrapScore="0" minCrapScore="0" visitedClasses="0" numClasses="0" visitedMethods="0" numMethods="0" />
          <FullName>SpeckleUnity.SpeckleUnityManager/&lt;GetAllProjectMetaDataForUserAsync&gt;d__21</FullName>
          <Methods>
            <Method visited="true" cyclomaticComplexity="0" nPathComplexity="0" sequenceCoverage="20.0" branchCoverage="0" crapScore="0" isConstructor="false" isStatic="false" isGetter="false" isSetter="false">
              <Summary numSequencePoints="0" visitedSequencePoints="0" numBranchPoints="0" visitedBranchPoints="0" sequenceCoverage="20.0" branchCoverage="0" maxCyclomaticComplexity="0" minCyclomaticComplexity="0" maxCrapScore="0" minCrapScore="0" visitedClasses="0" numClasses="0" visitedMethods="0" numMethods="0" />
              <MetadataToken>100663397</MetadataToken>
              <Name>System.Void SpeckleUnity.SpeckleUnityManager/&lt;GetAllProjectMetaDataForUserAsync&gt;d__21::MoveNext()</Name>
              <FileRef uid="8" />
              <SequencePoints>
                <SequencePoint vc="1" uspid="508" ordinal="0" offset="17" sl="211" sc="3" el="211" ec="3" bec="0" bev="0" fileid="8" />
                <SequencePoint vc="1" uspid="509" ordinal="0" offset="18" sl="212" sc="4" el="212" ec="4" bec="0" bev="0" fileid="8" />
                <SequencePoint vc="1" uspid="510" ordinal="0" offset="36" sl="213" sc="4" el="213" ec="4" bec="0" bev="0" fileid="8" />
                <SequencePoint vc="1" uspid="511" ordinal="0" offset="37" sl="214" sc="5" el="214" ec="5" bec="0" bev="0" fileid="8" />
                <SequencePoint vc="0" uspid="512" ordinal="0" offset="48" sl="217" sc="4" el="217" ec="4" bec="0" bev="0" fileid="8" />
                <SequencePoint vc="0" uspid="513" ordinal="0" offset="76" sl="218" sc="4" el="218" ec="4" bec="0" bev="0" fileid="8" />
                <SequencePoint vc="0" uspid="514" ordinal="0" offset="104" sl="220" sc="4" el="220" ec="4" bec="0" bev="0" fileid="8" />
                <SequencePoint vc="0" uspid="515" ordinal="0" offset="139" sl="220" sc="4" el="220" ec="4" bec="0" bev="0" fileid="8" />
                <SequencePoint vc="0" uspid="516" ordinal="0" offset="169" sl="220" sc="4" el="220" ec="4" bec="0" bev="0" fileid="8" />
                <SequencePoint vc="0" uspid="517" ordinal="0" offset="229" sl="222" sc="4" el="222" ec="4" bec="0" bev="0" fileid="8" />
                <SequencePoint vc="0" uspid="518" ordinal="0" offset="244" sl="223" sc="4" el="223" ec="4" bec="0" bev="0" fileid="8" />
                <SequencePoint vc="0" uspid="519" ordinal="0" offset="245" sl="224" sc="5" el="224" ec="5" bec="0" bev="0" fileid="8" />
                <SequencePoint vc="0" uspid="520" ordinal="0" offset="256" sl="226" sc="5" el="226" ec="5" bec="0" bev="0" fileid="8" />
                <SequencePoint vc="0" uspid="521" ordinal="0" offset="275" sl="227" sc="4" el="227" ec="4" bec="0" bev="0" fileid="8" />
                <SequencePoint vc="0" uspid="522" ordinal="0" offset="278" sl="229" sc="4" el="229" ec="4" bec="0" bev="0" fileid="8" />
                <SequencePoint vc="0" uspid="523" ordinal="0" offset="279" sl="230" sc="5" el="230" ec="5" bec="0" bev="0" fileid="8" />
                <SequencePoint vc="0" uspid="524" ordinal="0" offset="296" sl="232" sc="5" el="232" ec="5" bec="0" bev="0" fileid="8" />
                <SequencePoint vc="0" uspid="525" ordinal="0" offset="333" sl="234" sc="5" el="234" ec="5" bec="0" bev="0" fileid="8" />
                <SequencePoint vc="0" uspid="526" ordinal="0" offset="362" sl="235" sc="4" el="235" ec="4" bec="0" bev="0" fileid="8" />
                <SequencePoint vc="0" uspid="527" ordinal="0" offset="398" sl="236" sc="3" el="236" ec="3" bec="0" bev="0" fileid="8" />
              </SequencePoints>
              <BranchPoints />
            </Method>
          </Methods>
        </Class>
        <Class>
          <Summary numSequencePoints="0" visitedSequencePoints="0" numBranchPoints="0" visitedBranchPoints="0" sequenceCoverage="0" branchCoverage="0" maxCyclomaticComplexity="0" minCyclomaticComplexity="0" maxCrapScore="0" minCrapScore="0" visitedClasses="0" numClasses="0" visitedMethods="0" numMethods="0" />
          <FullName>SpeckleUnity.SpeckleUnityManager/&lt;GetAllStreamMetaDataForUserAsync&gt;d__22</FullName>
          <Methods>
            <Method visited="true" cyclomaticComplexity="0" nPathComplexity="0" sequenceCoverage="20.0" branchCoverage="0" crapScore="0" isConstructor="false" isStatic="false" isGetter="false" isSetter="false">
              <Summary numSequencePoints="0" visitedSequencePoints="0" numBranchPoints="0" visitedBranchPoints="0" sequenceCoverage="20.0" branchCoverage="0" maxCyclomaticComplexity="0" minCyclomaticComplexity="0" maxCrapScore="0" minCrapScore="0" visitedClasses="0" numClasses="0" visitedMethods="0" numMethods="0" />
              <MetadataToken>100663400</MetadataToken>
              <Name>System.Void SpeckleUnity.SpeckleUnityManager/&lt;GetAllStreamMetaDataForUserAsync&gt;d__22::MoveNext()</Name>
              <FileRef uid="8" />
              <SequencePoints>
                <SequencePoint vc="1" uspid="528" ordinal="0" offset="17" sl="248" sc="3" el="248" ec="3" bec="0" bev="0" fileid="8" />
                <SequencePoint vc="1" uspid="529" ordinal="0" offset="18" sl="249" sc="4" el="249" ec="4" bec="0" bev="0" fileid="8" />
                <SequencePoint vc="1" uspid="530" ordinal="0" offset="36" sl="250" sc="4" el="250" ec="4" bec="0" bev="0" fileid="8" />
                <SequencePoint vc="1" uspid="531" ordinal="0" offset="37" sl="251" sc="5" el="251" ec="5" bec="0" bev="0" fileid="8" />
                <SequencePoint vc="0" uspid="532" ordinal="0" offset="48" sl="254" sc="4" el="254" ec="4" bec="0" bev="0" fileid="8" />
                <SequencePoint vc="0" uspid="533" ordinal="0" offset="76" sl="255" sc="4" el="255" ec="4" bec="0" bev="0" fileid="8" />
                <SequencePoint vc="0" uspid="534" ordinal="0" offset="104" sl="257" sc="4" el="257" ec="4" bec="0" bev="0" fileid="8" />
                <SequencePoint vc="0" uspid="535" ordinal="0" offset="140" sl="257" sc="4" el="257" ec="4" bec="0" bev="0" fileid="8" />
                <SequencePoint vc="0" uspid="536" ordinal="0" offset="170" sl="257" sc="4" el="257" ec="4" bec="0" bev="0" fileid="8" />
                <SequencePoint vc="0" uspid="537" ordinal="0" offset="230" sl="259" sc="4" el="259" ec="4" bec="0" bev="0" fileid="8" />
                <SequencePoint vc="0" uspid="538" ordinal="0" offset="245" sl="260" sc="4" el="260" ec="4" bec="0" bev="0" fileid="8" />
                <SequencePoint vc="0" uspid="539" ordinal="0" offset="246" sl="261" sc="5" el="261" ec="5" bec="0" bev="0" fileid="8" />
                <SequencePoint vc="0" uspid="540" ordinal="0" offset="257" sl="263" sc="5" el="263" ec="5" bec="0" bev="0" fileid="8" />
                <SequencePoint vc="0" uspid="541" ordinal="0" offset="276" sl="264" sc="4" el="264" ec="4" bec="0" bev="0" fileid="8" />
                <SequencePoint vc="0" uspid="542" ordinal="0" offset="279" sl="266" sc="4" el="266" ec="4" bec="0" bev="0" fileid="8" />
                <SequencePoint vc="0" uspid="543" ordinal="0" offset="280" sl="267" sc="5" el="267" ec="5" bec="0" bev="0" fileid="8" />
                <SequencePoint vc="0" uspid="544" ordinal="0" offset="297" sl="269" sc="5" el="269" ec="5" bec="0" bev="0" fileid="8" />
                <SequencePoint vc="0" uspid="545" ordinal="0" offset="334" sl="271" sc="5" el="271" ec="5" bec="0" bev="0" fileid="8" />
                <SequencePoint vc="0" uspid="546" ordinal="0" offset="363" sl="272" sc="4" el="272" ec="4" bec="0" bev="0" fileid="8" />
                <SequencePoint vc="0" uspid="547" ordinal="0" offset="399" sl="273" sc="3" el="273" ec="3" bec="0" bev="0" fileid="8" />
              </SequencePoints>
              <BranchPoints />
            </Method>
          </Methods>
        </Class>
        <Class>
          <Summary numSequencePoints="0" visitedSequencePoints="0" numBranchPoints="0" visitedBranchPoints="0" sequenceCoverage="0" branchCoverage="0" maxCyclomaticComplexity="0" minCyclomaticComplexity="0" maxCrapScore="0" minCrapScore="0" visitedClasses="0" numClasses="0" visitedMethods="0" numMethods="0" />
          <FullName>SpeckleUnity.SpeckleUnityManager/&lt;InitializeAllClientsAsync&gt;d__23</FullName>
          <Methods>
            <Method visited="false" cyclomaticComplexity="0" nPathComplexity="0" sequenceCoverage="0.0" branchCoverage="0" crapScore="0" isConstructor="false" isStatic="false" isGetter="false" isSetter="false">
              <Summary numSequencePoints="0" visitedSequencePoints="0" numBranchPoints="0" visitedBranchPoints="0" sequenceCoverage="0.0" branchCoverage="0" maxCyclomaticComplexity="0" minCyclomaticComplexity="0" maxCrapScore="0" minCrapScore="0" visitedClasses="0" numClasses="0" visitedMethods="0" numMethods="0" />
              <MetadataToken>100663403</MetadataToken>
              <Name>System.Void SpeckleUnity.SpeckleUnityManager/&lt;InitializeAllClientsAsync&gt;d__23::MoveNext()</Name>
              <FileRef uid="8" />
              <SequencePoints>
                <SequencePoint vc="0" uspid="548" ordinal="0" offset="17" sl="279" sc="0" el="279" ec="0" bec="0" bev="0" fileid="8" />
                <SequencePoint vc="0" uspid="549" ordinal="0" offset="18" sl="280" sc="0" el="280" ec="0" bec="0" bev="0" fileid="8" />
                <SequencePoint vc="0" uspid="550" ordinal="0" offset="45" sl="282" sc="0" el="282" ec="0" bec="0" bev="0" fileid="8" />
                <SequencePoint vc="0" uspid="551" ordinal="0" offset="54" sl="283" sc="0" el="283" ec="0" bec="0" bev="0" fileid="8" />
                <SequencePoint vc="0" uspid="552" ordinal="0" offset="55" sl="284" sc="0" el="284" ec="0" bec="0" bev="0" fileid="8" />
                <SequencePoint vc="0" uspid="553" ordinal="0" offset="128" sl="285" sc="0" el="285" ec="0" bec="0" bev="0" fileid="8" />
                <SequencePoint vc="0" uspid="554" ordinal="0" offset="129" sl="282" sc="0" el="282" ec="0" bec="0" bev="0" fileid="8" />
                <SequencePoint vc="0" uspid="555" ordinal="0" offset="145" sl="282" sc="0" el="282" ec="0" bec="0" bev="0" fileid="8" />
                <SequencePoint vc="0" uspid="556" ordinal="0" offset="181" sl="288" sc="0" el="288" ec="0" bec="0" bev="0" fileid="8" />
                <SequencePoint vc="0" uspid="557" ordinal="0" offset="182" sl="289" sc="0" el="289" ec="0" bec="0" bev="0" fileid="8" />
                <SequencePoint vc="0" uspid="558" ordinal="0" offset="281" sl="290" sc="0" el="290" ec="0" bec="0" bev="0" fileid="8" />
                <SequencePoint vc="0" uspid="559" ordinal="0" offset="284" sl="291" sc="0" el="291" ec="0" bec="0" bev="0" fileid="8" />
                <SequencePoint vc="0" uspid="560" ordinal="0" offset="285" sl="292" sc="0" el="292" ec="0" bec="0" bev="0" fileid="8" />
                <SequencePoint vc="0" uspid="561" ordinal="0" offset="286" sl="293" sc="0" el="293" ec="0" bec="0" bev="0" fileid="8" />
                <SequencePoint vc="0" uspid="562" ordinal="0" offset="316" sl="295" sc="0" el="295" ec="0" bec="0" bev="0" fileid="8" />
              </SequencePoints>
              <BranchPoints />
            </Method>
          </Methods>
        </Class>
        <Class>
          <Summary numSequencePoints="0" visitedSequencePoints="0" numBranchPoints="0" visitedBranchPoints="0" sequenceCoverage="0" branchCoverage="0" maxCyclomaticComplexity="0" minCyclomaticComplexity="0" maxCrapScore="0" minCrapScore="0" visitedClasses="0" numClasses="0" visitedMethods="0" numMethods="0" />
          <FullName>SpeckleUnity.SpeckleUnityManager/&lt;AddReceiverAsync&gt;d__25</FullName>
          <Methods>
            <Method visited="true" cyclomaticComplexity="0" nPathComplexity="0" sequenceCoverage="75.0" branchCoverage="0" crapScore="0" isConstructor="false" isStatic="false" isGetter="false" isSetter="false">
              <Summary numSequencePoints="0" visitedSequencePoints="0" numBranchPoints="0" visitedBranchPoints="0" sequenceCoverage="75.0" branchCoverage="0" maxCyclomaticComplexity="0" minCyclomaticComplexity="0" maxCrapScore="0" minCrapScore="0" visitedClasses="0" numClasses="0" visitedMethods="0" numMethods="0" />
              <MetadataToken>100663406</MetadataToken>
              <Name>System.Void SpeckleUnity.SpeckleUnityManager/&lt;AddReceiverAsync&gt;d__25::MoveNext()</Name>
              <FileRef uid="8" />
              <SequencePoints>
                <SequencePoint vc="4" uspid="563" ordinal="0" offset="17" sl="319" sc="3" el="319" ec="3" bec="0" bev="0" fileid="8" />
                <SequencePoint vc="4" uspid="564" ordinal="0" offset="18" sl="320" sc="4" el="320" ec="4" bec="0" bev="0" fileid="8" />
                <SequencePoint vc="4" uspid="565" ordinal="0" offset="41" sl="321" sc="4" el="321" ec="4" bec="0" bev="0" fileid="8" />
                <SequencePoint vc="4" uspid="566" ordinal="0" offset="64" sl="323" sc="4" el="323" ec="4" bec="0" bev="0" fileid="8" />
                <SequencePoint vc="2" uspid="567" ordinal="0" offset="77" sl="324" sc="5" el="324" ec="5" bec="0" bev="0" fileid="8" />
                <SequencePoint vc="0" uspid="568" ordinal="0" offset="145" sl="324" sc="5" el="324" ec="5" bec="0" bev="0" fileid="8" />
                <SequencePoint vc="0" uspid="569" ordinal="0" offset="172" sl="324" sc="5" el="324" ec="5" bec="0" bev="0" fileid="8" />
                <SequencePoint vc="2" uspid="570" ordinal="0" offset="236" sl="325" sc="3" el="325" ec="3" bec="0" bev="0" fileid="8" />
              </SequencePoints>
              <BranchPoints />
            </Method>
          </Methods>
        </Class>
      </Classes>
    </Module>
  </Modules>
</CoverageSession>